  Using 'git status' to determine working set for adaptive non-unity build (D:\ue4code\UnrealEngine).
  Creating makefile for NetshootEditor (no existing makefile)
  Creating makefile for UnrealHeaderTool (no existing makefile)
  Parsing headers for NetshootEditor
    Running UnrealHeaderTool "D:\ue4Project\tencentClassProject\Netshoot\Netshoot.uproject" "D:\ue4Project\tencentClassProject\Netshoot\Intermediate\Build\Win64\NetshootEditor\Development\NetshootEditor.uhtmanifest" -LogCmds="loginit warning, logexit warning, logdatabase error" -Unattended -WarningsAsErrors -abslog="D:\ue4code\UnrealEngine\Engine\Programs\UnrealBuildTool\Log_UHT.txt"
  LogInit: Display: Loading text-based GConfig....
  Reflection code generated for NetshootEditor in 35.0349678 seconds
  Building NetshootEditor and ShaderCompileWorker...
  Using Visual Studio 2019 14.29.30136 toolchain (C:\Program Files (x86)\Microsoft Visual Studio\2019\Community\VC\Tools\MSVC\14.29.30133) and Windows 10.0.19041.0 SDK (C:\Program Files (x86)\Windows Kits\10).
  Building 7 actions with 6 processes...
    [1/7] Netshoot.cpp
    [2/7] Netshoot.init.gen.cpp
    [3/7] CustomCreateSessionCallbackProxy.gen.cpp
    [4/7] CustomCreateSessionCallbackProxy.cpp
D:\ue4Project\tencentClassProject\Netshoot\Source\Netshoot\Private\CustomCreateSessionCallbackProxy.cpp(142): warning C4996: 'APlayerState::UniqueId': This member will be made private. Use GetUniqueId or SetUniqueId instead. Please update your code to the new API before upgrading to the next release, otherwise your project will no longer compile.
    [5/7] UE4Editor-Netshoot.lib
      正在创建库 D:\ue4Project\tencentClassProject\Netshoot\Intermediate\Build\Win64\UE4Editor\Development\Netshoot\UE4Editor-Netshoot.lib 和对象 D:\ue4Project\tencentClassProject\Netshoot\Intermediate\Build\Win64\UE4Editor\Development\Netshoot\UE4Editor-Netshoot.exp
    [6/7] UE4Editor-Netshoot.dll
      正在创建库 D:\ue4Project\tencentClassProject\Netshoot\Intermediate\Build\Win64\UE4Editor\Development\Netshoot\UE4Editor-Netshoot.suppressed.lib 和对象 D:\ue4Project\tencentClassProject\Netshoot\Intermediate\Build\Win64\UE4Editor\Development\Netshoot\UE4Editor-Netshoot.suppressed.exp
    [7/7] NetshootEditor.target
  Total time in Parallel executor: 149.77 seconds
  Total execution time: 190.77 seconds
