Log file open, 10/22/21 14:42:27
LogWindows: Failed to load 'aqProf.dll' (GetLastError=126)
LogWindows: File 'aqProf.dll' does not exist
LogWindows: Failed to load 'VtuneApi.dll' (GetLastError=126)
LogWindows: File 'VtuneApi.dll' does not exist
LogWindows: Failed to load 'VtuneApi32e.dll' (GetLastError=126)
LogWindows: File 'VtuneApi32e.dll' does not exist
LogConsoleResponse: Display: Failed to find resolution value strings in scalability ini. Falling back to default.
LogConsoleResponse: Display: Failed to find resolution value strings in scalability ini. Falling back to default.
LogInit: Display: Running engine for game: Netshoot
LogPlatformFile: Not using cached read wrapper
LogTaskGraph: Started task graph with 5 named threads and 17 total threads with 3 sets of task threads.
LogStats: Stats thread started at 0.121236
LogICUInternationalization: ICU TimeZone Detection - Raw Offset: +8:00, Platform Override: ''
LogInit: Display: Loading text-based GConfig....
LogPluginManager: Mounting plugin MeshPainting
LogPluginManager: Mounting plugin XGEController
LogPluginManager: Mounting plugin Paper2D
LogPluginManager: Mounting plugin AISupport
LogPluginManager: Mounting plugin EnvironmentQueryEditor
LogPluginManager: Mounting plugin LiveLink
LogPluginManager: Mounting plugin LightPropagationVolume
LogPluginManager: Mounting plugin CameraShakePreviewer
LogPluginManager: Mounting plugin GameplayCameras
LogPluginManager: Mounting plugin OodleData
LogPluginManager: Mounting plugin OodleNetwork
LogPluginManager: Mounting plugin AnimationSharing
LogPluginManager: Mounting plugin CLionSourceCodeAccess
LogPluginManager: Mounting plugin CodeLiteSourceCodeAccess
LogPluginManager: Mounting plugin GitSourceControl
LogPluginManager: Mounting plugin KDevelopSourceCodeAccess
LogPluginManager: Mounting plugin NullSourceCodeAccess
LogPluginManager: Mounting plugin PerforceSourceControl
LogPluginManager: Mounting plugin PixWinPlugin
LogPluginManager: Mounting plugin PlasticSourceControl
LogPluginManager: Mounting plugin PluginUtils
LogPluginManager: Mounting plugin PropertyAccessNode
LogPluginManager: Mounting plugin RiderSourceCodeAccess
LogPluginManager: Mounting plugin SubversionSourceControl
LogPluginManager: Mounting plugin TextureFormatOodle
LogPluginManager: Mounting plugin UObjectPlugin
LogPluginManager: Mounting plugin VisualStudioCodeSourceCodeAccess
LogPluginManager: Mounting plugin VisualStudioSourceCodeAccess
LogPluginManager: Mounting plugin XCodeSourceCodeAccess
LogPluginManager: Mounting plugin AssetManagerEditor
LogPluginManager: Mounting plugin CryptoKeys
LogPluginManager: Mounting plugin CurveEditorTools
LogPluginManager: Mounting plugin DataValidation
LogPluginManager: Mounting plugin FacialAnimation
LogPluginManager: Mounting plugin GameplayTagsEditor
LogPluginManager: Mounting plugin GeometryMode
LogPluginManager: Mounting plugin MacGraphicsSwitching
LogPluginManager: Mounting plugin MaterialAnalyzer
LogPluginManager: Mounting plugin MobileLauncherProfileWizard
LogPluginManager: Mounting plugin PluginBrowser
LogPluginManager: Mounting plugin SpeedTreeImporter
LogPluginManager: Mounting plugin DatasmithContent
LogPluginManager: Mounting plugin VariantManagerContent
LogPluginManager: Mounting plugin AlembicImporter
LogPluginManager: Mounting plugin AutomationUtils
LogPluginManager: Mounting plugin BackChannel
LogPluginManager: Mounting plugin ChaosCloth
LogPluginManager: Mounting plugin ChaosClothEditor
LogPluginManager: Mounting plugin ChaosEditor
LogPluginManager: Mounting plugin ChaosNiagara
LogPluginManager: Mounting plugin ChaosSolverPlugin
LogPluginManager: Mounting plugin CharacterAI
LogPluginManager: Mounting plugin GeometryCache
LogPluginManager: Mounting plugin GeometryCollectionPlugin
LogPluginManager: Mounting plugin GeometryProcessing
LogPluginManager: Mounting plugin MotoSynth
LogPluginManager: Mounting plugin OpenImageDenoise
LogPluginManager: Mounting plugin PlanarCut
LogPluginManager: Mounting plugin PlatformCrypto
LogPluginManager: Mounting plugin ProxyLODPlugin
LogPluginManager: Mounting plugin PythonScriptPlugin
LogPluginManager: Mounting plugin SkeletalReduction
LogPluginManager: Mounting plugin Niagara
LogPluginManager: Mounting plugin LuminPlatformFeatures
LogPluginManager: Mounting plugin MagicLeap
LogPluginManager: Mounting plugin MagicLeapLightEstimation
LogPluginManager: Mounting plugin MagicLeapMedia
LogPluginManager: Mounting plugin MagicLeapPassableWorld
LogPluginManager: Mounting plugin MLSDK
LogPluginManager: Mounting plugin AndroidMedia
LogPluginManager: Mounting plugin AvfMedia
LogPluginManager: Mounting plugin ImgMedia
LogPluginManager: Mounting plugin MediaCompositing
LogPluginManager: Mounting plugin MediaPlayerEditor
LogPluginManager: Mounting plugin WebMMedia
LogPluginManager: Mounting plugin WmfMedia
LogPluginManager: Mounting plugin TcpMessaging
LogPluginManager: Mounting plugin UdpMessaging
LogPluginManager: Mounting plugin ActorSequence
LogPluginManager: Mounting plugin LevelSequenceEditor
LogPluginManager: Mounting plugin MatineeToLevelSequence
LogPluginManager: Mounting plugin TemplateSequence
LogPluginManager: Mounting plugin OnlineSubsystem
LogPluginManager: Mounting plugin OnlineSubsystemNull
LogPluginManager: Mounting plugin OnlineSubsystemUtils
LogPluginManager: Mounting plugin LauncherChunkInstaller
LogPluginManager: Mounting plugin ActorLayerUtilities
LogPluginManager: Mounting plugin AndroidDeviceProfileSelector
LogPluginManager: Mounting plugin AndroidMoviePlayer
LogPluginManager: Mounting plugin AndroidPermission
LogPluginManager: Mounting plugin AppleImageUtils
LogPluginManager: Mounting plugin AppleMoviePlayer
LogPluginManager: Mounting plugin ArchVisCharacter
LogPluginManager: Mounting plugin AssetTags
LogPluginManager: Mounting plugin AudioCapture
LogPluginManager: Mounting plugin AudioSynesthesia
LogPluginManager: Mounting plugin CableComponent
LogPluginManager: Mounting plugin ChunkDownloader
LogPluginManager: Mounting plugin CustomMeshComponent
LogPluginManager: Mounting plugin EditableMesh
LogPluginManager: Mounting plugin ExampleDeviceProfileSelector
LogPluginManager: Mounting plugin GoogleCloudMessaging
LogPluginManager: Mounting plugin GooglePAD
LogPluginManager: Mounting plugin IOSDeviceProfileSelector
LogPluginManager: Mounting plugin LinuxDeviceProfileSelector
LogPluginManager: Mounting plugin LocationServicesBPLibrary
LogPluginManager: Mounting plugin MobilePatchingUtils
LogPluginManager: Mounting plugin OpenXR
LogPluginManager: Mounting plugin OpenXREyeTracker
LogPluginManager: Mounting plugin OpenXRHandTracking
LogPluginManager: Mounting plugin PhysXVehicles
LogPluginManager: Mounting plugin PostSplashScreen
LogPluginManager: Mounting plugin ProceduralMeshComponent
LogPluginManager: Mounting plugin PropertyAccessEditor
LogPluginManager: Mounting plugin RuntimePhysXCooking
LogPluginManager: Mounting plugin SignificanceManager
LogPluginManager: Mounting plugin SoundFields
LogPluginManager: Mounting plugin Synthesis
LogPluginManager: Mounting plugin WebMMoviePlayer
LogPluginManager: Mounting plugin WindowsMoviePlayer
LogPluginManager: Mounting plugin ScreenshotTools
LogPluginManager: Mounting plugin Takes
LogPluginManager: Mounting plugin ContentBrowserAssetDataSource
LogPluginManager: Mounting plugin ContentBrowserClassDataSource
LogPluginManager: Mounting plugin ContentBrowserFileDataSource
LogPluginManager: Mounting plugin OnlineSubsystemGooglePlay
LogPluginManager: Mounting plugin OnlineSubsystemIOS
LogPluginManager: Mounting plugin OculusVR
LogPluginManager: Mounting plugin SteamVR
PixWinPlugin: PIX capture plugin failed to initialize! Check that the process is launched from PIX.
LogInit: Using libcurl 7.55.1-DEV
LogInit:  - built for x86_64-pc-win32
LogInit:  - supports SSL with OpenSSL/1.1.1
LogInit:  - supports HTTP deflate (compression) using libz 1.2.8
LogInit:  - other features:
LogInit:      CURL_VERSION_SSL
LogInit:      CURL_VERSION_LIBZ
LogInit:      CURL_VERSION_IPV6
LogInit:      CURL_VERSION_ASYNCHDNS
LogInit:      CURL_VERSION_LARGEFILE
LogInit:      CURL_VERSION_IDN
LogInit:  CurlRequestOptions (configurable via config and command line):
LogInit:  - bVerifyPeer = true  - Libcurl will verify peer certificate
LogInit:  - bUseHttpProxy = false  - Libcurl will NOT use HTTP proxy
LogInit:  - bDontReuseConnections = false  - Libcurl will reuse connections
LogInit:  - MaxHostConnections = 16  - Libcurl will limit the number of connections to a host
LogInit:  - LocalHostAddr = Default
LogInit:  - BufferSize = 65536
LogOnline: Warning: OSS: TryLoadSubsystemAndSetDefault: LoadSubsystemModule([Steam]) failed
LogOnline: OSS: Creating online subsystem instance for: NULL
LogInit: WinSock: version 1.1 (2.2), MaxSocks=32767, MaxUdp=65467
LogOnline: OSS: TryLoadSubsystemAndSetDefault: Loaded subsystem for module [NULL]
LogInit: Build: ++UE4+Release-4.27-CL-0
LogInit: Engine Version: 4.27.0-0+++UE4+Release-4.27
LogInit: Compatible Engine Version: 4.27.0-0+++UE4+Release-4.27
LogInit: Net CL: 0
LogInit: OS: Windows 10 (Release 2009) (), CPU: Intel(R) Core(TM) i5-8400 CPU @ 2.80GHz, GPU: NVIDIA GeForce GTX 1060 6GB
LogInit: Compiled (64-bit): Oct 12 2021 09:26:09
LogInit: Compiled with Visual C++: 19.29.30136.00
LogInit: Build Configuration: Development
LogInit: Branch Name: ++UE4+Release-4.27
LogInit: Command Line:  Level_01 -server -log -nosteam
LogInit: Base Directory: D:/ue4code/UnrealEngine/Engine/Binaries/Win64/
LogInit: Allocator: TBB
LogInit: Installed Engine Build: 0
LogDevObjectVersion: Number of dev versions registered: 29
LogDevObjectVersion:   Dev-Blueprints (B0D832E4-1F89-4F0D-ACCF-7EB736FD4AA2): 10
LogDevObjectVersion:   Dev-Build (E1C64328-A22C-4D53-A36C-8E866417BD8C): 0
LogDevObjectVersion:   Dev-Core (375EC13C-06E4-48FB-B500-84F0262A717E): 4
LogDevObjectVersion:   Dev-Editor (E4B068ED-F494-42E9-A231-DA0B2E46BB41): 40
LogDevObjectVersion:   Dev-Framework (CFFC743F-43B0-4480-9391-14DF171D2073): 37
LogDevObjectVersion:   Dev-Mobile (B02B49B5-BB20-44E9-A304-32B752E40360): 3
LogDevObjectVersion:   Dev-Networking (A4E4105C-59A1-49B5-A7C5-40C4547EDFEE): 0
LogDevObjectVersion:   Dev-Online (39C831C9-5AE6-47DC-9A44-9C173E1C8E7C): 0
LogDevObjectVersion:   Dev-Physics (78F01B33-EBEA-4F98-B9B4-84EACCB95AA2): 14
LogDevObjectVersion:   Dev-Platform (6631380F-2D4D-43E0-8009-CF276956A95A): 0
LogDevObjectVersion:   Dev-Rendering (12F88B9F-8875-4AFC-A67C-D90C383ABD29): 45
LogDevObjectVersion:   Dev-Sequencer (7B5AE74C-D270-4C10-A958-57980B212A5A): 13
LogDevObjectVersion:   Dev-VR (D7296918-1DD6-4BDD-9DE2-64A83CC13884): 3
LogDevObjectVersion:   Dev-LoadTimes (C2A15278-BFE7-4AFE-6C17-90FF531DF755): 1
LogDevObjectVersion:   Private-Geometry (6EACA3D4-40EC-4CC1-B786-8BED09428FC5): 3
LogDevObjectVersion:   Dev-AnimPhys (29E575DD-E0A3-4627-9D10-D276232CDCEA): 17
LogDevObjectVersion:   Dev-Anim (AF43A65D-7FD3-4947-9873-3E8ED9C1BB05): 15
LogDevObjectVersion:   Dev-ReflectionCapture (6B266CEC-1EC7-4B8F-A30B-E4D90942FC07): 1
LogDevObjectVersion:   Dev-Automation (0DF73D61-A23F-47EA-B727-89E90C41499A): 1
LogDevObjectVersion:   FortniteMain (601D1886-AC64-4F84-AA16-D3DE0DEAC7D6): 47
LogDevObjectVersion:   FortniteRelease (E7086368-6B23-4C58-8439-1B7016265E91): 1
LogDevObjectVersion:   Dev-Enterprise (9DFFBCD6-494F-0158-E221-12823C92A888): 10
LogDevObjectVersion:   Dev-Niagara (F2AED0AC-9AFE-416F-8664-AA7FFA26D6FC): 1
LogDevObjectVersion:   Dev-Destruction (174F1F0B-B4C6-45A5-B13F-2EE8D0FB917D): 10
LogDevObjectVersion:   Dev-Physics-Ext (35F94A83-E258-406C-A318-09F59610247C): 41
LogDevObjectVersion:   Dev-PhysicsMaterial-Chaos (B68FC16E-8B1B-42E2-B453-215C058844FE): 1
LogDevObjectVersion:   Dev-CineCamera (B2E18506-4273-CFC2-A54E-F4BB758BBA07): 1
LogDevObjectVersion:   Dev-VirtualProduction (64F58936-FD1B-42BA-BA96-7289D5D0FA4E): 1
LogDevObjectVersion:   Dev-MediaFramework (6F0ED827-A609-4895-9C91-998D90180EA4): 2
LogInit: Presizing for max 25165824 objects, including 0 objects not considered by GC, pre-allocating 0 bytes for permanent pool.
LogConfig: Applying CVar settings from Section [/Script/Engine.StreamingSettings] File [D:/ue4Project/tencentClassProject/Netshoot/Saved/Config/Windows/Engine.ini]
LogConfig: Setting CVar [[s.MinBulkDataSizeForAsyncLoading:131072]]
LogConfig: Setting CVar [[s.AsyncLoadingThreadEnabled:0]]
LogConfig: Setting CVar [[s.EventDrivenLoaderEnabled:1]]
LogConfig: Setting CVar [[s.WarnIfTimeLimitExceeded:0]]
LogConfig: Setting CVar [[s.TimeLimitExceededMultiplier:1.5]]
LogConfig: Setting CVar [[s.TimeLimitExceededMinTime:0.005]]
LogConfig: Setting CVar [[s.UseBackgroundLevelStreaming:1]]
LogConfig: Setting CVar [[s.PriorityAsyncLoadingExtraTime:15.0]]
LogConfig: Setting CVar [[s.LevelStreamingActorsUpdateTimeLimit:5.0]]
LogConfig: Setting CVar [[s.PriorityLevelStreamingActorsUpdateExtraTime:5.0]]
LogConfig: Setting CVar [[s.LevelStreamingComponentsRegistrationGranularity:10]]
LogConfig: Setting CVar [[s.UnregisterComponentsTimeLimit:1.0]]
LogConfig: Setting CVar [[s.LevelStreamingComponentsUnregistrationGranularity:5]]
LogConfig: Setting CVar [[s.FlushStreamingOnExit:1]]
LogInit: Object subsystem initialized
LogConfig: Setting CVar [[con.DebugEarlyDefault:1]]
LogConfig: Setting CVar [[r.setres:1280x720]]
[2021.10.22-06.42.28:065][  0]LogConfig: Setting CVar [[con.DebugEarlyDefault:1]]
[2021.10.22-06.42.28:066][  0]LogConfig: Setting CVar [[r.setres:1280x720]]
[2021.10.22-06.42.28:066][  0]LogConfig: Applying CVar settings from Section [/Script/Engine.RendererSettings] File [D:/ue4Project/tencentClassProject/Netshoot/Saved/Config/Windows/Engine.ini]
[2021.10.22-06.42.28:066][  0]LogConfig: Setting CVar [[r.GPUCrashDebugging:0]]
[2021.10.22-06.42.28:067][  0]LogConfig: Setting CVar [[r.MobileHDR:1]]
[2021.10.22-06.42.28:067][  0]LogConfig: Setting CVar [[r.AllowOcclusionQueries:1]]
[2021.10.22-06.42.28:067][  0]LogConfig: Setting CVar [[r.MinScreenRadiusForLights:0.030000]]
[2021.10.22-06.42.28:068][  0]LogConfig: Setting CVar [[r.MinScreenRadiusForDepthPrepass:0.030000]]
[2021.10.22-06.42.28:068][  0]LogConfig: Setting CVar [[r.PrecomputedVisibilityWarning:0]]
[2021.10.22-06.42.28:068][  0]LogConfig: Setting CVar [[r.TextureStreaming:1]]
[2021.10.22-06.42.28:068][  0]LogConfig: Setting CVar [[Compat.UseDXT5NormalMaps:0]]
[2021.10.22-06.42.28:069][  0]LogConfig: Setting CVar [[r.AllowStaticLighting:1]]
[2021.10.22-06.42.28:069][  0]LogConfig: Setting CVar [[r.NormalMapsForStaticLighting:0]]
[2021.10.22-06.42.28:069][  0]LogConfig: Setting CVar [[r.GenerateMeshDistanceFields:1]]
[2021.10.22-06.42.28:069][  0]LogConfig: Setting CVar [[r.TessellationAdaptivePixelsPerTriangle:48.000000]]
[2021.10.22-06.42.28:070][  0]LogConfig: Setting CVar [[r.SeparateTranslucency:1]]
[2021.10.22-06.42.28:070][  0]LogConfig: Setting CVar [[r.CustomDepth:1]]
[2021.10.22-06.42.28:070][  0]LogConfig: Setting CVar [[r.DefaultFeature.Bloom:1]]
[2021.10.22-06.42.28:070][  0]LogConfig: Setting CVar [[r.DefaultFeature.AmbientOcclusion:1]]
[2021.10.22-06.42.28:071][  0]LogConfig: Setting CVar [[r.DefaultFeature.AmbientOcclusionStaticFraction:1]]
[2021.10.22-06.42.28:071][  0]LogConfig: Setting CVar [[r.DefaultFeature.AutoExposure:1]]
[2021.10.22-06.42.28:071][  0]LogConfig: Setting CVar [[r.DefaultFeature.MotionBlur:1]]
[2021.10.22-06.42.28:072][  0]LogConfig: Setting CVar [[r.DefaultFeature.LensFlare:1]]
[2021.10.22-06.42.28:072][  0]LogConfig: Setting CVar [[r.DefaultFeature.AntiAliasing:2]]
[2021.10.22-06.42.28:072][  0]LogConfig: Setting CVar [[r.EarlyZPass:3]]
[2021.10.22-06.42.28:072][  0]LogConfig: Setting CVar [[r.DBuffer:0]]
[2021.10.22-06.42.28:073][  0]LogConfig: Setting CVar [[r.ClearSceneMethod:1]]
[2021.10.22-06.42.28:073][  0]LogConfig: Setting CVar [[r.MSAA.CompositingSampleCount:4]]
[2021.10.22-06.42.28:073][  0]LogConfig: Setting CVar [[r.WireframeCullThreshold:5.000000]]
[2021.10.22-06.42.28:073][  0]LogConfig: Applying CVar settings from Section [/Script/Engine.RendererOverrideSettings] File [D:/ue4Project/tencentClassProject/Netshoot/Saved/Config/Windows/Engine.ini]
[2021.10.22-06.42.28:074][  0]LogConfig: Applying CVar settings from Section [/Script/Engine.StreamingSettings] File [D:/ue4Project/tencentClassProject/Netshoot/Saved/Config/Windows/Engine.ini]
[2021.10.22-06.42.28:074][  0]LogConfig: Setting CVar [[s.MinBulkDataSizeForAsyncLoading:131072]]
[2021.10.22-06.42.28:074][  0]LogConfig: Setting CVar [[s.AsyncLoadingThreadEnabled:0]]
[2021.10.22-06.42.28:075][  0]LogConfig: Setting CVar [[s.EventDrivenLoaderEnabled:1]]
[2021.10.22-06.42.28:075][  0]LogConfig: Setting CVar [[s.WarnIfTimeLimitExceeded:0]]
[2021.10.22-06.42.28:075][  0]LogConfig: Setting CVar [[s.TimeLimitExceededMultiplier:1.5]]
[2021.10.22-06.42.28:075][  0]LogConfig: Setting CVar [[s.TimeLimitExceededMinTime:0.005]]
[2021.10.22-06.42.28:076][  0]LogConfig: Setting CVar [[s.UseBackgroundLevelStreaming:1]]
[2021.10.22-06.42.28:076][  0]LogConfig: Setting CVar [[s.PriorityAsyncLoadingExtraTime:15.0]]
[2021.10.22-06.42.28:076][  0]LogConfig: Setting CVar [[s.LevelStreamingActorsUpdateTimeLimit:5.0]]
[2021.10.22-06.42.28:076][  0]LogConfig: Setting CVar [[s.PriorityLevelStreamingActorsUpdateExtraTime:5.0]]
[2021.10.22-06.42.28:077][  0]LogConfig: Setting CVar [[s.LevelStreamingComponentsRegistrationGranularity:10]]
[2021.10.22-06.42.28:077][  0]LogConfig: Setting CVar [[s.UnregisterComponentsTimeLimit:1.0]]
[2021.10.22-06.42.28:077][  0]LogConfig: Setting CVar [[s.LevelStreamingComponentsUnregistrationGranularity:5]]
[2021.10.22-06.42.28:077][  0]LogConfig: Setting CVar [[s.FlushStreamingOnExit:1]]
[2021.10.22-06.42.28:078][  0]LogConfig: Applying CVar settings from Section [/Script/Engine.GarbageCollectionSettings] File [D:/ue4Project/tencentClassProject/Netshoot/Saved/Config/Windows/Engine.ini]
[2021.10.22-06.42.28:081][  0]LogConfig: Setting CVar [[gc.MaxObjectsNotConsideredByGC:1]]
[2021.10.22-06.42.28:081][  0]LogConfig: Setting CVar [[gc.SizeOfPermanentObjectPool:0]]
[2021.10.22-06.42.28:081][  0]LogConfig: Setting CVar [[gc.FlushStreamingOnGC:0]]
[2021.10.22-06.42.28:082][  0]LogConfig: Setting CVar [[gc.NumRetriesBeforeForcingGC:10]]
[2021.10.22-06.42.28:082][  0]LogConfig: Setting CVar [[gc.AllowParallelGC:1]]
[2021.10.22-06.42.28:082][  0]LogConfig: Setting CVar [[gc.TimeBetweenPurgingPendingKillObjects:61.1]]
[2021.10.22-06.42.28:083][  0]LogConfig: Setting CVar [[gc.MaxObjectsInEditor:25165824]]
[2021.10.22-06.42.28:083][  0]LogConfig: Setting CVar [[gc.IncrementalBeginDestroyEnabled:1]]
[2021.10.22-06.42.28:083][  0]LogConfig: Setting CVar [[gc.CreateGCClusters:1]]
[2021.10.22-06.42.28:083][  0]LogConfig: Setting CVar [[gc.MinGCClusterSize:5]]
[2021.10.22-06.42.28:084][  0]LogConfig: Setting CVar [[gc.ActorClusteringEnabled:0]]
[2021.10.22-06.42.28:084][  0]LogConfig: Setting CVar [[gc.BlueprintClusteringEnabled:0]]
[2021.10.22-06.42.28:084][  0]LogConfig: Setting CVar [[gc.UseDisregardForGCOnDedicatedServers:0]]
[2021.10.22-06.42.28:084][  0]LogConfig: Setting CVar [[gc.MultithreadedDestructionEnabled:1]]
[2021.10.22-06.42.28:085][  0]LogConfig: Applying CVar settings from Section [/Script/Engine.NetworkSettings] File [D:/ue4Project/tencentClassProject/Netshoot/Saved/Config/Windows/Engine.ini]
[2021.10.22-06.42.28:085][  0]LogConfig: Applying CVar settings from Section [/Script/UnrealEd.CookerSettings] File [D:/ue4Project/tencentClassProject/Netshoot/Saved/Config/Windows/Engine.ini]
[2021.10.22-06.42.28:085][  0]LogConfig: Applying CVar settings from Section [ViewDistanceQuality@3] File [D:/ue4Project/tencentClassProject/Netshoot/Saved/Config/Windows/Scalability.ini]
[2021.10.22-06.42.28:086][  0]LogConfig: Setting CVar [[r.SkeletalMeshLODBias:0]]
[2021.10.22-06.42.28:086][  0]LogConfig: Setting CVar [[r.ViewDistanceScale:1.0]]
[2021.10.22-06.42.28:086][  0]LogConfig: Applying CVar settings from Section [AntiAliasingQuality@3] File [D:/ue4Project/tencentClassProject/Netshoot/Saved/Config/Windows/Scalability.ini]
[2021.10.22-06.42.28:087][  0]LogConfig: Setting CVar [[r.PostProcessAAQuality:4]]
[2021.10.22-06.42.28:087][  0]LogConfig: Applying CVar settings from Section [ShadowQuality@3] File [D:/ue4Project/tencentClassProject/Netshoot/Saved/Config/Windows/Scalability.ini]
[2021.10.22-06.42.28:087][  0]LogConfig: Setting CVar [[r.LightFunctionQuality:1]]
[2021.10.22-06.42.28:087][  0]LogConfig: Setting CVar [[r.ShadowQuality:5]]
[2021.10.22-06.42.28:088][  0]LogConfig: Setting CVar [[r.Shadow.CSM.MaxCascades:10]]
[2021.10.22-06.42.28:088][  0]LogConfig: Setting CVar [[r.Shadow.MaxResolution:2048]]
[2021.10.22-06.42.28:088][  0]LogConfig: Setting CVar [[r.Shadow.MaxCSMResolution:2048]]
[2021.10.22-06.42.28:089][  0]LogConfig: Setting CVar [[r.Shadow.RadiusThreshold:0.01]]
[2021.10.22-06.42.28:089][  0]LogConfig: Setting CVar [[r.Shadow.DistanceScale:1.0]]
[2021.10.22-06.42.28:089][  0]LogConfig: Setting CVar [[r.Shadow.CSM.TransitionScale:1.0]]
[2021.10.22-06.42.28:089][  0]LogConfig: Setting CVar [[r.Shadow.PreShadowResolutionFactor:1.0]]
[2021.10.22-06.42.28:090][  0]LogConfig: Setting CVar [[r.DistanceFieldShadowing:1]]
[2021.10.22-06.42.28:090][  0]LogConfig: Setting CVar [[r.DistanceFieldAO:1]]
[2021.10.22-06.42.28:090][  0]LogConfig: Setting CVar [[r.AOQuality:2]]
[2021.10.22-06.42.28:091][  0]LogConfig: Setting CVar [[r.VolumetricFog:1]]
[2021.10.22-06.42.28:091][  0]LogConfig: Setting CVar [[r.VolumetricFog.GridPixelSize:8]]
[2021.10.22-06.42.28:091][  0]LogConfig: Setting CVar [[r.VolumetricFog.GridSizeZ:128]]
[2021.10.22-06.42.28:091][  0]LogConfig: Setting CVar [[r.VolumetricFog.HistoryMissSupersampleCount:4]]
[2021.10.22-06.42.28:092][  0]LogConfig: Setting CVar [[r.LightMaxDrawDistanceScale:1]]
[2021.10.22-06.42.28:092][  0]LogConfig: Setting CVar [[r.CapsuleShadows:1]]
[2021.10.22-06.42.28:092][  0]LogConfig: Applying CVar settings from Section [PostProcessQuality@3] File [D:/ue4Project/tencentClassProject/Netshoot/Saved/Config/Windows/Scalability.ini]
[2021.10.22-06.42.28:092][  0]LogConfig: Setting CVar [[r.MotionBlurQuality:4]]
[2021.10.22-06.42.28:093][  0]LogConfig: Setting CVar [[r.AmbientOcclusionMipLevelFactor:0.4]]
[2021.10.22-06.42.28:093][  0]LogConfig: Setting CVar [[r.AmbientOcclusionMaxQuality:100]]
[2021.10.22-06.42.28:093][  0]LogConfig: Setting CVar [[r.AmbientOcclusionLevels:-1]]
[2021.10.22-06.42.28:094][  0]LogConfig: Setting CVar [[r.AmbientOcclusionRadiusScale:1.0]]
[2021.10.22-06.42.28:096][  0]LogConfig: Setting CVar [[r.DepthOfFieldQuality:2]]
[2021.10.22-06.42.28:096][  0]LogConfig: Setting CVar [[r.RenderTargetPoolMin:400]]
[2021.10.22-06.42.28:097][  0]LogConfig: Setting CVar [[r.LensFlareQuality:2]]
[2021.10.22-06.42.28:097][  0]LogConfig: Setting CVar [[r.SceneColorFringeQuality:1]]
[2021.10.22-06.42.28:097][  0]LogConfig: Setting CVar [[r.EyeAdaptationQuality:2]]
[2021.10.22-06.42.28:097][  0]LogConfig: Setting CVar [[r.BloomQuality:5]]
[2021.10.22-06.42.28:098][  0]LogConfig: Setting CVar [[r.FastBlurThreshold:100]]
[2021.10.22-06.42.28:098][  0]LogConfig: Setting CVar [[r.Upscale.Quality:3]]
[2021.10.22-06.42.28:098][  0]LogConfig: Setting CVar [[r.Tonemapper.GrainQuantization:1]]
[2021.10.22-06.42.28:098][  0]LogConfig: Setting CVar [[r.LightShaftQuality:1]]
[2021.10.22-06.42.28:099][  0]LogConfig: Setting CVar [[r.Filter.SizeScale:1]]
[2021.10.22-06.42.28:099][  0]LogConfig: Setting CVar [[r.Tonemapper.Quality:5]]
[2021.10.22-06.42.28:099][  0]LogConfig: Setting CVar [[r.DOF.Gather.AccumulatorQuality:1        ; higher gathering accumulator quality]]
[2021.10.22-06.42.28:100][  0]LogConfig: Setting CVar [[r.DOF.Gather.PostfilterMethod:1          ; Median3x3 postfilering method]]
[2021.10.22-06.42.28:100][  0]LogConfig: Setting CVar [[r.DOF.Gather.EnableBokehSettings:0       ; no bokeh simulation when gathering]]
[2021.10.22-06.42.28:100][  0]LogConfig: Setting CVar [[r.DOF.Gather.RingCount:4                 ; medium number of samples when gathering]]
[2021.10.22-06.42.28:100][  0]LogConfig: Setting CVar [[r.DOF.Scatter.ForegroundCompositing:1    ; additive foreground scattering]]
[2021.10.22-06.42.28:101][  0]LogConfig: Setting CVar [[r.DOF.Scatter.BackgroundCompositing:2    ; additive background scattering]]
[2021.10.22-06.42.28:101][  0]LogConfig: Setting CVar [[r.DOF.Scatter.EnableBokehSettings:1      ; bokeh simulation when scattering]]
[2021.10.22-06.42.28:101][  0]LogConfig: Setting CVar [[r.DOF.Scatter.MaxSpriteRatio:0.1         ; only a maximum of 10% of scattered bokeh]]
[2021.10.22-06.42.28:102][  0]LogConfig: Setting CVar [[r.DOF.Recombine.Quality:1                ; cheap slight out of focus]]
[2021.10.22-06.42.28:102][  0]LogConfig: Setting CVar [[r.DOF.Recombine.EnableBokehSettings:0    ; no bokeh simulation on slight out of focus]]
[2021.10.22-06.42.28:102][  0]LogConfig: Setting CVar [[r.DOF.TemporalAAQuality:1                ; more stable temporal accumulation]]
[2021.10.22-06.42.28:102][  0]LogConfig: Setting CVar [[r.DOF.Kernel.MaxForegroundRadius:0.025]]
[2021.10.22-06.42.28:103][  0]LogConfig: Setting CVar [[r.DOF.Kernel.MaxBackgroundRadius:0.025]]
[2021.10.22-06.42.28:103][  0]LogConfig: Applying CVar settings from Section [TextureQuality@3] File [D:/ue4Project/tencentClassProject/Netshoot/Saved/Config/Windows/Scalability.ini]
[2021.10.22-06.42.28:103][  0]LogConfig: Setting CVar [[r.Streaming.MipBias:0]]
[2021.10.22-06.42.28:103][  0]LogConfig: Setting CVar [[r.Streaming.AmortizeCPUToGPUCopy:0]]
[2021.10.22-06.42.28:104][  0]LogConfig: Setting CVar [[r.Streaming.MaxNumTexturesToStreamPerFrame:0]]
[2021.10.22-06.42.28:104][  0]LogConfig: Setting CVar [[r.Streaming.Boost:1]]
[2021.10.22-06.42.28:104][  0]LogConfig: Setting CVar [[r.MaxAnisotropy:8]]
[2021.10.22-06.42.28:105][  0]LogConfig: Setting CVar [[r.VT.MaxAnisotropy:8]]
[2021.10.22-06.42.28:105][  0]LogConfig: Setting CVar [[r.Streaming.LimitPoolSizeToVRAM:0]]
[2021.10.22-06.42.28:105][  0]LogConfig: Setting CVar [[r.Streaming.PoolSize:1000]]
[2021.10.22-06.42.28:106][  0]LogConfig: Setting CVar [[r.Streaming.MaxEffectiveScreenSize:0]]
[2021.10.22-06.42.28:106][  0]LogConfig: Applying CVar settings from Section [EffectsQuality@3] File [D:/ue4Project/tencentClassProject/Netshoot/Saved/Config/Windows/Scalability.ini]
[2021.10.22-06.42.28:106][  0]LogConfig: Setting CVar [[r.TranslucencyLightingVolumeDim:64]]
[2021.10.22-06.42.28:106][  0]LogConfig: Setting CVar [[r.RefractionQuality:2]]
[2021.10.22-06.42.28:107][  0]LogConfig: Setting CVar [[r.SSR.Quality:3]]
[2021.10.22-06.42.28:107][  0]LogConfig: Setting CVar [[r.SSR.HalfResSceneColor:0]]
[2021.10.22-06.42.28:107][  0]LogConfig: Setting CVar [[r.SceneColorFormat:4]]
[2021.10.22-06.42.28:108][  0]LogConfig: Setting CVar [[r.DetailMode:2]]
[2021.10.22-06.42.28:108][  0]LogConfig: Setting CVar [[r.TranslucencyVolumeBlur:1]]
[2021.10.22-06.42.28:108][  0]LogConfig: Setting CVar [[r.MaterialQualityLevel:1 ; High quality]]
[2021.10.22-06.42.28:108][  0]LogConfig: Setting CVar [[r.AnisotropicMaterials:1]]
[2021.10.22-06.42.28:109][  0]LogConfig: Setting CVar [[r.SSS.Scale:1]]
[2021.10.22-06.42.28:109][  0]LogConfig: Setting CVar [[r.SSS.SampleSet:2]]
[2021.10.22-06.42.28:109][  0]LogConfig: Setting CVar [[r.SSS.Quality:1]]
[2021.10.22-06.42.28:109][  0]LogConfig: Setting CVar [[r.SSS.HalfRes:0]]
[2021.10.22-06.42.28:110][  0]LogConfig: Setting CVar [[r.SSGI.Quality:3]]
[2021.10.22-06.42.28:112][  0]LogConfig: Setting CVar [[r.EmitterSpawnRateScale:1.0]]
[2021.10.22-06.42.28:113][  0]LogConfig: Setting CVar [[r.ParticleLightQuality:2]]
[2021.10.22-06.42.28:113][  0]LogConfig: Setting CVar [[r.SkyAtmosphere.AerialPerspectiveLUT.FastApplyOnOpaque:1 ; Always have FastSkyLUT 1 in this case to avoid wrong sky]]
[2021.10.22-06.42.28:113][  0]LogConfig: Setting CVar [[r.SkyAtmosphere.AerialPerspectiveLUT.SampleCountMaxPerSlice:4]]
[2021.10.22-06.42.28:114][  0]LogConfig: Setting CVar [[r.SkyAtmosphere.AerialPerspectiveLUT.DepthResolution:16.0]]
[2021.10.22-06.42.28:115][  0]LogConfig: Setting CVar [[r.SkyAtmosphere.FastSkyLUT:1]]
[2021.10.22-06.42.28:115][  0]LogConfig: Setting CVar [[r.SkyAtmosphere.FastSkyLUT.SampleCountMin:4.0]]
[2021.10.22-06.42.28:115][  0]LogConfig: Setting CVar [[r.SkyAtmosphere.FastSkyLUT.SampleCountMax:128.0]]
[2021.10.22-06.42.28:116][  0]LogConfig: Setting CVar [[r.SkyAtmosphere.SampleCountMin:4.0]]
[2021.10.22-06.42.28:116][  0]LogConfig: Setting CVar [[r.SkyAtmosphere.SampleCountMax:128.0]]
[2021.10.22-06.42.28:117][  0]LogConfig: Setting CVar [[r.SkyAtmosphere.TransmittanceLUT.UseSmallFormat:0]]
[2021.10.22-06.42.28:117][  0]LogConfig: Setting CVar [[r.SkyAtmosphere.TransmittanceLUT.SampleCount:10.0]]
[2021.10.22-06.42.28:117][  0]LogConfig: Setting CVar [[r.SkyAtmosphere.MultiScatteringLUT.SampleCount:15.0]]
[2021.10.22-06.42.28:118][  0]LogConfig: Setting CVar [[r.SkyLight.RealTimeReflectionCapture:1]]
[2021.10.22-06.42.28:118][  0]LogConfig: Applying CVar settings from Section [FoliageQuality@3] File [D:/ue4Project/tencentClassProject/Netshoot/Saved/Config/Windows/Scalability.ini]
[2021.10.22-06.42.28:118][  0]LogConfig: Setting CVar [[foliage.DensityScale:1.0]]
[2021.10.22-06.42.28:118][  0]LogConfig: Setting CVar [[grass.DensityScale:1.0]]
[2021.10.22-06.42.28:119][  0]LogConfig: Applying CVar settings from Section [ShadingQuality@3] File [D:/ue4Project/tencentClassProject/Netshoot/Saved/Config/Windows/Scalability.ini]
[2021.10.22-06.42.28:119][  0]LogConfig: Setting CVar [[r.HairStrands.SkyLighting.IntegrationType:2]]
[2021.10.22-06.42.28:119][  0]LogConfig: Setting CVar [[r.HairStrands.SkyAO.SampleCount:4]]
[2021.10.22-06.42.28:120][  0]LogConfig: Setting CVar [[r.HairStrands.Visibility.MSAA.SamplePerPixel:4]]
[2021.10.22-06.42.28:120][  0]LogInit: Selected Device Profile: [Windows]
[2021.10.22-06.42.28:120][  0]LogInit: Applying CVar settings loaded from the selected device profile: [Windows]
[2021.10.22-06.42.28:120][  0]LogHAL: Display: Platform has ~ 16 GB [17110147072 / 17179869184 / 16], which maps to Larger [LargestMinGB=32, LargerMinGB=12, DefaultMinGB=8, SmallerMinGB=6, SmallestMinGB=0)
[2021.10.22-06.42.28:121][  0]LogInit: Going up to parent DeviceProfile []
[2021.10.22-06.42.28:121][  0]LogConfig: Applying CVar settings from Section [ViewDistanceQuality@3] File [D:/ue4Project/tencentClassProject/Netshoot/Saved/Config/Windows/Scalability.ini]
[2021.10.22-06.42.28:121][  0]LogConfig: Setting CVar [[r.SkeletalMeshLODBias:0]]
[2021.10.22-06.42.28:121][  0]LogConfig: Setting CVar [[r.ViewDistanceScale:1.0]]
[2021.10.22-06.42.28:122][  0]LogConfig: Applying CVar settings from Section [AntiAliasingQuality@3] File [D:/ue4Project/tencentClassProject/Netshoot/Saved/Config/Windows/Scalability.ini]
[2021.10.22-06.42.28:122][  0]LogConfig: Setting CVar [[r.PostProcessAAQuality:4]]
[2021.10.22-06.42.28:122][  0]LogConfig: Applying CVar settings from Section [ShadowQuality@3] File [D:/ue4Project/tencentClassProject/Netshoot/Saved/Config/Windows/Scalability.ini]
[2021.10.22-06.42.28:123][  0]LogConfig: Setting CVar [[r.LightFunctionQuality:1]]
[2021.10.22-06.42.28:123][  0]LogConfig: Setting CVar [[r.ShadowQuality:5]]
[2021.10.22-06.42.28:123][  0]LogConfig: Setting CVar [[r.Shadow.CSM.MaxCascades:10]]
[2021.10.22-06.42.28:123][  0]LogConfig: Setting CVar [[r.Shadow.MaxResolution:2048]]
[2021.10.22-06.42.28:124][  0]LogConfig: Setting CVar [[r.Shadow.MaxCSMResolution:2048]]
[2021.10.22-06.42.28:124][  0]LogConfig: Setting CVar [[r.Shadow.RadiusThreshold:0.01]]
[2021.10.22-06.42.28:124][  0]LogConfig: Setting CVar [[r.Shadow.DistanceScale:1.0]]
[2021.10.22-06.42.28:125][  0]LogConfig: Setting CVar [[r.Shadow.CSM.TransitionScale:1.0]]
[2021.10.22-06.42.28:125][  0]LogConfig: Setting CVar [[r.Shadow.PreShadowResolutionFactor:1.0]]
[2021.10.22-06.42.28:125][  0]LogConfig: Setting CVar [[r.DistanceFieldShadowing:1]]
[2021.10.22-06.42.28:125][  0]LogConfig: Setting CVar [[r.DistanceFieldAO:1]]
[2021.10.22-06.42.28:127][  0]LogConfig: Setting CVar [[r.AOQuality:2]]
[2021.10.22-06.42.28:128][  0]LogConfig: Setting CVar [[r.VolumetricFog:1]]
[2021.10.22-06.42.28:129][  0]LogConfig: Setting CVar [[r.VolumetricFog.GridPixelSize:8]]
[2021.10.22-06.42.28:129][  0]LogConfig: Setting CVar [[r.VolumetricFog.GridSizeZ:128]]
[2021.10.22-06.42.28:129][  0]LogConfig: Setting CVar [[r.VolumetricFog.HistoryMissSupersampleCount:4]]
[2021.10.22-06.42.28:129][  0]LogConfig: Setting CVar [[r.LightMaxDrawDistanceScale:1]]
[2021.10.22-06.42.28:130][  0]LogConfig: Setting CVar [[r.CapsuleShadows:1]]
[2021.10.22-06.42.28:130][  0]LogConfig: Applying CVar settings from Section [PostProcessQuality@3] File [D:/ue4Project/tencentClassProject/Netshoot/Saved/Config/Windows/Scalability.ini]
[2021.10.22-06.42.28:130][  0]LogConfig: Setting CVar [[r.MotionBlurQuality:4]]
[2021.10.22-06.42.28:130][  0]LogConfig: Setting CVar [[r.AmbientOcclusionMipLevelFactor:0.4]]
[2021.10.22-06.42.28:131][  0]LogConfig: Setting CVar [[r.AmbientOcclusionMaxQuality:100]]
[2021.10.22-06.42.28:131][  0]LogConfig: Setting CVar [[r.AmbientOcclusionLevels:-1]]
[2021.10.22-06.42.28:131][  0]LogConfig: Setting CVar [[r.AmbientOcclusionRadiusScale:1.0]]
[2021.10.22-06.42.28:131][  0]LogConfig: Setting CVar [[r.DepthOfFieldQuality:2]]
[2021.10.22-06.42.28:132][  0]LogConfig: Setting CVar [[r.RenderTargetPoolMin:400]]
[2021.10.22-06.42.28:132][  0]LogConfig: Setting CVar [[r.LensFlareQuality:2]]
[2021.10.22-06.42.28:132][  0]LogConfig: Setting CVar [[r.SceneColorFringeQuality:1]]
[2021.10.22-06.42.28:133][  0]LogConfig: Setting CVar [[r.EyeAdaptationQuality:2]]
[2021.10.22-06.42.28:133][  0]LogConfig: Setting CVar [[r.BloomQuality:5]]
[2021.10.22-06.42.28:133][  0]LogConfig: Setting CVar [[r.FastBlurThreshold:100]]
[2021.10.22-06.42.28:133][  0]LogConfig: Setting CVar [[r.Upscale.Quality:3]]
[2021.10.22-06.42.28:134][  0]LogConfig: Setting CVar [[r.Tonemapper.GrainQuantization:1]]
[2021.10.22-06.42.28:134][  0]LogConfig: Setting CVar [[r.LightShaftQuality:1]]
[2021.10.22-06.42.28:134][  0]LogConfig: Setting CVar [[r.Filter.SizeScale:1]]
[2021.10.22-06.42.28:134][  0]LogConfig: Setting CVar [[r.Tonemapper.Quality:5]]
[2021.10.22-06.42.28:135][  0]LogConfig: Setting CVar [[r.DOF.Gather.AccumulatorQuality:1        ; higher gathering accumulator quality]]
[2021.10.22-06.42.28:135][  0]LogConfig: Setting CVar [[r.DOF.Gather.PostfilterMethod:1          ; Median3x3 postfilering method]]
[2021.10.22-06.42.28:135][  0]LogConfig: Setting CVar [[r.DOF.Gather.EnableBokehSettings:0       ; no bokeh simulation when gathering]]
[2021.10.22-06.42.28:136][  0]LogConfig: Setting CVar [[r.DOF.Gather.RingCount:4                 ; medium number of samples when gathering]]
[2021.10.22-06.42.28:136][  0]LogConfig: Setting CVar [[r.DOF.Scatter.ForegroundCompositing:1    ; additive foreground scattering]]
[2021.10.22-06.42.28:136][  0]LogConfig: Setting CVar [[r.DOF.Scatter.BackgroundCompositing:2    ; additive background scattering]]
[2021.10.22-06.42.28:136][  0]LogConfig: Setting CVar [[r.DOF.Scatter.EnableBokehSettings:1      ; bokeh simulation when scattering]]
[2021.10.22-06.42.28:137][  0]LogConfig: Setting CVar [[r.DOF.Scatter.MaxSpriteRatio:0.1         ; only a maximum of 10% of scattered bokeh]]
[2021.10.22-06.42.28:137][  0]LogConfig: Setting CVar [[r.DOF.Recombine.Quality:1                ; cheap slight out of focus]]
[2021.10.22-06.42.28:137][  0]LogConfig: Setting CVar [[r.DOF.Recombine.EnableBokehSettings:0    ; no bokeh simulation on slight out of focus]]
[2021.10.22-06.42.28:137][  0]LogConfig: Setting CVar [[r.DOF.TemporalAAQuality:1                ; more stable temporal accumulation]]
[2021.10.22-06.42.28:138][  0]LogConfig: Setting CVar [[r.DOF.Kernel.MaxForegroundRadius:0.025]]
[2021.10.22-06.42.28:138][  0]LogConfig: Setting CVar [[r.DOF.Kernel.MaxBackgroundRadius:0.025]]
[2021.10.22-06.42.28:138][  0]LogConfig: Applying CVar settings from Section [TextureQuality@3] File [D:/ue4Project/tencentClassProject/Netshoot/Saved/Config/Windows/Scalability.ini]
[2021.10.22-06.42.28:139][  0]LogConfig: Setting CVar [[r.Streaming.MipBias:0]]
[2021.10.22-06.42.28:139][  0]LogConfig: Setting CVar [[r.Streaming.AmortizeCPUToGPUCopy:0]]
[2021.10.22-06.42.28:139][  0]LogConfig: Setting CVar [[r.Streaming.MaxNumTexturesToStreamPerFrame:0]]
[2021.10.22-06.42.28:139][  0]LogConfig: Setting CVar [[r.Streaming.Boost:1]]
[2021.10.22-06.42.28:140][  0]LogConfig: Setting CVar [[r.MaxAnisotropy:8]]
[2021.10.22-06.42.28:140][  0]LogConfig: Setting CVar [[r.VT.MaxAnisotropy:8]]
[2021.10.22-06.42.28:140][  0]LogConfig: Setting CVar [[r.Streaming.LimitPoolSizeToVRAM:0]]
[2021.10.22-06.42.28:141][  0]LogConfig: Setting CVar [[r.Streaming.PoolSize:1000]]
[2021.10.22-06.42.28:141][  0]LogConfig: Setting CVar [[r.Streaming.MaxEffectiveScreenSize:0]]
[2021.10.22-06.42.28:141][  0]LogConfig: Applying CVar settings from Section [EffectsQuality@3] File [D:/ue4Project/tencentClassProject/Netshoot/Saved/Config/Windows/Scalability.ini]
[2021.10.22-06.42.28:141][  0]LogConfig: Setting CVar [[r.TranslucencyLightingVolumeDim:64]]
[2021.10.22-06.42.28:142][  0]LogConfig: Setting CVar [[r.RefractionQuality:2]]
[2021.10.22-06.42.28:144][  0]LogConfig: Setting CVar [[r.SSR.Quality:3]]
[2021.10.22-06.42.28:145][  0]LogConfig: Setting CVar [[r.SSR.HalfResSceneColor:0]]
[2021.10.22-06.42.28:145][  0]LogConfig: Setting CVar [[r.SceneColorFormat:4]]
[2021.10.22-06.42.28:145][  0]LogConfig: Setting CVar [[r.DetailMode:2]]
[2021.10.22-06.42.28:145][  0]LogConfig: Setting CVar [[r.TranslucencyVolumeBlur:1]]
[2021.10.22-06.42.28:146][  0]LogConfig: Setting CVar [[r.MaterialQualityLevel:1 ; High quality]]
[2021.10.22-06.42.28:146][  0]LogConfig: Setting CVar [[r.AnisotropicMaterials:1]]
[2021.10.22-06.42.28:146][  0]LogConfig: Setting CVar [[r.SSS.Scale:1]]
[2021.10.22-06.42.28:146][  0]LogConfig: Setting CVar [[r.SSS.SampleSet:2]]
[2021.10.22-06.42.28:147][  0]LogConfig: Setting CVar [[r.SSS.Quality:1]]
[2021.10.22-06.42.28:147][  0]LogConfig: Setting CVar [[r.SSS.HalfRes:0]]
[2021.10.22-06.42.28:147][  0]LogConfig: Setting CVar [[r.SSGI.Quality:3]]
[2021.10.22-06.42.28:148][  0]LogConfig: Setting CVar [[r.EmitterSpawnRateScale:1.0]]
[2021.10.22-06.42.28:148][  0]LogConfig: Setting CVar [[r.ParticleLightQuality:2]]
[2021.10.22-06.42.28:148][  0]LogConfig: Setting CVar [[r.SkyAtmosphere.AerialPerspectiveLUT.FastApplyOnOpaque:1 ; Always have FastSkyLUT 1 in this case to avoid wrong sky]]
[2021.10.22-06.42.28:148][  0]LogConfig: Setting CVar [[r.SkyAtmosphere.AerialPerspectiveLUT.SampleCountMaxPerSlice:4]]
[2021.10.22-06.42.28:149][  0]LogConfig: Setting CVar [[r.SkyAtmosphere.AerialPerspectiveLUT.DepthResolution:16.0]]
[2021.10.22-06.42.28:149][  0]LogConfig: Setting CVar [[r.SkyAtmosphere.FastSkyLUT:1]]
[2021.10.22-06.42.28:149][  0]LogConfig: Setting CVar [[r.SkyAtmosphere.FastSkyLUT.SampleCountMin:4.0]]
[2021.10.22-06.42.28:149][  0]LogConfig: Setting CVar [[r.SkyAtmosphere.FastSkyLUT.SampleCountMax:128.0]]
[2021.10.22-06.42.28:150][  0]LogConfig: Setting CVar [[r.SkyAtmosphere.SampleCountMin:4.0]]
[2021.10.22-06.42.28:150][  0]LogConfig: Setting CVar [[r.SkyAtmosphere.SampleCountMax:128.0]]
[2021.10.22-06.42.28:150][  0]LogConfig: Setting CVar [[r.SkyAtmosphere.TransmittanceLUT.UseSmallFormat:0]]
[2021.10.22-06.42.28:150][  0]LogConfig: Setting CVar [[r.SkyAtmosphere.TransmittanceLUT.SampleCount:10.0]]
[2021.10.22-06.42.28:151][  0]LogConfig: Setting CVar [[r.SkyAtmosphere.MultiScatteringLUT.SampleCount:15.0]]
[2021.10.22-06.42.28:151][  0]LogConfig: Setting CVar [[r.SkyLight.RealTimeReflectionCapture:1]]
[2021.10.22-06.42.28:151][  0]LogConfig: Applying CVar settings from Section [FoliageQuality@3] File [D:/ue4Project/tencentClassProject/Netshoot/Saved/Config/Windows/Scalability.ini]
[2021.10.22-06.42.28:152][  0]LogConfig: Setting CVar [[foliage.DensityScale:1.0]]
[2021.10.22-06.42.28:152][  0]LogConfig: Setting CVar [[grass.DensityScale:1.0]]
[2021.10.22-06.42.28:152][  0]LogConfig: Applying CVar settings from Section [ShadingQuality@3] File [D:/ue4Project/tencentClassProject/Netshoot/Saved/Config/Windows/Scalability.ini]
[2021.10.22-06.42.28:152][  0]LogConfig: Setting CVar [[r.HairStrands.SkyLighting.IntegrationType:2]]
[2021.10.22-06.42.28:153][  0]LogConfig: Setting CVar [[r.HairStrands.SkyAO.SampleCount:4]]
[2021.10.22-06.42.28:153][  0]LogConfig: Setting CVar [[r.HairStrands.Visibility.MSAA.SamplePerPixel:4]]
[2021.10.22-06.42.28:153][  0]LogConfig: Applying CVar settings from Section [Startup] File [../../../Engine/Config/ConsoleVariables.ini]
[2021.10.22-06.42.28:154][  0]LogConfig: Setting CVar [[net.UseAdaptiveNetUpdateFrequency:0]]
[2021.10.22-06.42.28:154][  0]LogConfig: Setting CVar [[p.chaos.AllowCreatePhysxBodies:1]]
[2021.10.22-06.42.28:154][  0]LogConfig: Setting CVar [[fx.SkipVectorVMBackendOptimizations:1]]
[2021.10.22-06.42.28:154][  0]LogConfig: Applying CVar settings from Section [ConsoleVariables] File [D:/ue4Project/tencentClassProject/Netshoot/Saved/Config/Windows/Engine.ini]
[2021.10.22-06.42.28:154][  0]LogConfig: Applying CVar settings from Section [ConsoleVariables] File [D:/ue4Project/tencentClassProject/Netshoot/Saved/Config/Windows/Editor.ini]
[2021.10.22-06.42.28:155][  0]LogInit: Computer: DESKTOP-GH4GCSH
[2021.10.22-06.42.28:155][  0]LogInit: User: yanning
[2021.10.22-06.42.28:155][  0]LogInit: CPU Page size=4096, Cores=6
[2021.10.22-06.42.28:156][  0]LogInit: High frequency timer resolution =10.000000 MHz
[2021.10.22-06.42.28:156][  0]LogMemory: Memory total: Physical=15.9GB (16GB approx)
[2021.10.22-06.42.28:156][  0]LogMemory: Platform Memory Stats for Windows
[2021.10.22-06.42.28:156][  0]LogMemory: Process Physical Memory: 135.14 MB used, 135.14 MB peak
[2021.10.22-06.42.28:157][  0]LogMemory: Process Virtual Memory: 113.42 MB used, 113.42 MB peak
[2021.10.22-06.42.28:157][  0]LogMemory: Physical Memory: 4479.48 MB used,  11838.03 MB free, 16317.51 MB total
[2021.10.22-06.42.28:157][  0]LogMemory: Virtual Memory: 134200464.00 MB used,  17265.84 MB free, 134217728.00 MB total
[2021.10.22-06.42.28:160][  0]LogWindows: WindowsPlatformFeatures disabled or dedicated server build
[2021.10.22-06.42.28:187][  0]LogInit: Physics initialised using underlying interface: PhysX
[2021.10.22-06.42.28:187][  0]LogInit: Using OS detected language (zh-CN).
[2021.10.22-06.42.28:187][  0]LogInit: Using OS detected locale (zh-CN).
[2021.10.22-06.42.28:189][  0]LogTextLocalizationManager: No specific localization for 'zh-CN' exists, so the 'zh-Hans' localization will be used.
[2021.10.22-06.42.28:297][  0]LogTextLocalizationResource: LocRes '../../../Engine/Content/Localization/Editor/zh/Editor.locres' could not be opened for reading!
[2021.10.22-06.42.28:298][  0]LogTextLocalizationResource: LocRes '../../../Engine/Content/Localization/EditorTutorials/zh/EditorTutorials.locres' could not be opened for reading!
[2021.10.22-06.42.28:298][  0]LogTextLocalizationResource: LocRes '../../../Engine/Content/Localization/Keywords/zh/Keywords.locres' could not be opened for reading!
[2021.10.22-06.42.28:299][  0]LogTextLocalizationResource: LocRes '../../../Engine/Content/Localization/Category/zh/Category.locres' could not be opened for reading!
[2021.10.22-06.42.28:299][  0]LogTextLocalizationResource: LocRes '../../../Engine/Content/Localization/ToolTips/zh/ToolTips.locres' could not be opened for reading!
[2021.10.22-06.42.28:299][  0]LogTextLocalizationResource: LocRes '../../../Engine/Content/Localization/PropertyNames/zh/PropertyNames.locres' could not be opened for reading!
[2021.10.22-06.42.28:300][  0]LogTextLocalizationResource: LocRes '../../../Engine/Content/Localization/Engine/zh/Engine.locres' could not be opened for reading!
[2021.10.22-06.42.28:300][  0]LogTextLocalizationResource: LocRes '../../../Engine/Plugins/Online/OnlineSubsystem/Content/Localization/OnlineSubsystem/zh/OnlineSubsystem.locres' could not be opened for reading!
[2021.10.22-06.42.28:300][  0]LogTextLocalizationResource: LocRes '../../../Engine/Plugins/Online/OnlineSubsystemUtils/Content/Localization/OnlineSubsystemUtils/zh/OnlineSubsystemUtils.locres' could not be opened for reading!
[2021.10.22-06.42.28:301][  0]LogTextLocalizationResource: LocRes '../../../Engine/Plugins/Online/Android/OnlineSubsystemGooglePlay/Content/Localization/OnlineSubsystemGooglePlay/zh/OnlineSubsystemGooglePlay.locres' could not be opened for reading!
[2021.10.22-06.42.28:301][  0]LogTextLocalizationResource: LocRes '../../../Engine/Plugins/Online/IOS/OnlineSubsystemIOS/Content/Localization/OnlineSubsystemIOS/zh/OnlineSubsystemIOS.locres' could not be opened for reading!
[2021.10.22-06.42.28:542][  0]LogTargetPlatformManager: Display: Loaded TargetPlatform 'AllDesktop'
[2021.10.22-06.42.28:565][  0]LogTargetPlatformManager: Display: Loaded TargetPlatform 'Android'
[2021.10.22-06.42.28:565][  0]LogTargetPlatformManager: Display: Loaded TargetPlatform 'Android_ASTC'
[2021.10.22-06.42.28:566][  0]LogTargetPlatformManager: Display: Loaded TargetPlatform 'Android_DXT'
[2021.10.22-06.42.28:566][  0]LogTargetPlatformManager: Display: Loaded TargetPlatform 'Android_ETC2'
[2021.10.22-06.42.28:566][  0]LogTargetPlatformManager: Display: Loaded TargetPlatform 'AndroidClient'
[2021.10.22-06.42.28:567][  0]LogTargetPlatformManager: Display: Loaded TargetPlatform 'Android_ASTCClient'
[2021.10.22-06.42.28:567][  0]LogTargetPlatformManager: Display: Loaded TargetPlatform 'Android_DXTClient'
[2021.10.22-06.42.28:568][  0]LogTargetPlatformManager: Display: Loaded TargetPlatform 'Android_ETC2Client'
[2021.10.22-06.42.28:568][  0]LogTargetPlatformManager: Display: Loaded TargetPlatform 'Android_Multi'
[2021.10.22-06.42.28:569][  0]LogTargetPlatformManager: Display: Loaded TargetPlatform 'Android_MultiClient'
[2021.10.22-06.42.28:585][  0]LogTargetPlatformManager: Display: Loaded TargetPlatform 'IOSClient'
[2021.10.22-06.42.28:586][  0]LogTargetPlatformManager: Display: Loaded TargetPlatform 'IOS'
[2021.10.22-06.42.28:616][  0]LogTargetPlatformManager: Display: Loaded TargetPlatform 'Lumin'
[2021.10.22-06.42.28:616][  0]LogTargetPlatformManager: Display: Loaded TargetPlatform 'LuminClient'
[2021.10.22-06.42.28:625][  0]LogTargetPlatformManager: Display: Loaded TargetPlatform 'MacNoEditor'
[2021.10.22-06.42.28:628][  0]LogTargetPlatformManager: Display: Loaded TargetPlatform 'Mac'
[2021.10.22-06.42.28:632][  0]LogTargetPlatformManager: Display: Loaded TargetPlatform 'MacClient'
[2021.10.22-06.42.28:636][  0]LogTargetPlatformManager: Display: Loaded TargetPlatform 'MacServer'
[2021.10.22-06.42.28:646][  0]LogTargetPlatformManager: Display: Loaded TargetPlatform 'TVOSClient'
[2021.10.22-06.42.28:646][  0]LogTargetPlatformManager: Display: Loaded TargetPlatform 'TVOS'
[2021.10.22-06.42.28:653][  0]LogTargetPlatformManager: Display: Loaded TargetPlatform 'WindowsNoEditor'
[2021.10.22-06.42.28:656][  0]LogTargetPlatformManager: Display: Loaded TargetPlatform 'Windows'
[2021.10.22-06.42.28:658][  0]LogTargetPlatformManager: Display: Loaded TargetPlatform 'WindowsClient'
[2021.10.22-06.42.28:661][  0]LogTargetPlatformManager: Display: Loaded TargetPlatform 'WindowsServer'
[2021.10.22-06.42.28:661][  0]LogTargetPlatformManager: Display: Building Assets For Windows
[2021.10.22-06.42.28:663][  0]LogAudioDebug: Display: Lib vorbis DLL was dynamically loaded.
[2021.10.22-06.42.28:672][  0]LogTextureFormatOodle: Display: Oodle Texture 2.9.0 init RDO Off
[2021.10.22-06.42.28:683][  0]LogRendererCore: Ray tracing is disabled. Reason: r.RayTracing=0.
[2021.10.22-06.42.28:683][  0]LogShaderCompilers: Guid format shader working directory is -7 characters bigger than the processId version (../../../../../ue4Project/tencentClassProject/Netshoot/Intermediate/Shaders/WorkingDirectory/10244/).
[2021.10.22-06.42.28:684][  0]LogShaderCompilers: Cleaned the shader compiler working directory 'C:/Users/yanning/AppData/Local/Temp/UnrealShaderWorkingDir/9579905D417061B846223DA8E7BD26B5/'.
[2021.10.22-06.42.28:684][  0]LogXGEController: Cannot use XGE Controller as Incredibuild is not installed on this machine.
[2021.10.22-06.42.28:684][  0]LogShaderCompilers: Cannot use XGE Shader Compiler as Incredibuild is not installed on this machine.
[2021.10.22-06.42.28:684][  0]LogShaderCompilers: Display: Using Local Shader Compiler.
[2021.10.22-06.42.29:208][  0]LogDerivedDataCache: Display: Max Cache Size: 512 MB
[2021.10.22-06.42.29:281][  0]LogDerivedDataCache: Loaded boot cache 0.07s 79MB ../../../../../ue4Project/tencentClassProject/Netshoot/DerivedDataCache/Boot.ddc.
[2021.10.22-06.42.29:281][  0]LogDerivedDataCache: Display: Loaded Boot cache: ../../../../../ue4Project/tencentClassProject/Netshoot/DerivedDataCache/Boot.ddc
[2021.10.22-06.42.29:282][  0]LogDerivedDataCache: FDerivedDataBackendGraph:  Pak pak cache file ../../../../../ue4Project/tencentClassProject/Netshoot/DerivedDataCache/DDC.ddp not found, will not use a pak cache.
[2021.10.22-06.42.29:283][  0]LogDerivedDataCache: Unable to find inner node Pak for hierarchical cache Hierarchy.
[2021.10.22-06.42.29:283][  0]LogDerivedDataCache: FDerivedDataBackendGraph:  EnginePak pak cache file ../../../Engine/DerivedDataCache/DDC.ddp not found, will not use a pak cache.
[2021.10.22-06.42.29:283][  0]LogDerivedDataCache: Unable to find inner node EnginePak for hierarchical cache Hierarchy.
[2021.10.22-06.42.29:288][  0]LogDerivedDataCache: Speed tests for ../../../Engine/DerivedDataCache took 0.00 seconds
[2021.10.22-06.42.29:288][  0]LogDerivedDataCache: Display: Performance to ../../../Engine/DerivedDataCache: Latency=0.01ms. RandomReadSpeed=1396.98MBs, RandomWriteSpeed=249.46MBs. Assigned SpeedClass 'Local'
[2021.10.22-06.42.29:291][  0]LogDerivedDataCache: Using Local data cache path ../../../Engine/DerivedDataCache: Writable
[2021.10.22-06.42.29:291][  0]LogDerivedDataCache: Shared data cache path not found in *engine.ini, will not use an Shared cache.
[2021.10.22-06.42.29:291][  0]LogDerivedDataCache: Unable to find inner node Shared for hierarchical cache Hierarchy.
[2021.10.22-06.42.29:292][  0]LogInit: Using OS detected language (zh-CN).
[2021.10.22-06.42.29:292][  0]LogInit: Using OS detected locale (zh-CN).
[2021.10.22-06.42.29:293][  0]LogTextLocalizationManager: No localization for 'zh-CN' exists, so 'en' will be used for the language.
[2021.10.22-06.42.29:293][  0]LogTextLocalizationManager: No localization for 'zh-CN' exists, so 'en' will be used for the locale.
[2021.10.22-06.42.29:296][  0]LogAssetRegistry: FAssetRegistry took 0.0017 seconds to start up
[2021.10.22-06.42.29:469][  0]LogTextLocalizationManager: Compacting localization data took   0.00ms
[2021.10.22-06.42.29:469][  0]LogPackageLocalizationCache: Processed 27 localized package path(s) for 1 prioritized culture(s) in 0.013663 seconds
[2021.10.22-06.42.29:538][  0]LogInit: Selected Device Profile: [Windows]
[2021.10.22-06.42.29:539][  0]LogInit: Active device profile: [000002AD1955BC00][000002AD14972500 49] Windows
[2021.10.22-06.42.29:540][  0]LogInit: Profiles: [000002AD1955BC00][000002AD14972500 49] Windows, [000002AD19583A00][000002AD149807C0 49] WindowsNoEditor, [000002AD1955AD00][000002AD14976A40 49] WindowsServer, [000002AD19582D00][000002AD14984CC0 49] WindowsClient, [000002AD1955B700][000002AD1498CF80 49] IOS, [000002AD19580200][000002AD14991240 49] iPadAir, [000002AD1955B400][000002AD187BB500 49] iPadAir2, [000002AD19511400][000002AD187D5A40 49] IPadPro, [000002AD19511500][000002AD187BFA80 49] iPadAir3, [000002AD1955B500][000002AD187CC1C0 49] iPadAir4, [000002AD19511900][000002AD187C8480 49] iPadMini2, [000002AD1955B200][000002AD187D0740 49] iPadMini3, [000002AD19511B00][000002AD187DEA00 49] iPadMini4, [000002AD19559400][000002AD14988C80 49] iPadMini5, [000002AD19515000][000002AD187F7180 49] iPhone6, [000002AD19515100][000002AD187E31C0 49] iPodTouch6, [000002AD19513500][000002AD180F3700 49] iPhone7, [000002AD19513800][000002AD187EF740 49] iPodTouch7, [000002AD19515700][000002AD187F3A00 49] iPhone5S, [000002AD19513200][000002AD187EA140 49] iPhone6Plus, [000002AD19515800][000002AD187FA400 49] iPhone6S, [000002AD19510C00][000002AD180F66C0 49] iPhone6SPlus, [000002AD19517600][000002AD180FA980 49] iPhone7Plus, [000002AD19511E00][000002AD180FEC40 49] iPhoneSE, [000002AD19514300][000002AD187E6EC0 49] iPhone8, [000002AD19512600][000002AD18103140 49] iPhone8Plus, [000002AD19515500][000002AD1810B400 49] iPhoneX, [000002AD19510200][000002AD1810F6C0 49] iPhoneXS, [000002AD19516D00][000002AD18113980 49] iPhoneXSMax, [000002AD19511100][000002AD181160C0 49] iPhoneXR, [000002AD19517200][000002AD1811A380 49] iPhone11, [000002AD19513900][000002AD1811E640 49] iPhone11Pro, [000002AD19516F00][000002AD18122900 49] iPhone11ProMax, [000002AD19510600][000002AD18126BC0 49] iPhoneSE2, [000002AD19517000][000002AD1812AE80 49] iPhone12Mini, [000002AD19513600][000002AD18107100 49] iPhone12, [000002AD19515600][000002AD1812F380 49] iPhone12Pro, [000002AD19513D00][000002AD18137640 49] iPhone12ProMax, [000002AD19516200][000002AD1813B900 49] iPadPro105, [000002AD19513A00][000002AD1813FBC0 49] iPadPro129, [000002AD19514200][000002AD18142300 49] iPadPro97, [000002AD19510B00][000002AD181465C0 49] iPadPro2_129, [000002AD19514600][000002AD1814A880 49] iPad5, [000002AD19513000][000002AD1814EB40 49] iPad6, [000002AD19516100][000002AD18152E00 49] iPad7, [000002AD19513C00][000002AD181570C0 49] iPad8, [000002AD19516B00][000002AD18133340 49] iPadPro11, [000002AD19510700][000002AD1815B5C0 49] iPadPro2_11, [000002AD19514500][000002AD18163880 49] iPadPro3_129, [000002AD19512A00][000002AD18167B40 49] iPadPro4_129, [000002AD19517100][000002AD1816A280 49] AppleTV, [000002AD19510900][000002AD1816E540 49] AppleTV4K, [000002AD19580100][000002AD18172800 49] TVOS, [000002AD1956F800][000002AD18176AC0 49] Mac, [000002AD19516000][000002AD1817AD80 49] MacClient, [000002AD1956FC00][000002AD1817F040 49] MacNoEditor, [000002AD19515F00][000002AD18183300 49] MacServer, [000002AD19582600][000002AD1815F580 49] Linux, [000002AD19510100][000002AD18187800 49] LinuxAArch64, [000002AD19583100][000002AD1818FAC0 49] LinuxNoEditor, [000002AD19512900][000002AD18192200 49] LinuxAArch64NoEditor, [000002AD19582100][000002AD181964C0 49] LinuxClient, [000002AD19512C00][000002AD1819A780 49] LinuxAArch64Client, [000002AD19583200][000002AD1819EA40 49] LinuxServer, [000002AD19510F00][000002AD181A2D00 49] LinuxAArch64Server, [000002AD19583B00][000002AD181A6FC0 49] Android, [000002AD19512700][000002AD181AB280 49] Android_Low, [000002AD19580700][000002AD181AF540 49] Android_Mid, [000002AD19513B00][000002AD1818B7C0 49] Android_High, [000002AD19583800][000002AD181B3A40 49] Android_Default, [000002AD19510E00][000002AD181BA180 49] Android_Adreno4xx, [000002AD19582B00][000002AD181BE440 49] Android_Adreno5xx_Low, [000002AD19511600][000002AD181C2700 49] Android_Adreno5xx, [000002AD19582000][000002AD181C69C0 49] Android_Adreno6xx, [000002AD19512000][000002AD181CAC80 49] Android_Adreno6xx_Vulkan, [000002AD19514B00][000002AD181CEF40 49] Android_Mali_T6xx, [000002AD1956EA00][000002AD181D3200 49] Android_Mali_T7xx, [000002AD19514800][000002AD181D74C0 49] Android_Mali_T8xx, [000002AD1956E300][000002AD181DB780 49] Android_Mali_G71, [000002AD19517300][000002AD181B7A00 49] Android_Mali_G72, [000002AD1956F000][000002AD181E2140 49] Android_Mali_G72_Vulkan, [000002AD19517F00][000002AD181E6400 49] Android_Mali_G76, [000002AD1956DE00][000002AD181EA6C0 49] Android_Mali_G76_Vulkan, [000002AD19515E00][000002AD181EE980 49] Android_Mali_G77, [000002AD19513100][000002AD181F2C40 49] Android_Mali_G77_Vulkan, [000002AD19514A00][000002AD181F6F00 49] Android_Mali_G78, [000002AD19513300][000002AD181FB1C0 49] Android_Mali_G78_Vulkan, [000002AD19514900][000002AD181FF480 49] Android_Mali_G710, [000002AD19513700][000002AD18203740 49] Android_Mali_G710_Vulkan, [000002AD19516500][000002AD181DF9C0 49] Android_Vulkan_SM5, [000002AD1956F400][000002AD182060C0 49] Android_PowerVR_G6xxx, [000002AD19516600][000002AD1820E380 49] Android_PowerVR_GT7xxx, [000002AD1956CF00][000002AD18212640 49] Android_PowerVR_GE8xxx, [000002AD19515200][000002AD18216900 49] Android_PowerVR_GM9xxx, [000002AD1956DD00][000002AD1821ABC0 49] Android_PowerVR_GM9xxx_Vulkan, [000002AD19516400][000002AD1821EE80 49] Android_TegraK1, [000002AD1956C100][000002AD18223140 49] Android_Unknown_Vulkan, [000002AD19515300][000002AD18227400 49] Lumin, [000002AD1956F600][000002AD1822B6C0 49] Lumin_Desktop, [000002AD19582400][000002AD1822F980 49] HoloLens, 
[2021.10.22-06.42.29:556][  0]LogMeshReduction: Using QuadricMeshReduction for automatic static mesh reduction
[2021.10.22-06.42.29:556][  0]LogMeshReduction: Using SimplygonMeshReduction for automatic skeletal mesh reduction
[2021.10.22-06.42.29:557][  0]LogMeshReduction: Using ProxyLODMeshReduction for automatic mesh merging
[2021.10.22-06.42.29:557][  0]LogMeshReduction: No distributed automatic mesh merging module available
[2021.10.22-06.42.29:558][  0]LogMeshMerging: No distributed automatic mesh merging module available
[2021.10.22-06.42.29:567][  0]LogNetVersion: Netshoot 1.0.0, NetCL: 0, EngineNetVer: 17, GameNetVer: 0 (Checksum: 2292170303)
[2021.10.22-06.42.29:648][  0]LogTexture: Default maximum texture size for cubemaps generated from long-lat sources has been changed from 512 to unlimited. In order to preserve old behaiour for '/Engine/MapTemplates/Sky/DaylightAmbientCubemap.DaylightAmbientCubemap', its maximum texture size has been explicitly set to 512.
[2021.10.22-06.42.29:661][  0]LogHMD: PokeAHoleMaterial loaded successfully
[2021.10.22-06.42.29:707][  0]LogPython: Using Python 3.7.7
[2021.10.22-06.42.30:102][  0]LogNiagaraDebuggerClient: Niagara Debugger Client Initialized | Session: 2E6903B242697D726FF844A9CDF4CC26 | Instance: C34A2A3147B2FABEFD8EE8B0E6AD5B5C (DESKTOP-GH4GCSH-10244).
[2021.10.22-06.42.30:114][  0]LogCollectionManager: Loaded 0 collections in 0.000734 seconds
[2021.10.22-06.42.30:116][  0]LogFileCache: Scanning file cache for directory 'D:/ue4Project/tencentClassProject/Netshoot/Saved/Collections/' took 0.00s
[2021.10.22-06.42.30:116][  0]LogFileCache: Scanning file cache for directory 'D:/ue4Project/tencentClassProject/Netshoot/Content/Developers/yanning/Collections/' took 0.00s
[2021.10.22-06.42.30:117][  0]LogFileCache: Scanning file cache for directory 'D:/ue4Project/tencentClassProject/Netshoot/Content/Collections/' took 0.00s
[2021.10.22-06.42.30:117][  0]LogCollectionManager: Fixed up redirectors for 0 collections in 0.000002 seconds (updated 0 objects)
[2021.10.22-06.42.30:219][  0]SourceControl: Source control is disabled
[2021.10.22-06.42.30:220][  0]SourceControl: Source control is disabled
[2021.10.22-06.42.30:222][  0]SourceControl: Source control is disabled
[2021.10.22-06.42.30:224][  0]LogUProjectInfo: Found projects:
[2021.10.22-06.42.30:256][  0]LogOpenImageDenoise: OIDN starting up
[2021.10.22-06.42.30:270][  0]LogAndroidPermission: UAndroidPermissionCallbackProxy::GetInstance
[2021.10.22-06.42.30:277][  0]LogAudioCaptureCore: Display: No Audio Capture implementations found. Audio input will be silent.
[2021.10.22-06.42.30:277][  0]LogAudioCaptureCore: Display: No Audio Capture implementations found. Audio input will be silent.
[2021.10.22-06.42.30:319][  0]LogOcInput: OculusInput pre-init called
[2021.10.22-06.42.30:327][  0]LogUObjectArray: 21903 objects as part of root set at end of initial load.
[2021.10.22-06.42.30:328][  0]LogUObjectAllocator: 5897856 out of 0 bytes used by permanent object pool.
[2021.10.22-06.42.30:328][  0]LogUObjectArray: CloseDisregardForGC: 0/0 objects in disregard for GC pool
[2021.10.22-06.42.30:356][  0]LogEngine: Initializing Engine...
[2021.10.22-06.42.30:357][  0]LogStats: UGameplayTagsManager::InitializeManager -  0.000 s
[2021.10.22-06.42.30:367][  0]LogInit: Initializing FReadOnlyCVARCache
[2021.10.22-06.42.30:368][  0]LogNetVersion: Set ProjectVersion to 1.0.0.0. Version Checksum will be recalculated on next use.
[2021.10.22-06.42.30:615][  0]LogDerivedDataCache: Saved boot cache 0.25s 79MB ../../../../../ue4Project/tencentClassProject/Netshoot/DerivedDataCache/Boot.ddc.
[2021.10.22-06.42.30:617][  0]LogInit: Texture streaming: Disabled
[2021.10.22-06.42.30:765][  0]LogInit: Display: Game Engine Initialized.
[2021.10.22-06.42.30:765][  0]LogNiagaraEditor: GEditor isn't valid! Particle reset commands will not work for Niagara components!
[2021.10.22-06.42.30:807][  0]LogInit: Display: Starting Game.
[2021.10.22-06.42.30:865][  0]LogPackageName: SearchForPackageOnDisk took   0.058s to resolve Level_01.umap.
[2021.10.22-06.42.30:865][  0]LogNet: Browse: /Game/Maps/Level_01?Name=Player
[2021.10.22-06.42.30:866][  0]LogLoad: LoadMap: /Game/Maps/Level_01?Name=Player
[2021.10.22-06.42.30:867][  0]LogWorld: BeginTearingDown for /Temp/Untitled_0
[2021.10.22-06.42.30:870][  0]LogWorld: UWorld::CleanupWorld for Untitled, bSessionEnded=true, bCleanupResources=true
[2021.10.22-06.42.30:881][  0]LogUObjectHash: Compacting FUObjectHashTables data took   0.86ms
[2021.10.22-06.42.31:105][  0]LogAIModule: Creating AISystem for world Level_01
[2021.10.22-06.42.31:106][  0]LogLoad: Game class is 'MyGameMode_C'
[2021.10.22-06.42.31:107][  0]LogNet: ReplicationDriverClass is null! Not using ReplicationDriver.
[2021.10.22-06.42.31:107][  0]LogNetCore: DDoS detection status: detection enabled: 0 analytics enabled: 0
[2021.10.22-06.42.31:108][  0]LogInit: WinSock: Socket queue. Rx: 131072 (config 131072) Tx: 131072 (config 131072)
[2021.10.22-06.42.31:109][  0]LogNet: Created socket for bind address: 0.0.0.0 on port 7777
[2021.10.22-06.42.31:109][  0]PacketHandlerLog: Loaded PacketHandler component: Engine.EngineHandlerComponentFactory (StatelessConnectHandlerComponent)
[2021.10.22-06.42.31:110][  0]LogNet: GameNetDriver IpNetDriver_0 IpNetDriver listening on port 7777
[2021.10.22-06.42.31:113][  0]LogPhysics: Warning: PopulatePhysXGeometryAndTransform(Convex): ConvexElem has invalid transform
[2021.10.22-06.42.31:114][  0]LogPhysics: Warning: ForeachShape(Convex): ScaledElem[0] invalid
[2021.10.22-06.42.31:115][  0]LogWorld: Bringing World /Game/Maps/Level_01.Level_01 up for play (max tick rate 30) at 2021.10.22-14.42.31
[2021.10.22-06.42.31:116][  0]LogWorld: Bringing up level for play took: 0.004260
[2021.10.22-06.42.31:116][  0]LogGameMode: Display: Match State Changed from EnteringMap to WaitingToStart
[2021.10.22-06.42.31:116][  0]LogGameState: Match State Changed from EnteringMap to WaitingToStart
[2021.10.22-06.42.31:116][  0]LogLoad: Took 0.250439 seconds to LoadMap(/Game/Maps/Level_01)
[2021.10.22-06.42.31:127][  0]LogInit: Display: Engine is initialized. Leaving FEngineLoop::Init()
[2021.10.22-06.42.31:127][  0]LogLoad: (Engine Initialization) Total time: 4.23 seconds
[2021.10.22-06.42.31:128][  0]LogLoad: (Engine Initialization) Total Blueprint compile time: 0.00 seconds
[2021.10.22-06.42.32:154][ 30]LogNet: NotifyAcceptingConnection accepted from: 127.0.0.1:56872
[2021.10.22-06.42.32:154][ 30]LogHandshake: SendConnectChallenge. Timestamp: 1.024340, Cookie: 177230241192231045114148235248054235202135022234062014165115
[2021.10.22-06.42.32:187][ 31]LogNet: NotifyAcceptingConnection accepted from: 127.0.0.1:56872
[2021.10.22-06.42.32:187][ 31]LogHandshake: SendChallengeAck. InCookie: 177230241192231045114148235248054235202135022234062014165115
[2021.10.22-06.42.32:187][ 31]LogNet: Server accepting post-challenge connection from: 127.0.0.1:56872
[2021.10.22-06.42.32:188][ 31]PacketHandlerLog: Loaded PacketHandler component: Engine.EngineHandlerComponentFactory (StatelessConnectHandlerComponent)
[2021.10.22-06.42.32:190][ 31]LogNet: NotifyAcceptedConnection: Name: Level_01, TimeStamp: 10/22/21 14:42:32, [UNetConnection] RemoteAddr: 127.0.0.1:56872, Name: IpConnection_0, Driver: GameNetDriver IpNetDriver_0, IsServer: YES, PC: NULL, Owner: NULL, UniqueId: INVALID
[2021.10.22-06.42.32:191][ 31]LogNet: AddClientConnection: Added client connection: [UNetConnection] RemoteAddr: 127.0.0.1:56872, Name: IpConnection_0, Driver: GameNetDriver IpNetDriver_0, IsServer: YES, PC: NULL, Owner: NULL, UniqueId: INVALID
[2021.10.22-06.42.32:191][ 31]LogNet: NotifyAcceptingChannel Control 0 server World /Game/Maps/Level_01.Level_01: Accepted
[2021.10.22-06.42.32:192][ 31]LogNet: Remote platform little endian=1
[2021.10.22-06.42.32:192][ 31]LogNet: This platform little endian=1
[2021.10.22-06.42.32:192][ 31]LogNetVersion: Netshoot 1.0.0.0, NetCL: 0, EngineNetVer: 17, GameNetVer: 0 (Checksum: 3847081628)
[2021.10.22-06.42.32:220][ 32]LogNet: Login request: ?Name=DESKTOP-GH4GCSH-E0BD4A784E69D9354C6DE8A98AC45E9B userId: NULL:DESKTOP-GH4GCSH-E0BD4A784E69D9354C6DE8A98AC45E9B platform: NULL
[2021.10.22-06.42.32:483][ 40]LogNet: Client netspeed is 100000
[2021.10.22-06.42.32:483][ 40]LogNet: Join request: /Engine/Maps/Entry?Name=DESKTOP-GH4GCSH-E0BD4A784E69D9354C6DE8A98AC45E9B?SplitscreenCount=1
[2021.10.22-06.42.32:484][ 40]LogOnlineSession: Warning: OSS: No game present to join for session (GameSession)
[2021.10.22-06.42.32:485][ 40]LogGameMode: Display: Match State Changed from WaitingToStart to InProgress
[2021.10.22-06.42.32:487][ 40]LogGameState: Match State Changed from WaitingToStart to InProgress
[2021.10.22-06.42.32:487][ 40]LogNet: Join succeeded: DESKTOP-GH4GCSH-E0BD
[2021.10.22-06.42.47:165][480]LogNet: NotifyAcceptingConnection accepted from: 127.0.0.1:53140
[2021.10.22-06.42.47:165][480]LogHandshake: SendConnectChallenge. Timestamp: 16.035887, Cookie: 162074246134074067186161098252160185194145034125124040105029
[2021.10.22-06.42.47:198][481]LogNet: NotifyAcceptingConnection accepted from: 127.0.0.1:53140
[2021.10.22-06.42.47:199][481]LogHandshake: SendChallengeAck. InCookie: 162074246134074067186161098252160185194145034125124040105029
[2021.10.22-06.42.47:200][481]LogNet: Server accepting post-challenge connection from: 127.0.0.1:53140
[2021.10.22-06.42.47:201][481]PacketHandlerLog: Loaded PacketHandler component: Engine.EngineHandlerComponentFactory (StatelessConnectHandlerComponent)
[2021.10.22-06.42.47:201][481]LogNet: NotifyAcceptedConnection: Name: Level_01, TimeStamp: 10/22/21 14:42:47, [UNetConnection] RemoteAddr: 127.0.0.1:53140, Name: IpConnection_1, Driver: GameNetDriver IpNetDriver_0, IsServer: YES, PC: NULL, Owner: NULL, UniqueId: INVALID
[2021.10.22-06.42.47:201][481]LogNet: AddClientConnection: Added client connection: [UNetConnection] RemoteAddr: 127.0.0.1:53140, Name: IpConnection_1, Driver: GameNetDriver IpNetDriver_0, IsServer: YES, PC: NULL, Owner: NULL, UniqueId: INVALID
[2021.10.22-06.42.47:231][482]LogNet: NotifyAcceptingChannel Control 0 server World /Game/Maps/Level_01.Level_01: Accepted
[2021.10.22-06.42.47:231][482]LogNet: Remote platform little endian=1
[2021.10.22-06.42.47:232][482]LogNet: This platform little endian=1
[2021.10.22-06.42.47:265][483]LogNet: Login request: ?Name=DESKTOP-GH4GCSH-A9B9C110401C51A27864B295529E4257 userId: NULL:DESKTOP-GH4GCSH-A9B9C110401C51A27864B295529E4257 platform: NULL
[2021.10.22-06.42.47:565][492]LogNet: Client netspeed is 100000
[2021.10.22-06.42.47:565][492]LogNet: Join request: /Engine/Maps/Entry?Name=DESKTOP-GH4GCSH-A9B9C110401C51A27864B295529E4257?SplitscreenCount=1
[2021.10.22-06.42.47:566][492]LogOnlineSession: Warning: OSS: No game present to join for session (GameSession)
[2021.10.22-06.42.47:568][492]LogNet: Join succeeded: DESKTOP-GH4GCSH-A9B9
[2021.10.22-06.43.08:280][110]LogNet: UChannel::ReceivedSequencedBunch: Bunch.bClose == true. ChIndex == 0. Calling ConditionalCleanUp.
[2021.10.22-06.43.08:280][110]LogNet: UChannel::CleanUp: ChIndex == 0. Closing connection. [UChannel] ChIndex: 0, Closing: 0 [UNetConnection] RemoteAddr: 127.0.0.1:56872, Name: IpConnection_0, Driver: GameNetDriver IpNetDriver_0, IsServer: YES, PC: MyPlayerController_C_0, Owner: MyPlayerController_C_0, UniqueId: NULL:DESKTOP-GH4GCSH-E0BD4A784E69D9354C6DE8A98AC45E9B
[2021.10.22-06.43.08:280][110]LogNet: UNetConnection::Close: [UNetConnection] RemoteAddr: 127.0.0.1:56872, Name: IpConnection_0, Driver: GameNetDriver IpNetDriver_0, IsServer: YES, PC: MyPlayerController_C_0, Owner: MyPlayerController_C_0, UniqueId: NULL:DESKTOP-GH4GCSH-E0BD4A784E69D9354C6DE8A98AC45E9B, Channels: 11, Time: 2021.10.22-06.43.08
[2021.10.22-06.43.08:280][110]LogNet: UChannel::Close: Sending CloseBunch. ChIndex == 0. Name: [UChannel] ChIndex: 0, Closing: 0 [UNetConnection] RemoteAddr: 127.0.0.1:56872, Name: IpConnection_0, Driver: GameNetDriver IpNetDriver_0, IsServer: YES, PC: MyPlayerController_C_0, Owner: MyPlayerController_C_0, UniqueId: NULL:DESKTOP-GH4GCSH-E0BD4A784E69D9354C6DE8A98AC45E9B
[2021.10.22-06.43.08:281][110]LogOnlineSession: Warning: OSS: No game present to leave for session (GameSession)
[2021.10.22-06.43.12:963][250]LogNet: UChannel::ReceivedSequencedBunch: Bunch.bClose == true. ChIndex == 0. Calling ConditionalCleanUp.
[2021.10.22-06.43.12:963][250]LogNet: UChannel::CleanUp: ChIndex == 0. Closing connection. [UChannel] ChIndex: 0, Closing: 0 [UNetConnection] RemoteAddr: 127.0.0.1:53140, Name: IpConnection_1, Driver: GameNetDriver IpNetDriver_0, IsServer: YES, PC: MyPlayerController_C_1, Owner: MyPlayerController_C_1, UniqueId: NULL:DESKTOP-GH4GCSH-A9B9C110401C51A27864B295529E4257
[2021.10.22-06.43.12:963][250]LogNet: UNetConnection::Close: [UNetConnection] RemoteAddr: 127.0.0.1:53140, Name: IpConnection_1, Driver: GameNetDriver IpNetDriver_0, IsServer: YES, PC: MyPlayerController_C_1, Owner: MyPlayerController_C_1, UniqueId: NULL:DESKTOP-GH4GCSH-A9B9C110401C51A27864B295529E4257, Channels: 13, Time: 2021.10.22-06.43.12
[2021.10.22-06.43.12:963][250]LogNet: UChannel::Close: Sending CloseBunch. ChIndex == 0. Name: [UChannel] ChIndex: 0, Closing: 0 [UNetConnection] RemoteAddr: 127.0.0.1:53140, Name: IpConnection_1, Driver: GameNetDriver IpNetDriver_0, IsServer: YES, PC: MyPlayerController_C_1, Owner: MyPlayerController_C_1, UniqueId: NULL:DESKTOP-GH4GCSH-A9B9C110401C51A27864B295529E4257
[2021.10.22-06.43.12:964][250]LogOnlineSession: Warning: OSS: No game present to leave for session (GameSession)
[2021.10.22-06.43.40:641][ 82]LogNet: NotifyAcceptingConnection accepted from: 127.0.0.1:63848
[2021.10.22-06.43.40:641][ 82]LogHandshake: SendConnectChallenge. Timestamp: 69.511810, Cookie: 216030071181097090235114027207249209238180246036061252184104
[2021.10.22-06.43.40:674][ 83]LogNet: NotifyAcceptingConnection accepted from: 127.0.0.1:63848
[2021.10.22-06.43.40:674][ 83]LogHandshake: SendChallengeAck. InCookie: 216030071181097090235114027207249209238180246036061252184104
[2021.10.22-06.43.40:674][ 83]LogNet: Server accepting post-challenge connection from: 127.0.0.1:63848
[2021.10.22-06.43.40:675][ 83]PacketHandlerLog: Loaded PacketHandler component: Engine.EngineHandlerComponentFactory (StatelessConnectHandlerComponent)
[2021.10.22-06.43.40:675][ 83]LogNet: NotifyAcceptedConnection: Name: Level_01, TimeStamp: 10/22/21 14:43:40, [UNetConnection] RemoteAddr: 127.0.0.1:63848, Name: IpConnection_2, Driver: GameNetDriver IpNetDriver_0, IsServer: YES, PC: NULL, Owner: NULL, UniqueId: INVALID
[2021.10.22-06.43.40:675][ 83]LogNet: AddClientConnection: Added client connection: [UNetConnection] RemoteAddr: 127.0.0.1:63848, Name: IpConnection_2, Driver: GameNetDriver IpNetDriver_0, IsServer: YES, PC: NULL, Owner: NULL, UniqueId: INVALID
[2021.10.22-06.43.40:707][ 84]LogNet: NotifyAcceptingChannel Control 0 server World /Game/Maps/Level_01.Level_01: Accepted
[2021.10.22-06.43.40:707][ 84]LogNet: Remote platform little endian=1
[2021.10.22-06.43.40:707][ 84]LogNet: This platform little endian=1
[2021.10.22-06.43.40:740][ 85]LogNet: Login request: ?Name=DESKTOP-GH4GCSH-3B72AEDF454328B4F76AD79769ECBF4F userId: NULL:DESKTOP-GH4GCSH-3B72AEDF454328B4F76AD79769ECBF4F platform: NULL
[2021.10.22-06.43.41:006][ 93]LogNet: Client netspeed is 100000
[2021.10.22-06.43.41:006][ 93]LogNet: Join request: /Engine/Maps/Entry?Name=DESKTOP-GH4GCSH-3B72AEDF454328B4F76AD79769ECBF4F?SplitscreenCount=1
[2021.10.22-06.43.41:006][ 93]LogOnlineSession: Warning: OSS: No game present to join for session (GameSession)
[2021.10.22-06.43.41:009][ 93]LogNet: Join succeeded: DESKTOP-GH4GCSH-3B72
[2021.10.22-06.43.42:648][142]LogNet: UChannel::ReceivedSequencedBunch: Bunch.bClose == true. ChIndex == 0. Calling ConditionalCleanUp.
[2021.10.22-06.43.42:648][142]LogNet: UChannel::CleanUp: ChIndex == 0. Closing connection. [UChannel] ChIndex: 0, Closing: 0 [UNetConnection] RemoteAddr: 127.0.0.1:63848, Name: IpConnection_2, Driver: GameNetDriver IpNetDriver_0, IsServer: YES, PC: MyPlayerController_C_2, Owner: MyPlayerController_C_2, UniqueId: NULL:DESKTOP-GH4GCSH-3B72AEDF454328B4F76AD79769ECBF4F
[2021.10.22-06.43.42:649][142]LogNet: UNetConnection::Close: [UNetConnection] RemoteAddr: 127.0.0.1:63848, Name: IpConnection_2, Driver: GameNetDriver IpNetDriver_0, IsServer: YES, PC: MyPlayerController_C_2, Owner: MyPlayerController_C_2, UniqueId: NULL:DESKTOP-GH4GCSH-3B72AEDF454328B4F76AD79769ECBF4F, Channels: 9, Time: 2021.10.22-06.43.42
[2021.10.22-06.43.42:649][142]LogNet: UChannel::Close: Sending CloseBunch. ChIndex == 0. Name: [UChannel] ChIndex: 0, Closing: 0 [UNetConnection] RemoteAddr: 127.0.0.1:63848, Name: IpConnection_2, Driver: GameNetDriver IpNetDriver_0, IsServer: YES, PC: MyPlayerController_C_2, Owner: MyPlayerController_C_2, UniqueId: NULL:DESKTOP-GH4GCSH-3B72AEDF454328B4F76AD79769ECBF4F
[2021.10.22-06.43.42:650][142]LogOnlineSession: Warning: OSS: No game present to leave for session (GameSession)
[2021.10.22-06.45.02:069][521]LogNet: NotifyAcceptingConnection accepted from: 127.0.0.1:56820
[2021.10.22-06.45.02:069][521]LogHandshake: SendConnectChallenge. Timestamp: 150.939407, Cookie: 253028224136135049225128136187100229178026114049020012204134
[2021.10.22-06.45.02:102][522]LogNet: NotifyAcceptingConnection accepted from: 127.0.0.1:56820
[2021.10.22-06.45.02:102][522]LogHandshake: SendChallengeAck. InCookie: 253028224136135049225128136187100229178026114049020012204134
[2021.10.22-06.45.02:102][522]LogNet: Server accepting post-challenge connection from: 127.0.0.1:56820
[2021.10.22-06.45.02:103][522]PacketHandlerLog: Loaded PacketHandler component: Engine.EngineHandlerComponentFactory (StatelessConnectHandlerComponent)
[2021.10.22-06.45.02:103][522]LogNet: NotifyAcceptedConnection: Name: Level_01, TimeStamp: 10/22/21 14:45:02, [UNetConnection] RemoteAddr: 127.0.0.1:56820, Name: IpConnection_3, Driver: GameNetDriver IpNetDriver_0, IsServer: YES, PC: NULL, Owner: NULL, UniqueId: INVALID
[2021.10.22-06.45.02:104][522]LogNet: AddClientConnection: Added client connection: [UNetConnection] RemoteAddr: 127.0.0.1:56820, Name: IpConnection_3, Driver: GameNetDriver IpNetDriver_0, IsServer: YES, PC: NULL, Owner: NULL, UniqueId: INVALID
[2021.10.22-06.45.02:136][523]LogNet: NotifyAcceptingChannel Control 0 server World /Game/Maps/Level_01.Level_01: Accepted
[2021.10.22-06.45.02:136][523]LogNet: Remote platform little endian=1
[2021.10.22-06.45.02:136][523]LogNet: This platform little endian=1
[2021.10.22-06.45.02:169][524]LogNet: Login request: ?Name=DESKTOP-GH4GCSH-B5FA509B40A747BBC9DD6B8EB2AF763E userId: NULL:DESKTOP-GH4GCSH-B5FA509B40A747BBC9DD6B8EB2AF763E platform: NULL
[2021.10.22-06.45.02:202][525]LogNet: Client netspeed is 100000
[2021.10.22-06.45.02:469][533]LogNet: Join request: /Engine/Maps/Entry?Name=DESKTOP-GH4GCSH-B5FA509B40A747BBC9DD6B8EB2AF763E?SplitscreenCount=1
[2021.10.22-06.45.02:469][533]LogOnlineSession: Warning: OSS: No game present to join for session (GameSession)
[2021.10.22-06.45.02:472][533]LogNet: Join succeeded: DESKTOP-GH4GCSH-B5FA
[2021.10.22-06.45.16:150][941]LogNet: NotifyAcceptingConnection accepted from: 127.0.0.1:54381
[2021.10.22-06.45.16:150][941]LogHandshake: SendConnectChallenge. Timestamp: 165.020960, Cookie: 224043213061029236197098191053084139035219156106105245169162
[2021.10.22-06.45.16:185][942]LogNet: NotifyAcceptingConnection accepted from: 127.0.0.1:54381
[2021.10.22-06.45.16:186][942]LogHandshake: SendChallengeAck. InCookie: 224043213061029236197098191053084139035219156106105245169162
[2021.10.22-06.45.16:187][942]LogNet: Server accepting post-challenge connection from: 127.0.0.1:54381
[2021.10.22-06.45.16:187][942]PacketHandlerLog: Loaded PacketHandler component: Engine.EngineHandlerComponentFactory (StatelessConnectHandlerComponent)
[2021.10.22-06.45.16:188][942]LogNet: NotifyAcceptedConnection: Name: Level_01, TimeStamp: 10/22/21 14:45:16, [UNetConnection] RemoteAddr: 127.0.0.1:54381, Name: IpConnection_4, Driver: GameNetDriver IpNetDriver_0, IsServer: YES, PC: NULL, Owner: NULL, UniqueId: INVALID
[2021.10.22-06.45.16:188][942]LogNet: AddClientConnection: Added client connection: [UNetConnection] RemoteAddr: 127.0.0.1:54381, Name: IpConnection_4, Driver: GameNetDriver IpNetDriver_0, IsServer: YES, PC: NULL, Owner: NULL, UniqueId: INVALID
[2021.10.22-06.45.16:219][943]LogNet: NotifyAcceptingChannel Control 0 server World /Game/Maps/Level_01.Level_01: Accepted
[2021.10.22-06.45.16:219][943]LogNet: Remote platform little endian=1
[2021.10.22-06.45.16:220][943]LogNet: This platform little endian=1
[2021.10.22-06.45.16:221][943]LogNet: Login request: ?Name=DESKTOP-GH4GCSH-A68455F4401F28D1F789E19767C763C9 userId: NULL:DESKTOP-GH4GCSH-A68455F4401F28D1F789E19767C763C9 platform: NULL
[2021.10.22-06.45.16:555][953]LogNet: Client netspeed is 100000
[2021.10.22-06.45.16:557][953]LogNet: Join request: /Engine/Maps/Entry?Name=DESKTOP-GH4GCSH-A68455F4401F28D1F789E19767C763C9?SplitscreenCount=1
[2021.10.22-06.45.16:557][953]LogOnlineSession: Warning: OSS: No game present to join for session (GameSession)
[2021.10.22-06.45.16:563][953]LogNet: Join succeeded: DESKTOP-GH4GCSH-A684
[2021.10.22-06.45.38:985][623]LogNet: UChannel::ReceivedSequencedBunch: Bunch.bClose == true. ChIndex == 0. Calling ConditionalCleanUp.
[2021.10.22-06.45.38:985][623]LogNet: UChannel::CleanUp: ChIndex == 0. Closing connection. [UChannel] ChIndex: 0, Closing: 0 [UNetConnection] RemoteAddr: 127.0.0.1:54381, Name: IpConnection_4, Driver: GameNetDriver IpNetDriver_0, IsServer: YES, PC: MyPlayerController_C_4, Owner: MyPlayerController_C_4, UniqueId: NULL:DESKTOP-GH4GCSH-A68455F4401F28D1F789E19767C763C9
[2021.10.22-06.45.38:985][623]LogNet: UNetConnection::Close: [UNetConnection] RemoteAddr: 127.0.0.1:54381, Name: IpConnection_4, Driver: GameNetDriver IpNetDriver_0, IsServer: YES, PC: MyPlayerController_C_4, Owner: MyPlayerController_C_4, UniqueId: NULL:DESKTOP-GH4GCSH-A68455F4401F28D1F789E19767C763C9, Channels: 14, Time: 2021.10.22-06.45.38
[2021.10.22-06.45.38:985][623]LogNet: UChannel::Close: Sending CloseBunch. ChIndex == 0. Name: [UChannel] ChIndex: 0, Closing: 0 [UNetConnection] RemoteAddr: 127.0.0.1:54381, Name: IpConnection_4, Driver: GameNetDriver IpNetDriver_0, IsServer: YES, PC: MyPlayerController_C_4, Owner: MyPlayerController_C_4, UniqueId: NULL:DESKTOP-GH4GCSH-A68455F4401F28D1F789E19767C763C9
[2021.10.22-06.45.38:986][623]LogOnlineSession: Warning: OSS: No game present to leave for session (GameSession)
[2021.10.22-06.45.41:836][708]LogNet: UChannel::ReceivedSequencedBunch: Bunch.bClose == true. ChIndex == 0. Calling ConditionalCleanUp.
[2021.10.22-06.45.41:838][708]LogNet: UChannel::CleanUp: ChIndex == 0. Closing connection. [UChannel] ChIndex: 0, Closing: 0 [UNetConnection] RemoteAddr: 127.0.0.1:56820, Name: IpConnection_3, Driver: GameNetDriver IpNetDriver_0, IsServer: YES, PC: MyPlayerController_C_3, Owner: MyPlayerController_C_3, UniqueId: NULL:DESKTOP-GH4GCSH-B5FA509B40A747BBC9DD6B8EB2AF763E
[2021.10.22-06.45.41:838][708]LogNet: UNetConnection::Close: [UNetConnection] RemoteAddr: 127.0.0.1:56820, Name: IpConnection_3, Driver: GameNetDriver IpNetDriver_0, IsServer: YES, PC: MyPlayerController_C_3, Owner: MyPlayerController_C_3, UniqueId: NULL:DESKTOP-GH4GCSH-B5FA509B40A747BBC9DD6B8EB2AF763E, Channels: 12, Time: 2021.10.22-06.45.41
[2021.10.22-06.45.41:839][708]LogNet: UChannel::Close: Sending CloseBunch. ChIndex == 0. Name: [UChannel] ChIndex: 0, Closing: 0 [UNetConnection] RemoteAddr: 127.0.0.1:56820, Name: IpConnection_3, Driver: GameNetDriver IpNetDriver_0, IsServer: YES, PC: MyPlayerController_C_3, Owner: MyPlayerController_C_3, UniqueId: NULL:DESKTOP-GH4GCSH-B5FA509B40A747BBC9DD6B8EB2AF763E
[2021.10.22-06.45.41:839][708]LogOnlineSession: Warning: OSS: No game present to leave for session (GameSession)
[2021.10.22-06.46.31:635][198]LogProjectileMovement: Warning: BP_Projectile_C_0 is outside the world bounds!
[2021.10.22-06.46.32:405][221]LogProjectileMovement: Warning: BP_Projectile_C_1 is outside the world bounds!
[2021.10.22-06.46.33:077][241]LogProjectileMovement: Warning: BP_Projectile_C_2 is outside the world bounds!
[2021.10.22-06.46.34:383][280]LogProjectileMovement: Warning: BP_Projectile_C_3 is outside the world bounds!
