Log file open, 10/22/21 14:44:40
LogWindows: Failed to load 'aqProf.dll' (GetLastError=126)
LogWindows: File 'aqProf.dll' does not exist
LogWindows: Failed to load 'VtuneApi.dll' (GetLastError=126)
LogWindows: File 'VtuneApi.dll' does not exist
LogWindows: Failed to load 'VtuneApi32e.dll' (GetLastError=126)
LogWindows: File 'VtuneApi32e.dll' does not exist
LogConsoleResponse: Display: Failed to find resolution value strings in scalability ini. Falling back to default.
LogConsoleResponse: Display: Failed to find resolution value strings in scalability ini. Falling back to default.
LogInit: Display: Running engine for game: Netshoot
LogPlatformFile: Not using cached read wrapper
LogTaskGraph: Started task graph with 5 named threads and 17 total threads with 3 sets of task threads.
LogStats: Stats thread started at 0.123929
LogICUInternationalization: ICU TimeZone Detection - Raw Offset: +8:00, Platform Override: ''
LogInit: Display: Loading text-based GConfig....
LogPluginManager: Mounting plugin MeshPainting
LogPluginManager: Mounting plugin XGEController
LogPluginManager: Mounting plugin Paper2D
LogPluginManager: Mounting plugin AISupport
LogPluginManager: Mounting plugin EnvironmentQueryEditor
LogPluginManager: Mounting plugin LiveLink
LogPluginManager: Mounting plugin LightPropagationVolume
LogPluginManager: Mounting plugin CameraShakePreviewer
LogPluginManager: Mounting plugin GameplayCameras
LogPluginManager: Mounting plugin OodleData
LogPluginManager: Mounting plugin OodleNetwork
LogPluginManager: Mounting plugin AnimationSharing
LogPluginManager: Mounting plugin CLionSourceCodeAccess
LogPluginManager: Mounting plugin CodeLiteSourceCodeAccess
LogPluginManager: Mounting plugin GitSourceControl
LogPluginManager: Mounting plugin KDevelopSourceCodeAccess
LogPluginManager: Mounting plugin NullSourceCodeAccess
LogPluginManager: Mounting plugin PerforceSourceControl
LogPluginManager: Mounting plugin PixWinPlugin
LogPluginManager: Mounting plugin PlasticSourceControl
LogPluginManager: Mounting plugin PluginUtils
LogPluginManager: Mounting plugin PropertyAccessNode
LogPluginManager: Mounting plugin RiderSourceCodeAccess
LogPluginManager: Mounting plugin SubversionSourceControl
LogPluginManager: Mounting plugin TextureFormatOodle
LogPluginManager: Mounting plugin UObjectPlugin
LogPluginManager: Mounting plugin VisualStudioCodeSourceCodeAccess
LogPluginManager: Mounting plugin VisualStudioSourceCodeAccess
LogPluginManager: Mounting plugin XCodeSourceCodeAccess
LogPluginManager: Mounting plugin AssetManagerEditor
LogPluginManager: Mounting plugin CryptoKeys
LogPluginManager: Mounting plugin CurveEditorTools
LogPluginManager: Mounting plugin DataValidation
LogPluginManager: Mounting plugin FacialAnimation
LogPluginManager: Mounting plugin GameplayTagsEditor
LogPluginManager: Mounting plugin GeometryMode
LogPluginManager: Mounting plugin MacGraphicsSwitching
LogPluginManager: Mounting plugin MaterialAnalyzer
LogPluginManager: Mounting plugin MobileLauncherProfileWizard
LogPluginManager: Mounting plugin PluginBrowser
LogPluginManager: Mounting plugin SpeedTreeImporter
LogPluginManager: Mounting plugin DatasmithContent
LogPluginManager: Mounting plugin VariantManagerContent
LogPluginManager: Mounting plugin AlembicImporter
LogPluginManager: Mounting plugin AutomationUtils
LogPluginManager: Mounting plugin BackChannel
LogPluginManager: Mounting plugin ChaosCloth
LogPluginManager: Mounting plugin ChaosClothEditor
LogPluginManager: Mounting plugin ChaosEditor
LogPluginManager: Mounting plugin ChaosNiagara
LogPluginManager: Mounting plugin ChaosSolverPlugin
LogPluginManager: Mounting plugin CharacterAI
LogPluginManager: Mounting plugin GeometryCache
LogPluginManager: Mounting plugin GeometryCollectionPlugin
LogPluginManager: Mounting plugin GeometryProcessing
LogPluginManager: Mounting plugin MotoSynth
LogPluginManager: Mounting plugin OpenImageDenoise
LogPluginManager: Mounting plugin PlanarCut
LogPluginManager: Mounting plugin PlatformCrypto
LogPluginManager: Mounting plugin ProxyLODPlugin
LogPluginManager: Mounting plugin PythonScriptPlugin
LogPluginManager: Mounting plugin SkeletalReduction
LogPluginManager: Mounting plugin Niagara
LogPluginManager: Mounting plugin LuminPlatformFeatures
LogPluginManager: Mounting plugin MagicLeap
LogPluginManager: Mounting plugin MagicLeapLightEstimation
LogPluginManager: Mounting plugin MagicLeapMedia
LogPluginManager: Mounting plugin MagicLeapPassableWorld
LogPluginManager: Mounting plugin MLSDK
LogPluginManager: Mounting plugin AndroidMedia
LogPluginManager: Mounting plugin AvfMedia
LogPluginManager: Mounting plugin ImgMedia
LogPluginManager: Mounting plugin MediaCompositing
LogPluginManager: Mounting plugin MediaPlayerEditor
LogPluginManager: Mounting plugin WebMMedia
LogPluginManager: Mounting plugin WmfMedia
LogPluginManager: Mounting plugin TcpMessaging
LogPluginManager: Mounting plugin UdpMessaging
LogPluginManager: Mounting plugin ActorSequence
LogPluginManager: Mounting plugin LevelSequenceEditor
LogPluginManager: Mounting plugin MatineeToLevelSequence
LogPluginManager: Mounting plugin TemplateSequence
LogPluginManager: Mounting plugin OnlineSubsystem
LogPluginManager: Mounting plugin OnlineSubsystemNull
LogPluginManager: Mounting plugin OnlineSubsystemUtils
LogPluginManager: Mounting plugin LauncherChunkInstaller
LogPluginManager: Mounting plugin ActorLayerUtilities
LogPluginManager: Mounting plugin AndroidDeviceProfileSelector
LogPluginManager: Mounting plugin AndroidMoviePlayer
LogPluginManager: Mounting plugin AndroidPermission
LogPluginManager: Mounting plugin AppleImageUtils
LogPluginManager: Mounting plugin AppleMoviePlayer
LogPluginManager: Mounting plugin ArchVisCharacter
LogPluginManager: Mounting plugin AssetTags
LogPluginManager: Mounting plugin AudioCapture
LogPluginManager: Mounting plugin AudioSynesthesia
LogPluginManager: Mounting plugin CableComponent
LogPluginManager: Mounting plugin ChunkDownloader
LogPluginManager: Mounting plugin CustomMeshComponent
LogPluginManager: Mounting plugin EditableMesh
LogPluginManager: Mounting plugin ExampleDeviceProfileSelector
LogPluginManager: Mounting plugin GoogleCloudMessaging
LogPluginManager: Mounting plugin GooglePAD
LogPluginManager: Mounting plugin IOSDeviceProfileSelector
LogPluginManager: Mounting plugin LinuxDeviceProfileSelector
LogPluginManager: Mounting plugin LocationServicesBPLibrary
LogPluginManager: Mounting plugin MobilePatchingUtils
LogPluginManager: Mounting plugin OpenXR
LogPluginManager: Mounting plugin OpenXREyeTracker
LogPluginManager: Mounting plugin OpenXRHandTracking
LogPluginManager: Mounting plugin PhysXVehicles
LogPluginManager: Mounting plugin PostSplashScreen
LogPluginManager: Mounting plugin ProceduralMeshComponent
LogPluginManager: Mounting plugin PropertyAccessEditor
LogPluginManager: Mounting plugin RuntimePhysXCooking
LogPluginManager: Mounting plugin SignificanceManager
LogPluginManager: Mounting plugin SoundFields
LogPluginManager: Mounting plugin Synthesis
LogPluginManager: Mounting plugin WebMMoviePlayer
LogPluginManager: Mounting plugin WindowsMoviePlayer
LogPluginManager: Mounting plugin ScreenshotTools
LogPluginManager: Mounting plugin Takes
LogPluginManager: Mounting plugin ContentBrowserAssetDataSource
LogPluginManager: Mounting plugin ContentBrowserClassDataSource
LogPluginManager: Mounting plugin ContentBrowserFileDataSource
LogPluginManager: Mounting plugin OnlineSubsystemGooglePlay
LogPluginManager: Mounting plugin OnlineSubsystemIOS
LogPluginManager: Mounting plugin OculusVR
LogPluginManager: Mounting plugin SteamVR
PixWinPlugin: PIX capture plugin failed to initialize! Check that the process is launched from PIX.
LogInit: Using libcurl 7.55.1-DEV
LogInit:  - built for x86_64-pc-win32
LogInit:  - supports SSL with OpenSSL/1.1.1
LogInit:  - supports HTTP deflate (compression) using libz 1.2.8
LogInit:  - other features:
LogInit:      CURL_VERSION_SSL
LogInit:      CURL_VERSION_LIBZ
LogInit:      CURL_VERSION_IPV6
LogInit:      CURL_VERSION_ASYNCHDNS
LogInit:      CURL_VERSION_LARGEFILE
LogInit:      CURL_VERSION_IDN
LogInit:  CurlRequestOptions (configurable via config and command line):
LogInit:  - bVerifyPeer = true  - Libcurl will verify peer certificate
LogInit:  - bUseHttpProxy = false  - Libcurl will NOT use HTTP proxy
LogInit:  - bDontReuseConnections = false  - Libcurl will reuse connections
LogInit:  - MaxHostConnections = 16  - Libcurl will limit the number of connections to a host
LogInit:  - LocalHostAddr = Default
LogInit:  - BufferSize = 65536
LogOnline: Warning: OSS: TryLoadSubsystemAndSetDefault: LoadSubsystemModule([Steam]) failed
LogOnline: OSS: Creating online subsystem instance for: NULL
LogInit: WinSock: version 1.1 (2.2), MaxSocks=32767, MaxUdp=65467
LogOnline: OSS: TryLoadSubsystemAndSetDefault: Loaded subsystem for module [NULL]
LogInit: Build: ++UE4+Release-4.27-CL-0
LogInit: Engine Version: 4.27.0-0+++UE4+Release-4.27
LogInit: Compatible Engine Version: 4.27.0-0+++UE4+Release-4.27
LogInit: Net CL: 0
LogInit: OS: Windows 10 (Release 2009) (), CPU: Intel(R) Core(TM) i5-8400 CPU @ 2.80GHz, GPU: NVIDIA GeForce GTX 1060 6GB
LogInit: Compiled (64-bit): Oct 12 2021 09:26:09
LogInit: Compiled with Visual C++: 19.29.30136.00
LogInit: Build Configuration: Development
LogInit: Branch Name: ++UE4+Release-4.27
LogInit: Command Line:  Level_01 -server -log -nosteam
LogInit: Base Directory: D:/ue4code/UnrealEngine/Engine/Binaries/Win64/
LogInit: Allocator: TBB
LogInit: Installed Engine Build: 0
LogDevObjectVersion: Number of dev versions registered: 29
LogDevObjectVersion:   Dev-Blueprints (B0D832E4-1F89-4F0D-ACCF-7EB736FD4AA2): 10
LogDevObjectVersion:   Dev-Build (E1C64328-A22C-4D53-A36C-8E866417BD8C): 0
LogDevObjectVersion:   Dev-Core (375EC13C-06E4-48FB-B500-84F0262A717E): 4
LogDevObjectVersion:   Dev-Editor (E4B068ED-F494-42E9-A231-DA0B2E46BB41): 40
LogDevObjectVersion:   Dev-Framework (CFFC743F-43B0-4480-9391-14DF171D2073): 37
LogDevObjectVersion:   Dev-Mobile (B02B49B5-BB20-44E9-A304-32B752E40360): 3
LogDevObjectVersion:   Dev-Networking (A4E4105C-59A1-49B5-A7C5-40C4547EDFEE): 0
LogDevObjectVersion:   Dev-Online (39C831C9-5AE6-47DC-9A44-9C173E1C8E7C): 0
LogDevObjectVersion:   Dev-Physics (78F01B33-EBEA-4F98-B9B4-84EACCB95AA2): 14
LogDevObjectVersion:   Dev-Platform (6631380F-2D4D-43E0-8009-CF276956A95A): 0
LogDevObjectVersion:   Dev-Rendering (12F88B9F-8875-4AFC-A67C-D90C383ABD29): 45
LogDevObjectVersion:   Dev-Sequencer (7B5AE74C-D270-4C10-A958-57980B212A5A): 13
LogDevObjectVersion:   Dev-VR (D7296918-1DD6-4BDD-9DE2-64A83CC13884): 3
LogDevObjectVersion:   Dev-LoadTimes (C2A15278-BFE7-4AFE-6C17-90FF531DF755): 1
LogDevObjectVersion:   Private-Geometry (6EACA3D4-40EC-4CC1-B786-8BED09428FC5): 3
LogDevObjectVersion:   Dev-AnimPhys (29E575DD-E0A3-4627-9D10-D276232CDCEA): 17
LogDevObjectVersion:   Dev-Anim (AF43A65D-7FD3-4947-9873-3E8ED9C1BB05): 15
LogDevObjectVersion:   Dev-ReflectionCapture (6B266CEC-1EC7-4B8F-A30B-E4D90942FC07): 1
LogDevObjectVersion:   Dev-Automation (0DF73D61-A23F-47EA-B727-89E90C41499A): 1
LogDevObjectVersion:   FortniteMain (601D1886-AC64-4F84-AA16-D3DE0DEAC7D6): 47
LogDevObjectVersion:   FortniteRelease (E7086368-6B23-4C58-8439-1B7016265E91): 1
LogDevObjectVersion:   Dev-Enterprise (9DFFBCD6-494F-0158-E221-12823C92A888): 10
LogDevObjectVersion:   Dev-Niagara (F2AED0AC-9AFE-416F-8664-AA7FFA26D6FC): 1
LogDevObjectVersion:   Dev-Destruction (174F1F0B-B4C6-45A5-B13F-2EE8D0FB917D): 10
LogDevObjectVersion:   Dev-Physics-Ext (35F94A83-E258-406C-A318-09F59610247C): 41
LogDevObjectVersion:   Dev-PhysicsMaterial-Chaos (B68FC16E-8B1B-42E2-B453-215C058844FE): 1
LogDevObjectVersion:   Dev-CineCamera (B2E18506-4273-CFC2-A54E-F4BB758BBA07): 1
LogDevObjectVersion:   Dev-VirtualProduction (64F58936-FD1B-42BA-BA96-7289D5D0FA4E): 1
LogDevObjectVersion:   Dev-MediaFramework (6F0ED827-A609-4895-9C91-998D90180EA4): 2
LogInit: Presizing for max 25165824 objects, including 0 objects not considered by GC, pre-allocating 0 bytes for permanent pool.
LogConfig: Applying CVar settings from Section [/Script/Engine.StreamingSettings] File [D:/ue4Project/tencentClassProject/Netshoot/Saved/Config/Windows/Engine.ini]
LogConfig: Setting CVar [[s.MinBulkDataSizeForAsyncLoading:131072]]
LogConfig: Setting CVar [[s.AsyncLoadingThreadEnabled:0]]
LogConfig: Setting CVar [[s.EventDrivenLoaderEnabled:1]]
LogConfig: Setting CVar [[s.WarnIfTimeLimitExceeded:0]]
LogConfig: Setting CVar [[s.TimeLimitExceededMultiplier:1.5]]
LogConfig: Setting CVar [[s.TimeLimitExceededMinTime:0.005]]
LogConfig: Setting CVar [[s.UseBackgroundLevelStreaming:1]]
LogConfig: Setting CVar [[s.PriorityAsyncLoadingExtraTime:15.0]]
LogConfig: Setting CVar [[s.LevelStreamingActorsUpdateTimeLimit:5.0]]
LogConfig: Setting CVar [[s.PriorityLevelStreamingActorsUpdateExtraTime:5.0]]
LogConfig: Setting CVar [[s.LevelStreamingComponentsRegistrationGranularity:10]]
LogConfig: Setting CVar [[s.UnregisterComponentsTimeLimit:1.0]]
LogConfig: Setting CVar [[s.LevelStreamingComponentsUnregistrationGranularity:5]]
LogConfig: Setting CVar [[s.FlushStreamingOnExit:1]]
LogInit: Object subsystem initialized
LogConfig: Setting CVar [[con.DebugEarlyDefault:1]]
LogConfig: Setting CVar [[r.setres:1280x720]]
[2021.10.22-06.44.40:877][  0]LogConfig: Setting CVar [[con.DebugEarlyDefault:1]]
[2021.10.22-06.44.40:878][  0]LogConfig: Setting CVar [[r.setres:1280x720]]
[2021.10.22-06.44.40:878][  0]LogConfig: Applying CVar settings from Section [/Script/Engine.RendererSettings] File [D:/ue4Project/tencentClassProject/Netshoot/Saved/Config/Windows/Engine.ini]
[2021.10.22-06.44.40:879][  0]LogConfig: Setting CVar [[r.GPUCrashDebugging:0]]
[2021.10.22-06.44.40:879][  0]LogConfig: Setting CVar [[r.MobileHDR:1]]
[2021.10.22-06.44.40:879][  0]LogConfig: Setting CVar [[r.AllowOcclusionQueries:1]]
[2021.10.22-06.44.40:879][  0]LogConfig: Setting CVar [[r.MinScreenRadiusForLights:0.030000]]
[2021.10.22-06.44.40:880][  0]LogConfig: Setting CVar [[r.MinScreenRadiusForDepthPrepass:0.030000]]
[2021.10.22-06.44.40:880][  0]LogConfig: Setting CVar [[r.PrecomputedVisibilityWarning:0]]
[2021.10.22-06.44.40:880][  0]LogConfig: Setting CVar [[r.TextureStreaming:1]]
[2021.10.22-06.44.40:881][  0]LogConfig: Setting CVar [[Compat.UseDXT5NormalMaps:0]]
[2021.10.22-06.44.40:881][  0]LogConfig: Setting CVar [[r.AllowStaticLighting:1]]
[2021.10.22-06.44.40:881][  0]LogConfig: Setting CVar [[r.NormalMapsForStaticLighting:0]]
[2021.10.22-06.44.40:881][  0]LogConfig: Setting CVar [[r.GenerateMeshDistanceFields:1]]
[2021.10.22-06.44.40:882][  0]LogConfig: Setting CVar [[r.TessellationAdaptivePixelsPerTriangle:48.000000]]
[2021.10.22-06.44.40:882][  0]LogConfig: Setting CVar [[r.SeparateTranslucency:1]]
[2021.10.22-06.44.40:882][  0]LogConfig: Setting CVar [[r.CustomDepth:1]]
[2021.10.22-06.44.40:882][  0]LogConfig: Setting CVar [[r.DefaultFeature.Bloom:1]]
[2021.10.22-06.44.40:883][  0]LogConfig: Setting CVar [[r.DefaultFeature.AmbientOcclusion:1]]
[2021.10.22-06.44.40:883][  0]LogConfig: Setting CVar [[r.DefaultFeature.AmbientOcclusionStaticFraction:1]]
[2021.10.22-06.44.40:883][  0]LogConfig: Setting CVar [[r.DefaultFeature.AutoExposure:1]]
[2021.10.22-06.44.40:883][  0]LogConfig: Setting CVar [[r.DefaultFeature.MotionBlur:1]]
[2021.10.22-06.44.40:884][  0]LogConfig: Setting CVar [[r.DefaultFeature.LensFlare:1]]
[2021.10.22-06.44.40:884][  0]LogConfig: Setting CVar [[r.DefaultFeature.AntiAliasing:2]]
[2021.10.22-06.44.40:884][  0]LogConfig: Setting CVar [[r.EarlyZPass:3]]
[2021.10.22-06.44.40:885][  0]LogConfig: Setting CVar [[r.DBuffer:0]]
[2021.10.22-06.44.40:885][  0]LogConfig: Setting CVar [[r.ClearSceneMethod:1]]
[2021.10.22-06.44.40:885][  0]LogConfig: Setting CVar [[r.MSAA.CompositingSampleCount:4]]
[2021.10.22-06.44.40:885][  0]LogConfig: Setting CVar [[r.WireframeCullThreshold:5.000000]]
[2021.10.22-06.44.40:886][  0]LogConfig: Applying CVar settings from Section [/Script/Engine.RendererOverrideSettings] File [D:/ue4Project/tencentClassProject/Netshoot/Saved/Config/Windows/Engine.ini]
[2021.10.22-06.44.40:886][  0]LogConfig: Applying CVar settings from Section [/Script/Engine.StreamingSettings] File [D:/ue4Project/tencentClassProject/Netshoot/Saved/Config/Windows/Engine.ini]
[2021.10.22-06.44.40:886][  0]LogConfig: Setting CVar [[s.MinBulkDataSizeForAsyncLoading:131072]]
[2021.10.22-06.44.40:887][  0]LogConfig: Setting CVar [[s.AsyncLoadingThreadEnabled:0]]
[2021.10.22-06.44.40:887][  0]LogConfig: Setting CVar [[s.EventDrivenLoaderEnabled:1]]
[2021.10.22-06.44.40:887][  0]LogConfig: Setting CVar [[s.WarnIfTimeLimitExceeded:0]]
[2021.10.22-06.44.40:887][  0]LogConfig: Setting CVar [[s.TimeLimitExceededMultiplier:1.5]]
[2021.10.22-06.44.40:888][  0]LogConfig: Setting CVar [[s.TimeLimitExceededMinTime:0.005]]
[2021.10.22-06.44.40:888][  0]LogConfig: Setting CVar [[s.UseBackgroundLevelStreaming:1]]
[2021.10.22-06.44.40:888][  0]LogConfig: Setting CVar [[s.PriorityAsyncLoadingExtraTime:15.0]]
[2021.10.22-06.44.40:888][  0]LogConfig: Setting CVar [[s.LevelStreamingActorsUpdateTimeLimit:5.0]]
[2021.10.22-06.44.40:889][  0]LogConfig: Setting CVar [[s.PriorityLevelStreamingActorsUpdateExtraTime:5.0]]
[2021.10.22-06.44.40:889][  0]LogConfig: Setting CVar [[s.LevelStreamingComponentsRegistrationGranularity:10]]
[2021.10.22-06.44.40:889][  0]LogConfig: Setting CVar [[s.UnregisterComponentsTimeLimit:1.0]]
[2021.10.22-06.44.40:889][  0]LogConfig: Setting CVar [[s.LevelStreamingComponentsUnregistrationGranularity:5]]
[2021.10.22-06.44.40:890][  0]LogConfig: Setting CVar [[s.FlushStreamingOnExit:1]]
[2021.10.22-06.44.40:892][  0]LogConfig: Applying CVar settings from Section [/Script/Engine.GarbageCollectionSettings] File [D:/ue4Project/tencentClassProject/Netshoot/Saved/Config/Windows/Engine.ini]
[2021.10.22-06.44.40:892][  0]LogConfig: Setting CVar [[gc.MaxObjectsNotConsideredByGC:1]]
[2021.10.22-06.44.40:892][  0]LogConfig: Setting CVar [[gc.SizeOfPermanentObjectPool:0]]
[2021.10.22-06.44.40:892][  0]LogConfig: Setting CVar [[gc.FlushStreamingOnGC:0]]
[2021.10.22-06.44.40:893][  0]LogConfig: Setting CVar [[gc.NumRetriesBeforeForcingGC:10]]
[2021.10.22-06.44.40:893][  0]LogConfig: Setting CVar [[gc.AllowParallelGC:1]]
[2021.10.22-06.44.40:893][  0]LogConfig: Setting CVar [[gc.TimeBetweenPurgingPendingKillObjects:61.1]]
[2021.10.22-06.44.40:893][  0]LogConfig: Setting CVar [[gc.MaxObjectsInEditor:25165824]]
[2021.10.22-06.44.40:894][  0]LogConfig: Setting CVar [[gc.IncrementalBeginDestroyEnabled:1]]
[2021.10.22-06.44.40:894][  0]LogConfig: Setting CVar [[gc.CreateGCClusters:1]]
[2021.10.22-06.44.40:894][  0]LogConfig: Setting CVar [[gc.MinGCClusterSize:5]]
[2021.10.22-06.44.40:895][  0]LogConfig: Setting CVar [[gc.ActorClusteringEnabled:0]]
[2021.10.22-06.44.40:895][  0]LogConfig: Setting CVar [[gc.BlueprintClusteringEnabled:0]]
[2021.10.22-06.44.40:895][  0]LogConfig: Setting CVar [[gc.UseDisregardForGCOnDedicatedServers:0]]
[2021.10.22-06.44.40:895][  0]LogConfig: Setting CVar [[gc.MultithreadedDestructionEnabled:1]]
[2021.10.22-06.44.40:896][  0]LogConfig: Applying CVar settings from Section [/Script/Engine.NetworkSettings] File [D:/ue4Project/tencentClassProject/Netshoot/Saved/Config/Windows/Engine.ini]
[2021.10.22-06.44.40:896][  0]LogConfig: Applying CVar settings from Section [/Script/UnrealEd.CookerSettings] File [D:/ue4Project/tencentClassProject/Netshoot/Saved/Config/Windows/Engine.ini]
[2021.10.22-06.44.40:896][  0]LogConfig: Applying CVar settings from Section [ViewDistanceQuality@3] File [D:/ue4Project/tencentClassProject/Netshoot/Saved/Config/Windows/Scalability.ini]
[2021.10.22-06.44.40:897][  0]LogConfig: Setting CVar [[r.SkeletalMeshLODBias:0]]
[2021.10.22-06.44.40:897][  0]LogConfig: Setting CVar [[r.ViewDistanceScale:1.0]]
[2021.10.22-06.44.40:897][  0]LogConfig: Applying CVar settings from Section [AntiAliasingQuality@3] File [D:/ue4Project/tencentClassProject/Netshoot/Saved/Config/Windows/Scalability.ini]
[2021.10.22-06.44.40:897][  0]LogConfig: Setting CVar [[r.PostProcessAAQuality:4]]
[2021.10.22-06.44.40:898][  0]LogConfig: Applying CVar settings from Section [ShadowQuality@3] File [D:/ue4Project/tencentClassProject/Netshoot/Saved/Config/Windows/Scalability.ini]
[2021.10.22-06.44.40:898][  0]LogConfig: Setting CVar [[r.LightFunctionQuality:1]]
[2021.10.22-06.44.40:898][  0]LogConfig: Setting CVar [[r.ShadowQuality:5]]
[2021.10.22-06.44.40:898][  0]LogConfig: Setting CVar [[r.Shadow.CSM.MaxCascades:10]]
[2021.10.22-06.44.40:899][  0]LogConfig: Setting CVar [[r.Shadow.MaxResolution:2048]]
[2021.10.22-06.44.40:899][  0]LogConfig: Setting CVar [[r.Shadow.MaxCSMResolution:2048]]
[2021.10.22-06.44.40:899][  0]LogConfig: Setting CVar [[r.Shadow.RadiusThreshold:0.01]]
[2021.10.22-06.44.40:899][  0]LogConfig: Setting CVar [[r.Shadow.DistanceScale:1.0]]
[2021.10.22-06.44.40:900][  0]LogConfig: Setting CVar [[r.Shadow.CSM.TransitionScale:1.0]]
[2021.10.22-06.44.40:900][  0]LogConfig: Setting CVar [[r.Shadow.PreShadowResolutionFactor:1.0]]
[2021.10.22-06.44.40:900][  0]LogConfig: Setting CVar [[r.DistanceFieldShadowing:1]]
[2021.10.22-06.44.40:900][  0]LogConfig: Setting CVar [[r.DistanceFieldAO:1]]
[2021.10.22-06.44.40:901][  0]LogConfig: Setting CVar [[r.AOQuality:2]]
[2021.10.22-06.44.40:901][  0]LogConfig: Setting CVar [[r.VolumetricFog:1]]
[2021.10.22-06.44.40:902][  0]LogConfig: Setting CVar [[r.VolumetricFog.GridPixelSize:8]]
[2021.10.22-06.44.40:902][  0]LogConfig: Setting CVar [[r.VolumetricFog.GridSizeZ:128]]
[2021.10.22-06.44.40:902][  0]LogConfig: Setting CVar [[r.VolumetricFog.HistoryMissSupersampleCount:4]]
[2021.10.22-06.44.40:902][  0]LogConfig: Setting CVar [[r.LightMaxDrawDistanceScale:1]]
[2021.10.22-06.44.40:903][  0]LogConfig: Setting CVar [[r.CapsuleShadows:1]]
[2021.10.22-06.44.40:903][  0]LogConfig: Applying CVar settings from Section [PostProcessQuality@3] File [D:/ue4Project/tencentClassProject/Netshoot/Saved/Config/Windows/Scalability.ini]
[2021.10.22-06.44.40:903][  0]LogConfig: Setting CVar [[r.MotionBlurQuality:4]]
[2021.10.22-06.44.40:903][  0]LogConfig: Setting CVar [[r.AmbientOcclusionMipLevelFactor:0.4]]
[2021.10.22-06.44.40:904][  0]LogConfig: Setting CVar [[r.AmbientOcclusionMaxQuality:100]]
[2021.10.22-06.44.40:904][  0]LogConfig: Setting CVar [[r.AmbientOcclusionLevels:-1]]
[2021.10.22-06.44.40:904][  0]LogConfig: Setting CVar [[r.AmbientOcclusionRadiusScale:1.0]]
[2021.10.22-06.44.40:905][  0]LogConfig: Setting CVar [[r.DepthOfFieldQuality:2]]
[2021.10.22-06.44.40:905][  0]LogConfig: Setting CVar [[r.RenderTargetPoolMin:400]]
[2021.10.22-06.44.40:905][  0]LogConfig: Setting CVar [[r.LensFlareQuality:2]]
[2021.10.22-06.44.40:905][  0]LogConfig: Setting CVar [[r.SceneColorFringeQuality:1]]
[2021.10.22-06.44.40:906][  0]LogConfig: Setting CVar [[r.EyeAdaptationQuality:2]]
[2021.10.22-06.44.40:909][  0]LogConfig: Setting CVar [[r.BloomQuality:5]]
[2021.10.22-06.44.40:909][  0]LogConfig: Setting CVar [[r.FastBlurThreshold:100]]
[2021.10.22-06.44.40:909][  0]LogConfig: Setting CVar [[r.Upscale.Quality:3]]
[2021.10.22-06.44.40:910][  0]LogConfig: Setting CVar [[r.Tonemapper.GrainQuantization:1]]
[2021.10.22-06.44.40:910][  0]LogConfig: Setting CVar [[r.LightShaftQuality:1]]
[2021.10.22-06.44.40:910][  0]LogConfig: Setting CVar [[r.Filter.SizeScale:1]]
[2021.10.22-06.44.40:910][  0]LogConfig: Setting CVar [[r.Tonemapper.Quality:5]]
[2021.10.22-06.44.40:911][  0]LogConfig: Setting CVar [[r.DOF.Gather.AccumulatorQuality:1        ; higher gathering accumulator quality]]
[2021.10.22-06.44.40:911][  0]LogConfig: Setting CVar [[r.DOF.Gather.PostfilterMethod:1          ; Median3x3 postfilering method]]
[2021.10.22-06.44.40:911][  0]LogConfig: Setting CVar [[r.DOF.Gather.EnableBokehSettings:0       ; no bokeh simulation when gathering]]
[2021.10.22-06.44.40:912][  0]LogConfig: Setting CVar [[r.DOF.Gather.RingCount:4                 ; medium number of samples when gathering]]
[2021.10.22-06.44.40:912][  0]LogConfig: Setting CVar [[r.DOF.Scatter.ForegroundCompositing:1    ; additive foreground scattering]]
[2021.10.22-06.44.40:912][  0]LogConfig: Setting CVar [[r.DOF.Scatter.BackgroundCompositing:2    ; additive background scattering]]
[2021.10.22-06.44.40:912][  0]LogConfig: Setting CVar [[r.DOF.Scatter.EnableBokehSettings:1      ; bokeh simulation when scattering]]
[2021.10.22-06.44.40:913][  0]LogConfig: Setting CVar [[r.DOF.Scatter.MaxSpriteRatio:0.1         ; only a maximum of 10% of scattered bokeh]]
[2021.10.22-06.44.40:913][  0]LogConfig: Setting CVar [[r.DOF.Recombine.Quality:1                ; cheap slight out of focus]]
[2021.10.22-06.44.40:913][  0]LogConfig: Setting CVar [[r.DOF.Recombine.EnableBokehSettings:0    ; no bokeh simulation on slight out of focus]]
[2021.10.22-06.44.40:913][  0]LogConfig: Setting CVar [[r.DOF.TemporalAAQuality:1                ; more stable temporal accumulation]]
[2021.10.22-06.44.40:914][  0]LogConfig: Setting CVar [[r.DOF.Kernel.MaxForegroundRadius:0.025]]
[2021.10.22-06.44.40:914][  0]LogConfig: Setting CVar [[r.DOF.Kernel.MaxBackgroundRadius:0.025]]
[2021.10.22-06.44.40:914][  0]LogConfig: Applying CVar settings from Section [TextureQuality@3] File [D:/ue4Project/tencentClassProject/Netshoot/Saved/Config/Windows/Scalability.ini]
[2021.10.22-06.44.40:915][  0]LogConfig: Setting CVar [[r.Streaming.MipBias:0]]
[2021.10.22-06.44.40:915][  0]LogConfig: Setting CVar [[r.Streaming.AmortizeCPUToGPUCopy:0]]
[2021.10.22-06.44.40:915][  0]LogConfig: Setting CVar [[r.Streaming.MaxNumTexturesToStreamPerFrame:0]]
[2021.10.22-06.44.40:915][  0]LogConfig: Setting CVar [[r.Streaming.Boost:1]]
[2021.10.22-06.44.40:916][  0]LogConfig: Setting CVar [[r.MaxAnisotropy:8]]
[2021.10.22-06.44.40:916][  0]LogConfig: Setting CVar [[r.VT.MaxAnisotropy:8]]
[2021.10.22-06.44.40:916][  0]LogConfig: Setting CVar [[r.Streaming.LimitPoolSizeToVRAM:0]]
[2021.10.22-06.44.40:916][  0]LogConfig: Setting CVar [[r.Streaming.PoolSize:1000]]
[2021.10.22-06.44.40:917][  0]LogConfig: Setting CVar [[r.Streaming.MaxEffectiveScreenSize:0]]
[2021.10.22-06.44.40:917][  0]LogConfig: Applying CVar settings from Section [EffectsQuality@3] File [D:/ue4Project/tencentClassProject/Netshoot/Saved/Config/Windows/Scalability.ini]
[2021.10.22-06.44.40:917][  0]LogConfig: Setting CVar [[r.TranslucencyLightingVolumeDim:64]]
[2021.10.22-06.44.40:918][  0]LogConfig: Setting CVar [[r.RefractionQuality:2]]
[2021.10.22-06.44.40:918][  0]LogConfig: Setting CVar [[r.SSR.Quality:3]]
[2021.10.22-06.44.40:919][  0]LogConfig: Setting CVar [[r.SSR.HalfResSceneColor:0]]
[2021.10.22-06.44.40:919][  0]LogConfig: Setting CVar [[r.SceneColorFormat:4]]
[2021.10.22-06.44.40:919][  0]LogConfig: Setting CVar [[r.DetailMode:2]]
[2021.10.22-06.44.40:919][  0]LogConfig: Setting CVar [[r.TranslucencyVolumeBlur:1]]
[2021.10.22-06.44.40:920][  0]LogConfig: Setting CVar [[r.MaterialQualityLevel:1 ; High quality]]
[2021.10.22-06.44.40:920][  0]LogConfig: Setting CVar [[r.AnisotropicMaterials:1]]
[2021.10.22-06.44.40:920][  0]LogConfig: Setting CVar [[r.SSS.Scale:1]]
[2021.10.22-06.44.40:921][  0]LogConfig: Setting CVar [[r.SSS.SampleSet:2]]
[2021.10.22-06.44.40:921][  0]LogConfig: Setting CVar [[r.SSS.Quality:1]]
[2021.10.22-06.44.40:921][  0]LogConfig: Setting CVar [[r.SSS.HalfRes:0]]
[2021.10.22-06.44.40:921][  0]LogConfig: Setting CVar [[r.SSGI.Quality:3]]
[2021.10.22-06.44.40:922][  0]LogConfig: Setting CVar [[r.EmitterSpawnRateScale:1.0]]
[2021.10.22-06.44.40:923][  0]LogConfig: Setting CVar [[r.ParticleLightQuality:2]]
[2021.10.22-06.44.40:924][  0]LogConfig: Setting CVar [[r.SkyAtmosphere.AerialPerspectiveLUT.FastApplyOnOpaque:1 ; Always have FastSkyLUT 1 in this case to avoid wrong sky]]
[2021.10.22-06.44.40:924][  0]LogConfig: Setting CVar [[r.SkyAtmosphere.AerialPerspectiveLUT.SampleCountMaxPerSlice:4]]
[2021.10.22-06.44.40:925][  0]LogConfig: Setting CVar [[r.SkyAtmosphere.AerialPerspectiveLUT.DepthResolution:16.0]]
[2021.10.22-06.44.40:925][  0]LogConfig: Setting CVar [[r.SkyAtmosphere.FastSkyLUT:1]]
[2021.10.22-06.44.40:925][  0]LogConfig: Setting CVar [[r.SkyAtmosphere.FastSkyLUT.SampleCountMin:4.0]]
[2021.10.22-06.44.40:926][  0]LogConfig: Setting CVar [[r.SkyAtmosphere.FastSkyLUT.SampleCountMax:128.0]]
[2021.10.22-06.44.40:926][  0]LogConfig: Setting CVar [[r.SkyAtmosphere.SampleCountMin:4.0]]
[2021.10.22-06.44.40:927][  0]LogConfig: Setting CVar [[r.SkyAtmosphere.SampleCountMax:128.0]]
[2021.10.22-06.44.40:927][  0]LogConfig: Setting CVar [[r.SkyAtmosphere.TransmittanceLUT.UseSmallFormat:0]]
[2021.10.22-06.44.40:928][  0]LogConfig: Setting CVar [[r.SkyAtmosphere.TransmittanceLUT.SampleCount:10.0]]
[2021.10.22-06.44.40:928][  0]LogConfig: Setting CVar [[r.SkyAtmosphere.MultiScatteringLUT.SampleCount:15.0]]
[2021.10.22-06.44.40:928][  0]LogConfig: Setting CVar [[r.SkyLight.RealTimeReflectionCapture:1]]
[2021.10.22-06.44.40:929][  0]LogConfig: Applying CVar settings from Section [FoliageQuality@3] File [D:/ue4Project/tencentClassProject/Netshoot/Saved/Config/Windows/Scalability.ini]
[2021.10.22-06.44.40:929][  0]LogConfig: Setting CVar [[foliage.DensityScale:1.0]]
[2021.10.22-06.44.40:929][  0]LogConfig: Setting CVar [[grass.DensityScale:1.0]]
[2021.10.22-06.44.40:929][  0]LogConfig: Applying CVar settings from Section [ShadingQuality@3] File [D:/ue4Project/tencentClassProject/Netshoot/Saved/Config/Windows/Scalability.ini]
[2021.10.22-06.44.40:930][  0]LogConfig: Setting CVar [[r.HairStrands.SkyLighting.IntegrationType:2]]
[2021.10.22-06.44.40:930][  0]LogConfig: Setting CVar [[r.HairStrands.SkyAO.SampleCount:4]]
[2021.10.22-06.44.40:930][  0]LogConfig: Setting CVar [[r.HairStrands.Visibility.MSAA.SamplePerPixel:4]]
[2021.10.22-06.44.40:931][  0]LogInit: Selected Device Profile: [Windows]
[2021.10.22-06.44.40:931][  0]LogInit: Applying CVar settings loaded from the selected device profile: [Windows]
[2021.10.22-06.44.40:931][  0]LogHAL: Display: Platform has ~ 16 GB [17110147072 / 17179869184 / 16], which maps to Larger [LargestMinGB=32, LargerMinGB=12, DefaultMinGB=8, SmallerMinGB=6, SmallestMinGB=0)
[2021.10.22-06.44.40:931][  0]LogInit: Going up to parent DeviceProfile []
[2021.10.22-06.44.40:932][  0]LogConfig: Applying CVar settings from Section [ViewDistanceQuality@3] File [D:/ue4Project/tencentClassProject/Netshoot/Saved/Config/Windows/Scalability.ini]
[2021.10.22-06.44.40:932][  0]LogConfig: Setting CVar [[r.SkeletalMeshLODBias:0]]
[2021.10.22-06.44.40:932][  0]LogConfig: Setting CVar [[r.ViewDistanceScale:1.0]]
[2021.10.22-06.44.40:932][  0]LogConfig: Applying CVar settings from Section [AntiAliasingQuality@3] File [D:/ue4Project/tencentClassProject/Netshoot/Saved/Config/Windows/Scalability.ini]
[2021.10.22-06.44.40:933][  0]LogConfig: Setting CVar [[r.PostProcessAAQuality:4]]
[2021.10.22-06.44.40:933][  0]LogConfig: Applying CVar settings from Section [ShadowQuality@3] File [D:/ue4Project/tencentClassProject/Netshoot/Saved/Config/Windows/Scalability.ini]
[2021.10.22-06.44.40:933][  0]LogConfig: Setting CVar [[r.LightFunctionQuality:1]]
[2021.10.22-06.44.40:933][  0]LogConfig: Setting CVar [[r.ShadowQuality:5]]
[2021.10.22-06.44.40:934][  0]LogConfig: Setting CVar [[r.Shadow.CSM.MaxCascades:10]]
[2021.10.22-06.44.40:934][  0]LogConfig: Setting CVar [[r.Shadow.MaxResolution:2048]]
[2021.10.22-06.44.40:934][  0]LogConfig: Setting CVar [[r.Shadow.MaxCSMResolution:2048]]
[2021.10.22-06.44.40:935][  0]LogConfig: Setting CVar [[r.Shadow.RadiusThreshold:0.01]]
[2021.10.22-06.44.40:935][  0]LogConfig: Setting CVar [[r.Shadow.DistanceScale:1.0]]
[2021.10.22-06.44.40:935][  0]LogConfig: Setting CVar [[r.Shadow.CSM.TransitionScale:1.0]]
[2021.10.22-06.44.40:936][  0]LogConfig: Setting CVar [[r.Shadow.PreShadowResolutionFactor:1.0]]
[2021.10.22-06.44.40:936][  0]LogConfig: Setting CVar [[r.DistanceFieldShadowing:1]]
[2021.10.22-06.44.40:936][  0]LogConfig: Setting CVar [[r.DistanceFieldAO:1]]
[2021.10.22-06.44.40:936][  0]LogConfig: Setting CVar [[r.AOQuality:2]]
[2021.10.22-06.44.40:937][  0]LogConfig: Setting CVar [[r.VolumetricFog:1]]
[2021.10.22-06.44.40:937][  0]LogConfig: Setting CVar [[r.VolumetricFog.GridPixelSize:8]]
[2021.10.22-06.44.40:937][  0]LogConfig: Setting CVar [[r.VolumetricFog.GridSizeZ:128]]
[2021.10.22-06.44.40:937][  0]LogConfig: Setting CVar [[r.VolumetricFog.HistoryMissSupersampleCount:4]]
[2021.10.22-06.44.40:938][  0]LogConfig: Setting CVar [[r.LightMaxDrawDistanceScale:1]]
[2021.10.22-06.44.40:940][  0]LogConfig: Setting CVar [[r.CapsuleShadows:1]]
[2021.10.22-06.44.40:940][  0]LogConfig: Applying CVar settings from Section [PostProcessQuality@3] File [D:/ue4Project/tencentClassProject/Netshoot/Saved/Config/Windows/Scalability.ini]
[2021.10.22-06.44.40:941][  0]LogConfig: Setting CVar [[r.MotionBlurQuality:4]]
[2021.10.22-06.44.40:941][  0]LogConfig: Setting CVar [[r.AmbientOcclusionMipLevelFactor:0.4]]
[2021.10.22-06.44.40:941][  0]LogConfig: Setting CVar [[r.AmbientOcclusionMaxQuality:100]]
[2021.10.22-06.44.40:941][  0]LogConfig: Setting CVar [[r.AmbientOcclusionLevels:-1]]
[2021.10.22-06.44.40:942][  0]LogConfig: Setting CVar [[r.AmbientOcclusionRadiusScale:1.0]]
[2021.10.22-06.44.40:942][  0]LogConfig: Setting CVar [[r.DepthOfFieldQuality:2]]
[2021.10.22-06.44.40:942][  0]LogConfig: Setting CVar [[r.RenderTargetPoolMin:400]]
[2021.10.22-06.44.40:943][  0]LogConfig: Setting CVar [[r.LensFlareQuality:2]]
[2021.10.22-06.44.40:943][  0]LogConfig: Setting CVar [[r.SceneColorFringeQuality:1]]
[2021.10.22-06.44.40:943][  0]LogConfig: Setting CVar [[r.EyeAdaptationQuality:2]]
[2021.10.22-06.44.40:943][  0]LogConfig: Setting CVar [[r.BloomQuality:5]]
[2021.10.22-06.44.40:944][  0]LogConfig: Setting CVar [[r.FastBlurThreshold:100]]
[2021.10.22-06.44.40:944][  0]LogConfig: Setting CVar [[r.Upscale.Quality:3]]
[2021.10.22-06.44.40:944][  0]LogConfig: Setting CVar [[r.Tonemapper.GrainQuantization:1]]
[2021.10.22-06.44.40:944][  0]LogConfig: Setting CVar [[r.LightShaftQuality:1]]
[2021.10.22-06.44.40:945][  0]LogConfig: Setting CVar [[r.Filter.SizeScale:1]]
[2021.10.22-06.44.40:945][  0]LogConfig: Setting CVar [[r.Tonemapper.Quality:5]]
[2021.10.22-06.44.40:945][  0]LogConfig: Setting CVar [[r.DOF.Gather.AccumulatorQuality:1        ; higher gathering accumulator quality]]
[2021.10.22-06.44.40:946][  0]LogConfig: Setting CVar [[r.DOF.Gather.PostfilterMethod:1          ; Median3x3 postfilering method]]
[2021.10.22-06.44.40:946][  0]LogConfig: Setting CVar [[r.DOF.Gather.EnableBokehSettings:0       ; no bokeh simulation when gathering]]
[2021.10.22-06.44.40:946][  0]LogConfig: Setting CVar [[r.DOF.Gather.RingCount:4                 ; medium number of samples when gathering]]
[2021.10.22-06.44.40:946][  0]LogConfig: Setting CVar [[r.DOF.Scatter.ForegroundCompositing:1    ; additive foreground scattering]]
[2021.10.22-06.44.40:947][  0]LogConfig: Setting CVar [[r.DOF.Scatter.BackgroundCompositing:2    ; additive background scattering]]
[2021.10.22-06.44.40:947][  0]LogConfig: Setting CVar [[r.DOF.Scatter.EnableBokehSettings:1      ; bokeh simulation when scattering]]
[2021.10.22-06.44.40:947][  0]LogConfig: Setting CVar [[r.DOF.Scatter.MaxSpriteRatio:0.1         ; only a maximum of 10% of scattered bokeh]]
[2021.10.22-06.44.40:947][  0]LogConfig: Setting CVar [[r.DOF.Recombine.Quality:1                ; cheap slight out of focus]]
[2021.10.22-06.44.40:948][  0]LogConfig: Setting CVar [[r.DOF.Recombine.EnableBokehSettings:0    ; no bokeh simulation on slight out of focus]]
[2021.10.22-06.44.40:948][  0]LogConfig: Setting CVar [[r.DOF.TemporalAAQuality:1                ; more stable temporal accumulation]]
[2021.10.22-06.44.40:948][  0]LogConfig: Setting CVar [[r.DOF.Kernel.MaxForegroundRadius:0.025]]
[2021.10.22-06.44.40:949][  0]LogConfig: Setting CVar [[r.DOF.Kernel.MaxBackgroundRadius:0.025]]
[2021.10.22-06.44.40:949][  0]LogConfig: Applying CVar settings from Section [TextureQuality@3] File [D:/ue4Project/tencentClassProject/Netshoot/Saved/Config/Windows/Scalability.ini]
[2021.10.22-06.44.40:949][  0]LogConfig: Setting CVar [[r.Streaming.MipBias:0]]
[2021.10.22-06.44.40:949][  0]LogConfig: Setting CVar [[r.Streaming.AmortizeCPUToGPUCopy:0]]
[2021.10.22-06.44.40:950][  0]LogConfig: Setting CVar [[r.Streaming.MaxNumTexturesToStreamPerFrame:0]]
[2021.10.22-06.44.40:950][  0]LogConfig: Setting CVar [[r.Streaming.Boost:1]]
[2021.10.22-06.44.40:950][  0]LogConfig: Setting CVar [[r.MaxAnisotropy:8]]
[2021.10.22-06.44.40:951][  0]LogConfig: Setting CVar [[r.VT.MaxAnisotropy:8]]
[2021.10.22-06.44.40:951][  0]LogConfig: Setting CVar [[r.Streaming.LimitPoolSizeToVRAM:0]]
[2021.10.22-06.44.40:951][  0]LogConfig: Setting CVar [[r.Streaming.PoolSize:1000]]
[2021.10.22-06.44.40:951][  0]LogConfig: Setting CVar [[r.Streaming.MaxEffectiveScreenSize:0]]
[2021.10.22-06.44.40:952][  0]LogConfig: Applying CVar settings from Section [EffectsQuality@3] File [D:/ue4Project/tencentClassProject/Netshoot/Saved/Config/Windows/Scalability.ini]
[2021.10.22-06.44.40:952][  0]LogConfig: Setting CVar [[r.TranslucencyLightingVolumeDim:64]]
[2021.10.22-06.44.40:952][  0]LogConfig: Setting CVar [[r.RefractionQuality:2]]
[2021.10.22-06.44.40:952][  0]LogConfig: Setting CVar [[r.SSR.Quality:3]]
[2021.10.22-06.44.40:953][  0]LogConfig: Setting CVar [[r.SSR.HalfResSceneColor:0]]
[2021.10.22-06.44.40:953][  0]LogConfig: Setting CVar [[r.SceneColorFormat:4]]
[2021.10.22-06.44.40:953][  0]LogConfig: Setting CVar [[r.DetailMode:2]]
[2021.10.22-06.44.40:954][  0]LogConfig: Setting CVar [[r.TranslucencyVolumeBlur:1]]
[2021.10.22-06.44.40:956][  0]LogConfig: Setting CVar [[r.MaterialQualityLevel:1 ; High quality]]
[2021.10.22-06.44.40:956][  0]LogConfig: Setting CVar [[r.AnisotropicMaterials:1]]
[2021.10.22-06.44.40:956][  0]LogConfig: Setting CVar [[r.SSS.Scale:1]]
[2021.10.22-06.44.40:957][  0]LogConfig: Setting CVar [[r.SSS.SampleSet:2]]
[2021.10.22-06.44.40:957][  0]LogConfig: Setting CVar [[r.SSS.Quality:1]]
[2021.10.22-06.44.40:957][  0]LogConfig: Setting CVar [[r.SSS.HalfRes:0]]
[2021.10.22-06.44.40:957][  0]LogConfig: Setting CVar [[r.SSGI.Quality:3]]
[2021.10.22-06.44.40:958][  0]LogConfig: Setting CVar [[r.EmitterSpawnRateScale:1.0]]
[2021.10.22-06.44.40:958][  0]LogConfig: Setting CVar [[r.ParticleLightQuality:2]]
[2021.10.22-06.44.40:958][  0]LogConfig: Setting CVar [[r.SkyAtmosphere.AerialPerspectiveLUT.FastApplyOnOpaque:1 ; Always have FastSkyLUT 1 in this case to avoid wrong sky]]
[2021.10.22-06.44.40:958][  0]LogConfig: Setting CVar [[r.SkyAtmosphere.AerialPerspectiveLUT.SampleCountMaxPerSlice:4]]
[2021.10.22-06.44.40:959][  0]LogConfig: Setting CVar [[r.SkyAtmosphere.AerialPerspectiveLUT.DepthResolution:16.0]]
[2021.10.22-06.44.40:959][  0]LogConfig: Setting CVar [[r.SkyAtmosphere.FastSkyLUT:1]]
[2021.10.22-06.44.40:959][  0]LogConfig: Setting CVar [[r.SkyAtmosphere.FastSkyLUT.SampleCountMin:4.0]]
[2021.10.22-06.44.40:959][  0]LogConfig: Setting CVar [[r.SkyAtmosphere.FastSkyLUT.SampleCountMax:128.0]]
[2021.10.22-06.44.40:960][  0]LogConfig: Setting CVar [[r.SkyAtmosphere.SampleCountMin:4.0]]
[2021.10.22-06.44.40:960][  0]LogConfig: Setting CVar [[r.SkyAtmosphere.SampleCountMax:128.0]]
[2021.10.22-06.44.40:960][  0]LogConfig: Setting CVar [[r.SkyAtmosphere.TransmittanceLUT.UseSmallFormat:0]]
[2021.10.22-06.44.40:961][  0]LogConfig: Setting CVar [[r.SkyAtmosphere.TransmittanceLUT.SampleCount:10.0]]
[2021.10.22-06.44.40:961][  0]LogConfig: Setting CVar [[r.SkyAtmosphere.MultiScatteringLUT.SampleCount:15.0]]
[2021.10.22-06.44.40:961][  0]LogConfig: Setting CVar [[r.SkyLight.RealTimeReflectionCapture:1]]
[2021.10.22-06.44.40:962][  0]LogConfig: Applying CVar settings from Section [FoliageQuality@3] File [D:/ue4Project/tencentClassProject/Netshoot/Saved/Config/Windows/Scalability.ini]
[2021.10.22-06.44.40:962][  0]LogConfig: Setting CVar [[foliage.DensityScale:1.0]]
[2021.10.22-06.44.40:962][  0]LogConfig: Setting CVar [[grass.DensityScale:1.0]]
[2021.10.22-06.44.40:962][  0]LogConfig: Applying CVar settings from Section [ShadingQuality@3] File [D:/ue4Project/tencentClassProject/Netshoot/Saved/Config/Windows/Scalability.ini]
[2021.10.22-06.44.40:963][  0]LogConfig: Setting CVar [[r.HairStrands.SkyLighting.IntegrationType:2]]
[2021.10.22-06.44.40:963][  0]LogConfig: Setting CVar [[r.HairStrands.SkyAO.SampleCount:4]]
[2021.10.22-06.44.40:963][  0]LogConfig: Setting CVar [[r.HairStrands.Visibility.MSAA.SamplePerPixel:4]]
[2021.10.22-06.44.40:964][  0]LogConfig: Applying CVar settings from Section [Startup] File [../../../Engine/Config/ConsoleVariables.ini]
[2021.10.22-06.44.40:964][  0]LogConfig: Setting CVar [[net.UseAdaptiveNetUpdateFrequency:0]]
[2021.10.22-06.44.40:964][  0]LogConfig: Setting CVar [[p.chaos.AllowCreatePhysxBodies:1]]
[2021.10.22-06.44.40:964][  0]LogConfig: Setting CVar [[fx.SkipVectorVMBackendOptimizations:1]]
[2021.10.22-06.44.40:965][  0]LogConfig: Applying CVar settings from Section [ConsoleVariables] File [D:/ue4Project/tencentClassProject/Netshoot/Saved/Config/Windows/Engine.ini]
[2021.10.22-06.44.40:965][  0]LogConfig: Applying CVar settings from Section [ConsoleVariables] File [D:/ue4Project/tencentClassProject/Netshoot/Saved/Config/Windows/Editor.ini]
[2021.10.22-06.44.40:965][  0]LogInit: Computer: DESKTOP-GH4GCSH
[2021.10.22-06.44.40:966][  0]LogInit: User: yanning
[2021.10.22-06.44.40:966][  0]LogInit: CPU Page size=4096, Cores=6
[2021.10.22-06.44.40:966][  0]LogInit: High frequency timer resolution =10.000000 MHz
[2021.10.22-06.44.40:967][  0]LogMemory: Memory total: Physical=15.9GB (16GB approx)
[2021.10.22-06.44.40:967][  0]LogMemory: Platform Memory Stats for Windows
[2021.10.22-06.44.40:967][  0]LogMemory: Process Physical Memory: 135.76 MB used, 135.77 MB peak
[2021.10.22-06.44.40:967][  0]LogMemory: Process Virtual Memory: 113.29 MB used, 113.29 MB peak
[2021.10.22-06.44.40:968][  0]LogMemory: Physical Memory: 4798.65 MB used,  11518.86 MB free, 16317.51 MB total
[2021.10.22-06.44.40:968][  0]LogMemory: Virtual Memory: 134200664.00 MB used,  17062.46 MB free, 134217728.00 MB total
[2021.10.22-06.44.40:974][  0]LogWindows: WindowsPlatformFeatures disabled or dedicated server build
[2021.10.22-06.44.41:004][  0]LogInit: Physics initialised using underlying interface: PhysX
[2021.10.22-06.44.41:004][  0]LogInit: Using OS detected language (zh-CN).
[2021.10.22-06.44.41:005][  0]LogInit: Using OS detected locale (zh-CN).
[2021.10.22-06.44.41:007][  0]LogTextLocalizationManager: No specific localization for 'zh-CN' exists, so the 'zh-Hans' localization will be used.
[2021.10.22-06.44.41:110][  0]LogTextLocalizationResource: LocRes '../../../Engine/Content/Localization/Editor/zh/Editor.locres' could not be opened for reading!
[2021.10.22-06.44.41:111][  0]LogTextLocalizationResource: LocRes '../../../Engine/Content/Localization/EditorTutorials/zh/EditorTutorials.locres' could not be opened for reading!
[2021.10.22-06.44.41:112][  0]LogTextLocalizationResource: LocRes '../../../Engine/Content/Localization/Keywords/zh/Keywords.locres' could not be opened for reading!
[2021.10.22-06.44.41:112][  0]LogTextLocalizationResource: LocRes '../../../Engine/Content/Localization/Category/zh/Category.locres' could not be opened for reading!
[2021.10.22-06.44.41:112][  0]LogTextLocalizationResource: LocRes '../../../Engine/Content/Localization/ToolTips/zh/ToolTips.locres' could not be opened for reading!
[2021.10.22-06.44.41:113][  0]LogTextLocalizationResource: LocRes '../../../Engine/Content/Localization/PropertyNames/zh/PropertyNames.locres' could not be opened for reading!
[2021.10.22-06.44.41:114][  0]LogTextLocalizationResource: LocRes '../../../Engine/Content/Localization/Engine/zh/Engine.locres' could not be opened for reading!
[2021.10.22-06.44.41:114][  0]LogTextLocalizationResource: LocRes '../../../Engine/Plugins/Online/OnlineSubsystem/Content/Localization/OnlineSubsystem/zh/OnlineSubsystem.locres' could not be opened for reading!
[2021.10.22-06.44.41:115][  0]LogTextLocalizationResource: LocRes '../../../Engine/Plugins/Online/OnlineSubsystemUtils/Content/Localization/OnlineSubsystemUtils/zh/OnlineSubsystemUtils.locres' could not be opened for reading!
[2021.10.22-06.44.41:115][  0]LogTextLocalizationResource: LocRes '../../../Engine/Plugins/Online/Android/OnlineSubsystemGooglePlay/Content/Localization/OnlineSubsystemGooglePlay/zh/OnlineSubsystemGooglePlay.locres' could not be opened for reading!
[2021.10.22-06.44.41:115][  0]LogTextLocalizationResource: LocRes '../../../Engine/Plugins/Online/IOS/OnlineSubsystemIOS/Content/Localization/OnlineSubsystemIOS/zh/OnlineSubsystemIOS.locres' could not be opened for reading!
[2021.10.22-06.44.41:347][  0]LogTargetPlatformManager: Display: Loaded TargetPlatform 'AllDesktop'
[2021.10.22-06.44.41:369][  0]LogTargetPlatformManager: Display: Loaded TargetPlatform 'Android'
[2021.10.22-06.44.41:369][  0]LogTargetPlatformManager: Display: Loaded TargetPlatform 'Android_ASTC'
[2021.10.22-06.44.41:370][  0]LogTargetPlatformManager: Display: Loaded TargetPlatform 'Android_DXT'
[2021.10.22-06.44.41:370][  0]LogTargetPlatformManager: Display: Loaded TargetPlatform 'Android_ETC2'
[2021.10.22-06.44.41:370][  0]LogTargetPlatformManager: Display: Loaded TargetPlatform 'AndroidClient'
[2021.10.22-06.44.41:370][  0]LogTargetPlatformManager: Display: Loaded TargetPlatform 'Android_ASTCClient'
[2021.10.22-06.44.41:371][  0]LogTargetPlatformManager: Display: Loaded TargetPlatform 'Android_DXTClient'
[2021.10.22-06.44.41:371][  0]LogTargetPlatformManager: Display: Loaded TargetPlatform 'Android_ETC2Client'
[2021.10.22-06.44.41:371][  0]LogTargetPlatformManager: Display: Loaded TargetPlatform 'Android_Multi'
[2021.10.22-06.44.41:372][  0]LogTargetPlatformManager: Display: Loaded TargetPlatform 'Android_MultiClient'
[2021.10.22-06.44.41:388][  0]LogTargetPlatformManager: Display: Loaded TargetPlatform 'IOSClient'
[2021.10.22-06.44.41:388][  0]LogTargetPlatformManager: Display: Loaded TargetPlatform 'IOS'
[2021.10.22-06.44.41:411][  0]LogTargetPlatformManager: Display: Loaded TargetPlatform 'Lumin'
[2021.10.22-06.44.41:411][  0]LogTargetPlatformManager: Display: Loaded TargetPlatform 'LuminClient'
[2021.10.22-06.44.41:419][  0]LogTargetPlatformManager: Display: Loaded TargetPlatform 'MacNoEditor'
[2021.10.22-06.44.41:423][  0]LogTargetPlatformManager: Display: Loaded TargetPlatform 'Mac'
[2021.10.22-06.44.41:427][  0]LogTargetPlatformManager: Display: Loaded TargetPlatform 'MacClient'
[2021.10.22-06.44.41:431][  0]LogTargetPlatformManager: Display: Loaded TargetPlatform 'MacServer'
[2021.10.22-06.44.41:441][  0]LogTargetPlatformManager: Display: Loaded TargetPlatform 'TVOSClient'
[2021.10.22-06.44.41:441][  0]LogTargetPlatformManager: Display: Loaded TargetPlatform 'TVOS'
[2021.10.22-06.44.41:450][  0]LogTargetPlatformManager: Display: Loaded TargetPlatform 'WindowsNoEditor'
[2021.10.22-06.44.41:455][  0]LogTargetPlatformManager: Display: Loaded TargetPlatform 'Windows'
[2021.10.22-06.44.41:458][  0]LogTargetPlatformManager: Display: Loaded TargetPlatform 'WindowsClient'
[2021.10.22-06.44.41:462][  0]LogTargetPlatformManager: Display: Loaded TargetPlatform 'WindowsServer'
[2021.10.22-06.44.41:464][  0]LogTargetPlatformManager: Display: Building Assets For Windows
[2021.10.22-06.44.41:470][  0]LogAudioDebug: Display: Lib vorbis DLL was dynamically loaded.
[2021.10.22-06.44.41:494][  0]LogTextureFormatOodle: Display: Oodle Texture 2.9.0 init RDO Off
[2021.10.22-06.44.41:521][  0]LogRendererCore: Ray tracing is disabled. Reason: r.RayTracing=0.
[2021.10.22-06.44.41:522][  0]LogShaderCompilers: Guid format shader working directory is -6 characters bigger than the processId version (../../../../../ue4Project/tencentClassProject/Netshoot/Intermediate/Shaders/WorkingDirectory/3228/).
[2021.10.22-06.44.41:523][  0]LogShaderCompilers: Cleaned the shader compiler working directory 'C:/Users/yanning/AppData/Local/Temp/UnrealShaderWorkingDir/1519E35D44D2F429A711D48F1DBAB648/'.
[2021.10.22-06.44.41:523][  0]LogXGEController: Cannot use XGE Controller as Incredibuild is not installed on this machine.
[2021.10.22-06.44.41:523][  0]LogShaderCompilers: Cannot use XGE Shader Compiler as Incredibuild is not installed on this machine.
[2021.10.22-06.44.41:524][  0]LogShaderCompilers: Display: Using Local Shader Compiler.
[2021.10.22-06.44.42:038][  0]LogDerivedDataCache: Display: Max Cache Size: 512 MB
[2021.10.22-06.44.42:094][  0]LogDerivedDataCache: Loaded boot cache 0.06s 79MB ../../../../../ue4Project/tencentClassProject/Netshoot/DerivedDataCache/Boot.ddc.
[2021.10.22-06.44.42:094][  0]LogDerivedDataCache: Display: Loaded Boot cache: ../../../../../ue4Project/tencentClassProject/Netshoot/DerivedDataCache/Boot.ddc
[2021.10.22-06.44.42:095][  0]LogDerivedDataCache: FDerivedDataBackendGraph:  Pak pak cache file ../../../../../ue4Project/tencentClassProject/Netshoot/DerivedDataCache/DDC.ddp not found, will not use a pak cache.
[2021.10.22-06.44.42:096][  0]LogDerivedDataCache: Unable to find inner node Pak for hierarchical cache Hierarchy.
[2021.10.22-06.44.42:096][  0]LogDerivedDataCache: FDerivedDataBackendGraph:  EnginePak pak cache file ../../../Engine/DerivedDataCache/DDC.ddp not found, will not use a pak cache.
[2021.10.22-06.44.42:096][  0]LogDerivedDataCache: Unable to find inner node EnginePak for hierarchical cache Hierarchy.
[2021.10.22-06.44.42:101][  0]LogDerivedDataCache: Speed tests for ../../../Engine/DerivedDataCache took 0.00 seconds
[2021.10.22-06.44.42:101][  0]LogDerivedDataCache: Display: Performance to ../../../Engine/DerivedDataCache: Latency=0.01ms. RandomReadSpeed=1427.00MBs, RandomWriteSpeed=321.93MBs. Assigned SpeedClass 'Local'
[2021.10.22-06.44.42:109][  0]LogDerivedDataCache: Using Local data cache path ../../../Engine/DerivedDataCache: Writable
[2021.10.22-06.44.42:109][  0]LogDerivedDataCache: Shared data cache path not found in *engine.ini, will not use an Shared cache.
[2021.10.22-06.44.42:109][  0]LogDerivedDataCache: Unable to find inner node Shared for hierarchical cache Hierarchy.
[2021.10.22-06.44.42:113][  0]LogInit: Using OS detected language (zh-CN).
[2021.10.22-06.44.42:113][  0]LogInit: Using OS detected locale (zh-CN).
[2021.10.22-06.44.42:113][  0]LogTextLocalizationManager: No localization for 'zh-CN' exists, so 'en' will be used for the language.
[2021.10.22-06.44.42:114][  0]LogTextLocalizationManager: No localization for 'zh-CN' exists, so 'en' will be used for the locale.
[2021.10.22-06.44.42:117][  0]LogAssetRegistry: FAssetRegistry took 0.0022 seconds to start up
[2021.10.22-06.44.42:282][  0]LogTextLocalizationManager: Compacting localization data took   0.00ms
[2021.10.22-06.44.42:282][  0]LogPackageLocalizationCache: Processed 27 localized package path(s) for 1 prioritized culture(s) in 0.013356 seconds
[2021.10.22-06.44.42:349][  0]LogInit: Selected Device Profile: [Windows]
[2021.10.22-06.44.42:349][  0]LogInit: Active device profile: [000001CD5F3DBC00][000001CD5B588500 49] Windows
[2021.10.22-06.44.42:350][  0]LogInit: Profiles: [000001CD5F3DBC00][000001CD5B588500 49] Windows, [000001CD5F403A00][000001CD5B5967C0 49] WindowsNoEditor, [000001CD5F3DAD00][000001CD5B58CA40 49] WindowsServer, [000001CD5F402D00][000001CD5B59ACC0 49] WindowsClient, [000001CD5F3DB700][000001CD5B5A2F80 49] IOS, [000001CD5F400200][000001CD5B5A7240 49] iPadAir, [000001CD5F3DB400][000001CD5EA2B500 49] iPadAir2, [000001CD5F385400][000001CD5EA45A40 49] IPadPro, [000001CD5F385500][000001CD5EA2FA80 49] iPadAir3, [000001CD5F3DB500][000001CD5EA3C1C0 49] iPadAir4, [000001CD5F385900][000001CD5EA38480 49] iPadMini2, [000001CD5F3DB200][000001CD5EA40740 49] iPadMini3, [000001CD5F385B00][000001CD5EA4EA00 49] iPadMini4, [000001CD5F3D9400][000001CD5B59EC80 49] iPadMini5, [000001CD5F395000][000001CD5EA67180 49] iPhone6, [000001CD5F395100][000001CD5EA531C0 49] iPodTouch6, [000001CD5F387500][000001CD5EA6F700 49] iPhone7, [000001CD5F387800][000001CD5EA5F740 49] iPodTouch7, [000001CD5F395700][000001CD5EA63A00 49] iPhone5S, [000001CD5F387200][000001CD5EA5A140 49] iPhone6Plus, [000001CD5F395800][000001CD5EA6A400 49] iPhone6S, [000001CD5F384C00][000001CD5EA726C0 49] iPhone6SPlus, [000001CD5F397600][000001CD5EA76980 49] iPhone7Plus, [000001CD5F385E00][000001CD5EA7AC40 49] iPhoneSE, [000001CD5F394300][000001CD5EA56EC0 49] iPhone8, [000001CD5F386600][000001CD5EA7F140 49] iPhone8Plus, [000001CD5F395500][000001CD5EA87400 49] iPhoneX, [000001CD5F384200][000001CD5EA8B6C0 49] iPhoneXS, [000001CD5F396D00][000001CD5FC5F980 49] iPhoneXSMax, [000001CD5F385100][000001CD5FC620C0 49] iPhoneXR, [000001CD5F397200][000001CD5FC66380 49] iPhone11, [000001CD5F387900][000001CD5FC6A640 49] iPhone11Pro, [000001CD5F396F00][000001CD5FC6E900 49] iPhone11ProMax, [000001CD5F384600][000001CD5FC72BC0 49] iPhoneSE2, [000001CD5F397000][000001CD5FC76E80 49] iPhone12Mini, [000001CD5F387600][000001CD5EA83100 49] iPhone12, [000001CD5F395600][000001CD5FC7B380 49] iPhone12Pro, [000001CD5F387D00][000001CD5FC83640 49] iPhone12ProMax, [000001CD5F396200][000001CD5FC87900 49] iPadPro105, [000001CD5F387A00][000001CD5FC8BBC0 49] iPadPro129, [000001CD5F394200][000001CD5FC8E300 49] iPadPro97, [000001CD5F384B00][000001CD5FC925C0 49] iPadPro2_129, [000001CD5F394600][000001CD5FC96880 49] iPad5, [000001CD5F387000][000001CD5FC9AB40 49] iPad6, [000001CD5F396100][000001CD5FC9EE00 49] iPad7, [000001CD5F387C00][000001CD5FCA30C0 49] iPad8, [000001CD5F396B00][000001CD5FC7F340 49] iPadPro11, [000001CD5F384700][000001CD5FCA75C0 49] iPadPro2_11, [000001CD5F394500][000001CD5FCAF880 49] iPadPro3_129, [000001CD5F386A00][000001CD5FCB3B40 49] iPadPro4_129, [000001CD5F397100][000001CD5FCB6280 49] AppleTV, [000001CD5F384900][000001CD5FCBA540 49] AppleTV4K, [000001CD5F400100][000001CD5FCBE800 49] TVOS, [000001CD5F3EF900][000001CD5FCC2AC0 49] Mac, [000001CD5F396000][000001CD5FCC6D80 49] MacClient, [000001CD5F3EFD00][000001CD5FCCB040 49] MacNoEditor, [000001CD5F395F00][000001CD5FCCF300 49] MacServer, [000001CD5F402600][000001CD5FCAB580 49] Linux, [000001CD5F384100][000001CD5FCD3800 49] LinuxAArch64, [000001CD5F403100][000001CD5FCDBAC0 49] LinuxNoEditor, [000001CD5F386900][000001CD5FCDE200 49] LinuxAArch64NoEditor, [000001CD5F402100][000001CD5FCE24C0 49] LinuxClient, [000001CD5F386C00][000001CD5FCE6780 49] LinuxAArch64Client, [000001CD5F403200][000001CD5FCEAA40 49] LinuxServer, [000001CD5F384F00][000001CD5FCEED00 49] LinuxAArch64Server, [000001CD5F403B00][000001CD5FCF2FC0 49] Android, [000001CD5F386700][000001CD5FCF7280 49] Android_Low, [000001CD5F400700][000001CD5FCFB540 49] Android_Mid, [000001CD5F387B00][000001CD5FCD77C0 49] Android_High, [000001CD5F403800][000001CD5FCFFA40 49] Android_Default, [000001CD5F384E00][000001CD5FD06180 49] Android_Adreno4xx, [000001CD5F402B00][000001CD5FD0A440 49] Android_Adreno5xx_Low, [000001CD5F385600][000001CD5FD0E700 49] Android_Adreno5xx, [000001CD5F402000][000001CD5FD129C0 49] Android_Adreno6xx, [000001CD5F386000][000001CD5FD16C80 49] Android_Adreno6xx_Vulkan, [000001CD5F394B00][000001CD5FD1AF40 49] Android_Mali_T6xx, [000001CD5F3EEB00][000001CD5FD1F200 49] Android_Mali_T7xx, [000001CD5F394800][000001CD5FD234C0 49] Android_Mali_T8xx, [000001CD5F3EE400][000001CD5FD27780 49] Android_Mali_G71, [000001CD5F397300][000001CD5FD03A00 49] Android_Mali_G72, [000001CD5F3EF100][000001CD5FD2E140 49] Android_Mali_G72_Vulkan, [000001CD5F397F00][000001CD5FD32400 49] Android_Mali_G76, [000001CD5F3EDF00][000001CD5FD366C0 49] Android_Mali_G76_Vulkan, [000001CD5F395E00][000001CD5FD3A980 49] Android_Mali_G77, [000001CD5F387100][000001CD5FD3EC40 49] Android_Mali_G77_Vulkan, [000001CD5F394A00][000001CD5FD42F00 49] Android_Mali_G78, [000001CD5F387300][000001CD5FD471C0 49] Android_Mali_G78_Vulkan, [000001CD5F394900][000001CD5FD4B480 49] Android_Mali_G710, [000001CD5F387700][000001CD5FD4F740 49] Android_Mali_G710_Vulkan, [000001CD5F396500][000001CD5FD2B9C0 49] Android_Vulkan_SM5, [000001CD5F3EF500][000001CD5FD520C0 49] Android_PowerVR_G6xxx, [000001CD5F396600][000001CD5FD5A380 49] Android_PowerVR_GT7xxx, [000001CD5F3ED000][000001CD5FD5E640 49] Android_PowerVR_GE8xxx, [000001CD5F395200][000001CD5FD62900 49] Android_PowerVR_GM9xxx, [000001CD5F3EDE00][000001CD5FD66BC0 49] Android_PowerVR_GM9xxx_Vulkan, [000001CD5F396400][000001CD5FD6AE80 49] Android_TegraK1, [000001CD5F3EC100][000001CD5FD6F140 49] Android_Unknown_Vulkan, [000001CD5F395300][000001CD5FD73400 49] Lumin, [000001CD5F3EF700][000001CD5FD776C0 49] Lumin_Desktop, [000001CD5F402400][000001CD5FD7B980 49] HoloLens, 
[2021.10.22-06.44.42:378][  0]LogMeshReduction: Using QuadricMeshReduction for automatic static mesh reduction
[2021.10.22-06.44.42:379][  0]LogMeshReduction: Using SimplygonMeshReduction for automatic skeletal mesh reduction
[2021.10.22-06.44.42:379][  0]LogMeshReduction: Using ProxyLODMeshReduction for automatic mesh merging
[2021.10.22-06.44.42:379][  0]LogMeshReduction: No distributed automatic mesh merging module available
[2021.10.22-06.44.42:380][  0]LogMeshMerging: No distributed automatic mesh merging module available
[2021.10.22-06.44.42:391][  0]LogNetVersion: Netshoot 1.0.0, NetCL: 0, EngineNetVer: 17, GameNetVer: 0 (Checksum: 2292170303)
[2021.10.22-06.44.42:472][  0]LogTexture: Default maximum texture size for cubemaps generated from long-lat sources has been changed from 512 to unlimited. In order to preserve old behaiour for '/Engine/MapTemplates/Sky/DaylightAmbientCubemap.DaylightAmbientCubemap', its maximum texture size has been explicitly set to 512.
[2021.10.22-06.44.42:486][  0]LogHMD: PokeAHoleMaterial loaded successfully
[2021.10.22-06.44.42:587][  0]LogPython: Using Python 3.7.7
[2021.10.22-06.44.42:977][  0]LogNiagaraDebuggerClient: Niagara Debugger Client Initialized | Session: 038FBECD4201667C6C80638E0CF57738 | Instance: 08D4F6EB4C52F401506DC5BADDF61D41 (DESKTOP-GH4GCSH-3228).
[2021.10.22-06.44.42:994][  0]LogCollectionManager: Loaded 0 collections in 0.000941 seconds
[2021.10.22-06.44.42:996][  0]LogFileCache: Scanning file cache for directory 'D:/ue4Project/tencentClassProject/Netshoot/Saved/Collections/' took 0.00s
[2021.10.22-06.44.42:996][  0]LogFileCache: Scanning file cache for directory 'D:/ue4Project/tencentClassProject/Netshoot/Content/Developers/yanning/Collections/' took 0.00s
[2021.10.22-06.44.42:997][  0]LogFileCache: Scanning file cache for directory 'D:/ue4Project/tencentClassProject/Netshoot/Content/Collections/' took 0.00s
[2021.10.22-06.44.42:997][  0]LogCollectionManager: Fixed up redirectors for 0 collections in 0.000002 seconds (updated 0 objects)
[2021.10.22-06.44.43:169][  0]SourceControl: Source control is disabled
[2021.10.22-06.44.43:170][  0]SourceControl: Source control is disabled
[2021.10.22-06.44.43:173][  0]SourceControl: Source control is disabled
[2021.10.22-06.44.43:179][  0]LogUProjectInfo: Found projects:
[2021.10.22-06.44.43:244][  0]LogOpenImageDenoise: OIDN starting up
[2021.10.22-06.44.43:274][  0]LogAndroidPermission: UAndroidPermissionCallbackProxy::GetInstance
[2021.10.22-06.44.43:291][  0]LogAudioCaptureCore: Display: No Audio Capture implementations found. Audio input will be silent.
[2021.10.22-06.44.43:291][  0]LogAudioCaptureCore: Display: No Audio Capture implementations found. Audio input will be silent.
[2021.10.22-06.44.43:348][  0]LogOcInput: OculusInput pre-init called
[2021.10.22-06.44.43:355][  0]LogUObjectArray: 21903 objects as part of root set at end of initial load.
[2021.10.22-06.44.43:356][  0]LogUObjectAllocator: 5897856 out of 0 bytes used by permanent object pool.
[2021.10.22-06.44.43:356][  0]LogUObjectArray: CloseDisregardForGC: 0/0 objects in disregard for GC pool
[2021.10.22-06.44.43:390][  0]LogEngine: Initializing Engine...
[2021.10.22-06.44.43:391][  0]LogStats: UGameplayTagsManager::InitializeManager -  0.000 s
[2021.10.22-06.44.43:401][  0]LogInit: Initializing FReadOnlyCVARCache
[2021.10.22-06.44.43:401][  0]LogNetVersion: Set ProjectVersion to 1.0.0.0. Version Checksum will be recalculated on next use.
[2021.10.22-06.44.43:558][  0]LogDerivedDataCache: Saved boot cache 0.16s 79MB ../../../../../ue4Project/tencentClassProject/Netshoot/DerivedDataCache/Boot.ddc.
[2021.10.22-06.44.43:558][  0]LogInit: Texture streaming: Disabled
[2021.10.22-06.44.43:700][  0]LogInit: Display: Game Engine Initialized.
[2021.10.22-06.44.43:701][  0]LogNiagaraEditor: GEditor isn't valid! Particle reset commands will not work for Niagara components!
[2021.10.22-06.44.43:770][  0]LogInit: Display: Starting Game.
[2021.10.22-06.44.43:826][  0]LogPackageName: SearchForPackageOnDisk took   0.056s to resolve Level_01.umap.
[2021.10.22-06.44.43:826][  0]LogNet: Browse: /Game/Maps/Level_01?Name=Player
[2021.10.22-06.44.43:827][  0]LogLoad: LoadMap: /Game/Maps/Level_01?Name=Player
[2021.10.22-06.44.43:828][  0]LogWorld: BeginTearingDown for /Temp/Untitled_0
[2021.10.22-06.44.43:831][  0]LogWorld: UWorld::CleanupWorld for Untitled, bSessionEnded=true, bCleanupResources=true
[2021.10.22-06.44.43:840][  0]LogUObjectHash: Compacting FUObjectHashTables data took   0.74ms
[2021.10.22-06.44.44:053][  0]LogAIModule: Creating AISystem for world Level_01
[2021.10.22-06.44.44:053][  0]LogLoad: Game class is 'MyGameMode_C'
[2021.10.22-06.44.44:054][  0]LogNet: ReplicationDriverClass is null! Not using ReplicationDriver.
[2021.10.22-06.44.44:054][  0]LogNetCore: DDoS detection status: detection enabled: 0 analytics enabled: 0
[2021.10.22-06.44.44:055][  0]LogInit: WinSock: Socket queue. Rx: 131072 (config 131072) Tx: 131072 (config 131072)
[2021.10.22-06.44.44:055][  0]LogNet: Created socket for bind address: 0.0.0.0 on port 7777
[2021.10.22-06.44.44:055][  0]PacketHandlerLog: Loaded PacketHandler component: Engine.EngineHandlerComponentFactory (StatelessConnectHandlerComponent)
[2021.10.22-06.44.44:055][  0]LogNet: GameNetDriver IpNetDriver_0 IpNetDriver listening on port 7778
[2021.10.22-06.44.44:058][  0]LogPhysics: Warning: PopulatePhysXGeometryAndTransform(Convex): ConvexElem has invalid transform
[2021.10.22-06.44.44:058][  0]LogPhysics: Warning: ForeachShape(Convex): ScaledElem[0] invalid
[2021.10.22-06.44.44:060][  0]LogWorld: Bringing World /Game/Maps/Level_01.Level_01 up for play (max tick rate 30) at 2021.10.22-14.44.44
[2021.10.22-06.44.44:060][  0]LogWorld: Bringing up level for play took: 0.003154
[2021.10.22-06.44.44:060][  0]LogGameMode: Display: Match State Changed from EnteringMap to WaitingToStart
[2021.10.22-06.44.44:061][  0]LogGameState: Match State Changed from EnteringMap to WaitingToStart
[2021.10.22-06.44.44:061][  0]LogLoad: Took 0.233528 seconds to LoadMap(/Game/Maps/Level_01)
[2021.10.22-06.44.44:068][  0]LogInit: Display: Engine is initialized. Leaving FEngineLoop::Init()
[2021.10.22-06.44.44:068][  0]LogLoad: (Engine Initialization) Total time: 4.28 seconds
[2021.10.22-06.44.44:069][  0]LogLoad: (Engine Initialization) Total Blueprint compile time: 0.00 seconds
