Log file open, 10/22/21 14:37:21
LogWindows: Failed to load 'aqProf.dll' (GetLastError=126)
LogWindows: File 'aqProf.dll' does not exist
LogWindows: Failed to load 'VtuneApi.dll' (GetLastError=126)
LogWindows: File 'VtuneApi.dll' does not exist
LogWindows: Failed to load 'VtuneApi32e.dll' (GetLastError=126)
LogWindows: File 'VtuneApi32e.dll' does not exist
LogConsoleResponse: Display: Failed to find resolution value strings in scalability ini. Falling back to default.
LogConsoleResponse: Display: Failed to find resolution value strings in scalability ini. Falling back to default.
LogInit: Display: Running engine for game: Netshoot
LogPlatformFile: Not using cached read wrapper
LogTaskGraph: Started task graph with 5 named threads and 17 total threads with 3 sets of task threads.
LogStats: Stats thread started at 0.125874
LogICUInternationalization: ICU TimeZone Detection - Raw Offset: +8:00, Platform Override: ''
LogInit: Display: Loading text-based GConfig....
LogPluginManager: Mounting plugin MeshPainting
LogPluginManager: Mounting plugin XGEController
LogPluginManager: Mounting plugin Paper2D
LogPluginManager: Mounting plugin AISupport
LogPluginManager: Mounting plugin EnvironmentQueryEditor
LogPluginManager: Mounting plugin LiveLink
LogPluginManager: Mounting plugin LightPropagationVolume
LogPluginManager: Mounting plugin CameraShakePreviewer
LogPluginManager: Mounting plugin GameplayCameras
LogPluginManager: Mounting plugin OodleData
LogPluginManager: Mounting plugin OodleNetwork
LogPluginManager: Mounting plugin AnimationSharing
LogPluginManager: Mounting plugin CLionSourceCodeAccess
LogPluginManager: Mounting plugin CodeLiteSourceCodeAccess
LogPluginManager: Mounting plugin GitSourceControl
LogPluginManager: Mounting plugin KDevelopSourceCodeAccess
LogPluginManager: Mounting plugin NullSourceCodeAccess
LogPluginManager: Mounting plugin PerforceSourceControl
LogPluginManager: Mounting plugin PixWinPlugin
LogPluginManager: Mounting plugin PlasticSourceControl
LogPluginManager: Mounting plugin PluginUtils
LogPluginManager: Mounting plugin PropertyAccessNode
LogPluginManager: Mounting plugin RiderSourceCodeAccess
LogPluginManager: Mounting plugin SubversionSourceControl
LogPluginManager: Mounting plugin TextureFormatOodle
LogPluginManager: Mounting plugin UObjectPlugin
LogPluginManager: Mounting plugin VisualStudioCodeSourceCodeAccess
LogPluginManager: Mounting plugin VisualStudioSourceCodeAccess
LogPluginManager: Mounting plugin XCodeSourceCodeAccess
LogPluginManager: Mounting plugin AssetManagerEditor
LogPluginManager: Mounting plugin CryptoKeys
LogPluginManager: Mounting plugin CurveEditorTools
LogPluginManager: Mounting plugin DataValidation
LogPluginManager: Mounting plugin FacialAnimation
LogPluginManager: Mounting plugin GameplayTagsEditor
LogPluginManager: Mounting plugin GeometryMode
LogPluginManager: Mounting plugin MacGraphicsSwitching
LogPluginManager: Mounting plugin MaterialAnalyzer
LogPluginManager: Mounting plugin MobileLauncherProfileWizard
LogPluginManager: Mounting plugin PluginBrowser
LogPluginManager: Mounting plugin SpeedTreeImporter
LogPluginManager: Mounting plugin DatasmithContent
LogPluginManager: Mounting plugin VariantManagerContent
LogPluginManager: Mounting plugin AlembicImporter
LogPluginManager: Mounting plugin AutomationUtils
LogPluginManager: Mounting plugin BackChannel
LogPluginManager: Mounting plugin ChaosCloth
LogPluginManager: Mounting plugin ChaosClothEditor
LogPluginManager: Mounting plugin ChaosEditor
LogPluginManager: Mounting plugin ChaosNiagara
LogPluginManager: Mounting plugin ChaosSolverPlugin
LogPluginManager: Mounting plugin CharacterAI
LogPluginManager: Mounting plugin GeometryCache
LogPluginManager: Mounting plugin GeometryCollectionPlugin
LogPluginManager: Mounting plugin GeometryProcessing
LogPluginManager: Mounting plugin MotoSynth
LogPluginManager: Mounting plugin OpenImageDenoise
LogPluginManager: Mounting plugin PlanarCut
LogPluginManager: Mounting plugin PlatformCrypto
LogPluginManager: Mounting plugin ProxyLODPlugin
LogPluginManager: Mounting plugin PythonScriptPlugin
LogPluginManager: Mounting plugin SkeletalReduction
LogPluginManager: Mounting plugin Niagara
LogPluginManager: Mounting plugin LuminPlatformFeatures
LogPluginManager: Mounting plugin MagicLeap
LogPluginManager: Mounting plugin MagicLeapLightEstimation
LogPluginManager: Mounting plugin MagicLeapMedia
LogPluginManager: Mounting plugin MagicLeapPassableWorld
LogPluginManager: Mounting plugin MLSDK
LogPluginManager: Mounting plugin AndroidMedia
LogPluginManager: Mounting plugin AvfMedia
LogPluginManager: Mounting plugin ImgMedia
LogPluginManager: Mounting plugin MediaCompositing
LogPluginManager: Mounting plugin MediaPlayerEditor
LogPluginManager: Mounting plugin WebMMedia
LogPluginManager: Mounting plugin WmfMedia
LogPluginManager: Mounting plugin TcpMessaging
LogPluginManager: Mounting plugin UdpMessaging
LogPluginManager: Mounting plugin ActorSequence
LogPluginManager: Mounting plugin LevelSequenceEditor
LogPluginManager: Mounting plugin MatineeToLevelSequence
LogPluginManager: Mounting plugin TemplateSequence
LogPluginManager: Mounting plugin OnlineSubsystem
LogPluginManager: Mounting plugin OnlineSubsystemNull
LogPluginManager: Mounting plugin OnlineSubsystemUtils
LogPluginManager: Mounting plugin LauncherChunkInstaller
LogPluginManager: Mounting plugin ActorLayerUtilities
LogPluginManager: Mounting plugin AndroidDeviceProfileSelector
LogPluginManager: Mounting plugin AndroidMoviePlayer
LogPluginManager: Mounting plugin AndroidPermission
LogPluginManager: Mounting plugin AppleImageUtils
LogPluginManager: Mounting plugin AppleMoviePlayer
LogPluginManager: Mounting plugin ArchVisCharacter
LogPluginManager: Mounting plugin AssetTags
LogPluginManager: Mounting plugin AudioCapture
LogPluginManager: Mounting plugin AudioSynesthesia
LogPluginManager: Mounting plugin CableComponent
LogPluginManager: Mounting plugin ChunkDownloader
LogPluginManager: Mounting plugin CustomMeshComponent
LogPluginManager: Mounting plugin EditableMesh
LogPluginManager: Mounting plugin ExampleDeviceProfileSelector
LogPluginManager: Mounting plugin GoogleCloudMessaging
LogPluginManager: Mounting plugin GooglePAD
LogPluginManager: Mounting plugin IOSDeviceProfileSelector
LogPluginManager: Mounting plugin LinuxDeviceProfileSelector
LogPluginManager: Mounting plugin LocationServicesBPLibrary
LogPluginManager: Mounting plugin MobilePatchingUtils
LogPluginManager: Mounting plugin OpenXR
LogPluginManager: Mounting plugin OpenXREyeTracker
LogPluginManager: Mounting plugin OpenXRHandTracking
LogPluginManager: Mounting plugin PhysXVehicles
LogPluginManager: Mounting plugin PostSplashScreen
LogPluginManager: Mounting plugin ProceduralMeshComponent
LogPluginManager: Mounting plugin PropertyAccessEditor
LogPluginManager: Mounting plugin RuntimePhysXCooking
LogPluginManager: Mounting plugin SignificanceManager
LogPluginManager: Mounting plugin SoundFields
LogPluginManager: Mounting plugin Synthesis
LogPluginManager: Mounting plugin WebMMoviePlayer
LogPluginManager: Mounting plugin WindowsMoviePlayer
LogPluginManager: Mounting plugin ScreenshotTools
LogPluginManager: Mounting plugin Takes
LogPluginManager: Mounting plugin ContentBrowserAssetDataSource
LogPluginManager: Mounting plugin ContentBrowserClassDataSource
LogPluginManager: Mounting plugin ContentBrowserFileDataSource
LogPluginManager: Mounting plugin OnlineSubsystemGooglePlay
LogPluginManager: Mounting plugin OnlineSubsystemIOS
LogPluginManager: Mounting plugin OculusVR
LogPluginManager: Mounting plugin SteamVR
PixWinPlugin: PIX capture plugin failed to initialize! Check that the process is launched from PIX.
LogInit: Using libcurl 7.55.1-DEV
LogInit:  - built for x86_64-pc-win32
LogInit:  - supports SSL with OpenSSL/1.1.1
LogInit:  - supports HTTP deflate (compression) using libz 1.2.8
LogInit:  - other features:
LogInit:      CURL_VERSION_SSL
LogInit:      CURL_VERSION_LIBZ
LogInit:      CURL_VERSION_IPV6
LogInit:      CURL_VERSION_ASYNCHDNS
LogInit:      CURL_VERSION_LARGEFILE
LogInit:      CURL_VERSION_IDN
LogInit:  CurlRequestOptions (configurable via config and command line):
LogInit:  - bVerifyPeer = true  - Libcurl will verify peer certificate
LogInit:  - bUseHttpProxy = false  - Libcurl will NOT use HTTP proxy
LogInit:  - bDontReuseConnections = false  - Libcurl will reuse connections
LogInit:  - MaxHostConnections = 16  - Libcurl will limit the number of connections to a host
LogInit:  - LocalHostAddr = Default
LogInit:  - BufferSize = 65536
LogOnline: Warning: OSS: TryLoadSubsystemAndSetDefault: LoadSubsystemModule([Steam]) failed
LogOnline: OSS: Creating online subsystem instance for: NULL
LogInit: WinSock: version 1.1 (2.2), MaxSocks=32767, MaxUdp=65467
LogOnline: OSS: TryLoadSubsystemAndSetDefault: Loaded subsystem for module [NULL]
LogInit: Build: ++UE4+Release-4.27-CL-0
LogInit: Engine Version: 4.27.0-0+++UE4+Release-4.27
LogInit: Compatible Engine Version: 4.27.0-0+++UE4+Release-4.27
LogInit: Net CL: 0
LogInit: OS: Windows 10 (Release 2009) (), CPU: Intel(R) Core(TM) i5-8400 CPU @ 2.80GHz, GPU: NVIDIA GeForce GTX 1060 6GB
LogInit: Compiled (64-bit): Oct 12 2021 09:26:09
LogInit: Compiled with Visual C++: 19.29.30136.00
LogInit: Build Configuration: Development
LogInit: Branch Name: ++UE4+Release-4.27
LogInit: Command Line:  Level_01 -server -log -nosteam
LogInit: Base Directory: D:/ue4code/UnrealEngine/Engine/Binaries/Win64/
LogInit: Allocator: TBB
LogInit: Installed Engine Build: 0
LogDevObjectVersion: Number of dev versions registered: 29
LogDevObjectVersion:   Dev-Blueprints (B0D832E4-1F89-4F0D-ACCF-7EB736FD4AA2): 10
LogDevObjectVersion:   Dev-Build (E1C64328-A22C-4D53-A36C-8E866417BD8C): 0
LogDevObjectVersion:   Dev-Core (375EC13C-06E4-48FB-B500-84F0262A717E): 4
LogDevObjectVersion:   Dev-Editor (E4B068ED-F494-42E9-A231-DA0B2E46BB41): 40
LogDevObjectVersion:   Dev-Framework (CFFC743F-43B0-4480-9391-14DF171D2073): 37
LogDevObjectVersion:   Dev-Mobile (B02B49B5-BB20-44E9-A304-32B752E40360): 3
LogDevObjectVersion:   Dev-Networking (A4E4105C-59A1-49B5-A7C5-40C4547EDFEE): 0
LogDevObjectVersion:   Dev-Online (39C831C9-5AE6-47DC-9A44-9C173E1C8E7C): 0
LogDevObjectVersion:   Dev-Physics (78F01B33-EBEA-4F98-B9B4-84EACCB95AA2): 14
LogDevObjectVersion:   Dev-Platform (6631380F-2D4D-43E0-8009-CF276956A95A): 0
LogDevObjectVersion:   Dev-Rendering (12F88B9F-8875-4AFC-A67C-D90C383ABD29): 45
LogDevObjectVersion:   Dev-Sequencer (7B5AE74C-D270-4C10-A958-57980B212A5A): 13
LogDevObjectVersion:   Dev-VR (D7296918-1DD6-4BDD-9DE2-64A83CC13884): 3
LogDevObjectVersion:   Dev-LoadTimes (C2A15278-BFE7-4AFE-6C17-90FF531DF755): 1
LogDevObjectVersion:   Private-Geometry (6EACA3D4-40EC-4CC1-B786-8BED09428FC5): 3
LogDevObjectVersion:   Dev-AnimPhys (29E575DD-E0A3-4627-9D10-D276232CDCEA): 17
LogDevObjectVersion:   Dev-Anim (AF43A65D-7FD3-4947-9873-3E8ED9C1BB05): 15
LogDevObjectVersion:   Dev-ReflectionCapture (6B266CEC-1EC7-4B8F-A30B-E4D90942FC07): 1
LogDevObjectVersion:   Dev-Automation (0DF73D61-A23F-47EA-B727-89E90C41499A): 1
LogDevObjectVersion:   FortniteMain (601D1886-AC64-4F84-AA16-D3DE0DEAC7D6): 47
LogDevObjectVersion:   FortniteRelease (E7086368-6B23-4C58-8439-1B7016265E91): 1
LogDevObjectVersion:   Dev-Enterprise (9DFFBCD6-494F-0158-E221-12823C92A888): 10
LogDevObjectVersion:   Dev-Niagara (F2AED0AC-9AFE-416F-8664-AA7FFA26D6FC): 1
LogDevObjectVersion:   Dev-Destruction (174F1F0B-B4C6-45A5-B13F-2EE8D0FB917D): 10
LogDevObjectVersion:   Dev-Physics-Ext (35F94A83-E258-406C-A318-09F59610247C): 41
LogDevObjectVersion:   Dev-PhysicsMaterial-Chaos (B68FC16E-8B1B-42E2-B453-215C058844FE): 1
LogDevObjectVersion:   Dev-CineCamera (B2E18506-4273-CFC2-A54E-F4BB758BBA07): 1
LogDevObjectVersion:   Dev-VirtualProduction (64F58936-FD1B-42BA-BA96-7289D5D0FA4E): 1
LogDevObjectVersion:   Dev-MediaFramework (6F0ED827-A609-4895-9C91-998D90180EA4): 2
LogInit: Presizing for max 25165824 objects, including 0 objects not considered by GC, pre-allocating 0 bytes for permanent pool.
LogConfig: Applying CVar settings from Section [/Script/Engine.StreamingSettings] File [D:/ue4Project/tencentClassProject/Netshoot/Saved/Config/Windows/Engine.ini]
LogConfig: Setting CVar [[s.MinBulkDataSizeForAsyncLoading:131072]]
LogConfig: Setting CVar [[s.AsyncLoadingThreadEnabled:0]]
LogConfig: Setting CVar [[s.EventDrivenLoaderEnabled:1]]
LogConfig: Setting CVar [[s.WarnIfTimeLimitExceeded:0]]
LogConfig: Setting CVar [[s.TimeLimitExceededMultiplier:1.5]]
LogConfig: Setting CVar [[s.TimeLimitExceededMinTime:0.005]]
LogConfig: Setting CVar [[s.UseBackgroundLevelStreaming:1]]
LogConfig: Setting CVar [[s.PriorityAsyncLoadingExtraTime:15.0]]
LogConfig: Setting CVar [[s.LevelStreamingActorsUpdateTimeLimit:5.0]]
LogConfig: Setting CVar [[s.PriorityLevelStreamingActorsUpdateExtraTime:5.0]]
LogConfig: Setting CVar [[s.LevelStreamingComponentsRegistrationGranularity:10]]
LogConfig: Setting CVar [[s.UnregisterComponentsTimeLimit:1.0]]
LogConfig: Setting CVar [[s.LevelStreamingComponentsUnregistrationGranularity:5]]
LogConfig: Setting CVar [[s.FlushStreamingOnExit:1]]
LogInit: Object subsystem initialized
LogConfig: Setting CVar [[con.DebugEarlyDefault:1]]
LogConfig: Setting CVar [[r.setres:1280x720]]
[2021.10.22-06.37.22:389][  0]LogConfig: Setting CVar [[con.DebugEarlyDefault:1]]
[2021.10.22-06.37.22:389][  0]LogConfig: Setting CVar [[r.setres:1280x720]]
[2021.10.22-06.37.22:389][  0]LogConfig: Applying CVar settings from Section [/Script/Engine.RendererSettings] File [D:/ue4Project/tencentClassProject/Netshoot/Saved/Config/Windows/Engine.ini]
[2021.10.22-06.37.22:389][  0]LogConfig: Setting CVar [[r.GPUCrashDebugging:0]]
[2021.10.22-06.37.22:390][  0]LogConfig: Setting CVar [[r.MobileHDR:1]]
[2021.10.22-06.37.22:390][  0]LogConfig: Setting CVar [[r.AllowOcclusionQueries:1]]
[2021.10.22-06.37.22:390][  0]LogConfig: Setting CVar [[r.MinScreenRadiusForLights:0.030000]]
[2021.10.22-06.37.22:390][  0]LogConfig: Setting CVar [[r.MinScreenRadiusForDepthPrepass:0.030000]]
[2021.10.22-06.37.22:391][  0]LogConfig: Setting CVar [[r.PrecomputedVisibilityWarning:0]]
[2021.10.22-06.37.22:391][  0]LogConfig: Setting CVar [[r.TextureStreaming:1]]
[2021.10.22-06.37.22:391][  0]LogConfig: Setting CVar [[Compat.UseDXT5NormalMaps:0]]
[2021.10.22-06.37.22:391][  0]LogConfig: Setting CVar [[r.AllowStaticLighting:1]]
[2021.10.22-06.37.22:392][  0]LogConfig: Setting CVar [[r.NormalMapsForStaticLighting:0]]
[2021.10.22-06.37.22:392][  0]LogConfig: Setting CVar [[r.GenerateMeshDistanceFields:1]]
[2021.10.22-06.37.22:392][  0]LogConfig: Setting CVar [[r.TessellationAdaptivePixelsPerTriangle:48.000000]]
[2021.10.22-06.37.22:393][  0]LogConfig: Setting CVar [[r.SeparateTranslucency:1]]
[2021.10.22-06.37.22:393][  0]LogConfig: Setting CVar [[r.CustomDepth:1]]
[2021.10.22-06.37.22:393][  0]LogConfig: Setting CVar [[r.DefaultFeature.Bloom:1]]
[2021.10.22-06.37.22:393][  0]LogConfig: Setting CVar [[r.DefaultFeature.AmbientOcclusion:1]]
[2021.10.22-06.37.22:394][  0]LogConfig: Setting CVar [[r.DefaultFeature.AmbientOcclusionStaticFraction:1]]
[2021.10.22-06.37.22:394][  0]LogConfig: Setting CVar [[r.DefaultFeature.AutoExposure:1]]
[2021.10.22-06.37.22:394][  0]LogConfig: Setting CVar [[r.DefaultFeature.MotionBlur:1]]
[2021.10.22-06.37.22:395][  0]LogConfig: Setting CVar [[r.DefaultFeature.LensFlare:1]]
[2021.10.22-06.37.22:395][  0]LogConfig: Setting CVar [[r.DefaultFeature.AntiAliasing:2]]
[2021.10.22-06.37.22:395][  0]LogConfig: Setting CVar [[r.EarlyZPass:3]]
[2021.10.22-06.37.22:395][  0]LogConfig: Setting CVar [[r.DBuffer:0]]
[2021.10.22-06.37.22:396][  0]LogConfig: Setting CVar [[r.ClearSceneMethod:1]]
[2021.10.22-06.37.22:396][  0]LogConfig: Setting CVar [[r.MSAA.CompositingSampleCount:4]]
[2021.10.22-06.37.22:396][  0]LogConfig: Setting CVar [[r.WireframeCullThreshold:5.000000]]
[2021.10.22-06.37.22:396][  0]LogConfig: Applying CVar settings from Section [/Script/Engine.RendererOverrideSettings] File [D:/ue4Project/tencentClassProject/Netshoot/Saved/Config/Windows/Engine.ini]
[2021.10.22-06.37.22:397][  0]LogConfig: Applying CVar settings from Section [/Script/Engine.StreamingSettings] File [D:/ue4Project/tencentClassProject/Netshoot/Saved/Config/Windows/Engine.ini]
[2021.10.22-06.37.22:397][  0]LogConfig: Setting CVar [[s.MinBulkDataSizeForAsyncLoading:131072]]
[2021.10.22-06.37.22:397][  0]LogConfig: Setting CVar [[s.AsyncLoadingThreadEnabled:0]]
[2021.10.22-06.37.22:398][  0]LogConfig: Setting CVar [[s.EventDrivenLoaderEnabled:1]]
[2021.10.22-06.37.22:398][  0]LogConfig: Setting CVar [[s.WarnIfTimeLimitExceeded:0]]
[2021.10.22-06.37.22:398][  0]LogConfig: Setting CVar [[s.TimeLimitExceededMultiplier:1.5]]
[2021.10.22-06.37.22:398][  0]LogConfig: Setting CVar [[s.TimeLimitExceededMinTime:0.005]]
[2021.10.22-06.37.22:399][  0]LogConfig: Setting CVar [[s.UseBackgroundLevelStreaming:1]]
[2021.10.22-06.37.22:399][  0]LogConfig: Setting CVar [[s.PriorityAsyncLoadingExtraTime:15.0]]
[2021.10.22-06.37.22:399][  0]LogConfig: Setting CVar [[s.LevelStreamingActorsUpdateTimeLimit:5.0]]
[2021.10.22-06.37.22:399][  0]LogConfig: Setting CVar [[s.PriorityLevelStreamingActorsUpdateExtraTime:5.0]]
[2021.10.22-06.37.22:400][  0]LogConfig: Setting CVar [[s.LevelStreamingComponentsRegistrationGranularity:10]]
[2021.10.22-06.37.22:400][  0]LogConfig: Setting CVar [[s.UnregisterComponentsTimeLimit:1.0]]
[2021.10.22-06.37.22:400][  0]LogConfig: Setting CVar [[s.LevelStreamingComponentsUnregistrationGranularity:5]]
[2021.10.22-06.37.22:400][  0]LogConfig: Setting CVar [[s.FlushStreamingOnExit:1]]
[2021.10.22-06.37.22:401][  0]LogConfig: Applying CVar settings from Section [/Script/Engine.GarbageCollectionSettings] File [D:/ue4Project/tencentClassProject/Netshoot/Saved/Config/Windows/Engine.ini]
[2021.10.22-06.37.22:403][  0]LogConfig: Setting CVar [[gc.MaxObjectsNotConsideredByGC:1]]
[2021.10.22-06.37.22:403][  0]LogConfig: Setting CVar [[gc.SizeOfPermanentObjectPool:0]]
[2021.10.22-06.37.22:403][  0]LogConfig: Setting CVar [[gc.FlushStreamingOnGC:0]]
[2021.10.22-06.37.22:404][  0]LogConfig: Setting CVar [[gc.NumRetriesBeforeForcingGC:10]]
[2021.10.22-06.37.22:404][  0]LogConfig: Setting CVar [[gc.AllowParallelGC:1]]
[2021.10.22-06.37.22:404][  0]LogConfig: Setting CVar [[gc.TimeBetweenPurgingPendingKillObjects:61.1]]
[2021.10.22-06.37.22:404][  0]LogConfig: Setting CVar [[gc.MaxObjectsInEditor:25165824]]
[2021.10.22-06.37.22:405][  0]LogConfig: Setting CVar [[gc.IncrementalBeginDestroyEnabled:1]]
[2021.10.22-06.37.22:405][  0]LogConfig: Setting CVar [[gc.CreateGCClusters:1]]
[2021.10.22-06.37.22:405][  0]LogConfig: Setting CVar [[gc.MinGCClusterSize:5]]
[2021.10.22-06.37.22:406][  0]LogConfig: Setting CVar [[gc.ActorClusteringEnabled:0]]
[2021.10.22-06.37.22:406][  0]LogConfig: Setting CVar [[gc.BlueprintClusteringEnabled:0]]
[2021.10.22-06.37.22:406][  0]LogConfig: Setting CVar [[gc.UseDisregardForGCOnDedicatedServers:0]]
[2021.10.22-06.37.22:406][  0]LogConfig: Setting CVar [[gc.MultithreadedDestructionEnabled:1]]
[2021.10.22-06.37.22:407][  0]LogConfig: Applying CVar settings from Section [/Script/Engine.NetworkSettings] File [D:/ue4Project/tencentClassProject/Netshoot/Saved/Config/Windows/Engine.ini]
[2021.10.22-06.37.22:407][  0]LogConfig: Applying CVar settings from Section [/Script/UnrealEd.CookerSettings] File [D:/ue4Project/tencentClassProject/Netshoot/Saved/Config/Windows/Engine.ini]
[2021.10.22-06.37.22:407][  0]LogConfig: Applying CVar settings from Section [ViewDistanceQuality@3] File [D:/ue4Project/tencentClassProject/Netshoot/Saved/Config/Windows/Scalability.ini]
[2021.10.22-06.37.22:407][  0]LogConfig: Setting CVar [[r.SkeletalMeshLODBias:0]]
[2021.10.22-06.37.22:408][  0]LogConfig: Setting CVar [[r.ViewDistanceScale:1.0]]
[2021.10.22-06.37.22:408][  0]LogConfig: Applying CVar settings from Section [AntiAliasingQuality@3] File [D:/ue4Project/tencentClassProject/Netshoot/Saved/Config/Windows/Scalability.ini]
[2021.10.22-06.37.22:408][  0]LogConfig: Setting CVar [[r.PostProcessAAQuality:4]]
[2021.10.22-06.37.22:409][  0]LogConfig: Applying CVar settings from Section [ShadowQuality@3] File [D:/ue4Project/tencentClassProject/Netshoot/Saved/Config/Windows/Scalability.ini]
[2021.10.22-06.37.22:409][  0]LogConfig: Setting CVar [[r.LightFunctionQuality:1]]
[2021.10.22-06.37.22:409][  0]LogConfig: Setting CVar [[r.ShadowQuality:5]]
[2021.10.22-06.37.22:409][  0]LogConfig: Setting CVar [[r.Shadow.CSM.MaxCascades:10]]
[2021.10.22-06.37.22:410][  0]LogConfig: Setting CVar [[r.Shadow.MaxResolution:2048]]
[2021.10.22-06.37.22:410][  0]LogConfig: Setting CVar [[r.Shadow.MaxCSMResolution:2048]]
[2021.10.22-06.37.22:410][  0]LogConfig: Setting CVar [[r.Shadow.RadiusThreshold:0.01]]
[2021.10.22-06.37.22:411][  0]LogConfig: Setting CVar [[r.Shadow.DistanceScale:1.0]]
[2021.10.22-06.37.22:411][  0]LogConfig: Setting CVar [[r.Shadow.CSM.TransitionScale:1.0]]
[2021.10.22-06.37.22:411][  0]LogConfig: Setting CVar [[r.Shadow.PreShadowResolutionFactor:1.0]]
[2021.10.22-06.37.22:411][  0]LogConfig: Setting CVar [[r.DistanceFieldShadowing:1]]
[2021.10.22-06.37.22:412][  0]LogConfig: Setting CVar [[r.DistanceFieldAO:1]]
[2021.10.22-06.37.22:412][  0]LogConfig: Setting CVar [[r.AOQuality:2]]
[2021.10.22-06.37.22:412][  0]LogConfig: Setting CVar [[r.VolumetricFog:1]]
[2021.10.22-06.37.22:412][  0]LogConfig: Setting CVar [[r.VolumetricFog.GridPixelSize:8]]
[2021.10.22-06.37.22:413][  0]LogConfig: Setting CVar [[r.VolumetricFog.GridSizeZ:128]]
[2021.10.22-06.37.22:413][  0]LogConfig: Setting CVar [[r.VolumetricFog.HistoryMissSupersampleCount:4]]
[2021.10.22-06.37.22:413][  0]LogConfig: Setting CVar [[r.LightMaxDrawDistanceScale:1]]
[2021.10.22-06.37.22:414][  0]LogConfig: Setting CVar [[r.CapsuleShadows:1]]
[2021.10.22-06.37.22:414][  0]LogConfig: Applying CVar settings from Section [PostProcessQuality@3] File [D:/ue4Project/tencentClassProject/Netshoot/Saved/Config/Windows/Scalability.ini]
[2021.10.22-06.37.22:414][  0]LogConfig: Setting CVar [[r.MotionBlurQuality:4]]
[2021.10.22-06.37.22:414][  0]LogConfig: Setting CVar [[r.AmbientOcclusionMipLevelFactor:0.4]]
[2021.10.22-06.37.22:415][  0]LogConfig: Setting CVar [[r.AmbientOcclusionMaxQuality:100]]
[2021.10.22-06.37.22:415][  0]LogConfig: Setting CVar [[r.AmbientOcclusionLevels:-1]]
[2021.10.22-06.37.22:415][  0]LogConfig: Setting CVar [[r.AmbientOcclusionRadiusScale:1.0]]
[2021.10.22-06.37.22:415][  0]LogConfig: Setting CVar [[r.DepthOfFieldQuality:2]]
[2021.10.22-06.37.22:416][  0]LogConfig: Setting CVar [[r.RenderTargetPoolMin:400]]
[2021.10.22-06.37.22:416][  0]LogConfig: Setting CVar [[r.LensFlareQuality:2]]
[2021.10.22-06.37.22:416][  0]LogConfig: Setting CVar [[r.SceneColorFringeQuality:1]]
[2021.10.22-06.37.22:418][  0]LogConfig: Setting CVar [[r.EyeAdaptationQuality:2]]
[2021.10.22-06.37.22:419][  0]LogConfig: Setting CVar [[r.BloomQuality:5]]
[2021.10.22-06.37.22:419][  0]LogConfig: Setting CVar [[r.FastBlurThreshold:100]]
[2021.10.22-06.37.22:419][  0]LogConfig: Setting CVar [[r.Upscale.Quality:3]]
[2021.10.22-06.37.22:419][  0]LogConfig: Setting CVar [[r.Tonemapper.GrainQuantization:1]]
[2021.10.22-06.37.22:420][  0]LogConfig: Setting CVar [[r.LightShaftQuality:1]]
[2021.10.22-06.37.22:420][  0]LogConfig: Setting CVar [[r.Filter.SizeScale:1]]
[2021.10.22-06.37.22:420][  0]LogConfig: Setting CVar [[r.Tonemapper.Quality:5]]
[2021.10.22-06.37.22:420][  0]LogConfig: Setting CVar [[r.DOF.Gather.AccumulatorQuality:1        ; higher gathering accumulator quality]]
[2021.10.22-06.37.22:421][  0]LogConfig: Setting CVar [[r.DOF.Gather.PostfilterMethod:1          ; Median3x3 postfilering method]]
[2021.10.22-06.37.22:421][  0]LogConfig: Setting CVar [[r.DOF.Gather.EnableBokehSettings:0       ; no bokeh simulation when gathering]]
[2021.10.22-06.37.22:421][  0]LogConfig: Setting CVar [[r.DOF.Gather.RingCount:4                 ; medium number of samples when gathering]]
[2021.10.22-06.37.22:422][  0]LogConfig: Setting CVar [[r.DOF.Scatter.ForegroundCompositing:1    ; additive foreground scattering]]
[2021.10.22-06.37.22:422][  0]LogConfig: Setting CVar [[r.DOF.Scatter.BackgroundCompositing:2    ; additive background scattering]]
[2021.10.22-06.37.22:422][  0]LogConfig: Setting CVar [[r.DOF.Scatter.EnableBokehSettings:1      ; bokeh simulation when scattering]]
[2021.10.22-06.37.22:422][  0]LogConfig: Setting CVar [[r.DOF.Scatter.MaxSpriteRatio:0.1         ; only a maximum of 10% of scattered bokeh]]
[2021.10.22-06.37.22:423][  0]LogConfig: Setting CVar [[r.DOF.Recombine.Quality:1                ; cheap slight out of focus]]
[2021.10.22-06.37.22:423][  0]LogConfig: Setting CVar [[r.DOF.Recombine.EnableBokehSettings:0    ; no bokeh simulation on slight out of focus]]
[2021.10.22-06.37.22:423][  0]LogConfig: Setting CVar [[r.DOF.TemporalAAQuality:1                ; more stable temporal accumulation]]
[2021.10.22-06.37.22:424][  0]LogConfig: Setting CVar [[r.DOF.Kernel.MaxForegroundRadius:0.025]]
[2021.10.22-06.37.22:424][  0]LogConfig: Setting CVar [[r.DOF.Kernel.MaxBackgroundRadius:0.025]]
[2021.10.22-06.37.22:424][  0]LogConfig: Applying CVar settings from Section [TextureQuality@3] File [D:/ue4Project/tencentClassProject/Netshoot/Saved/Config/Windows/Scalability.ini]
[2021.10.22-06.37.22:424][  0]LogConfig: Setting CVar [[r.Streaming.MipBias:0]]
[2021.10.22-06.37.22:425][  0]LogConfig: Setting CVar [[r.Streaming.AmortizeCPUToGPUCopy:0]]
[2021.10.22-06.37.22:425][  0]LogConfig: Setting CVar [[r.Streaming.MaxNumTexturesToStreamPerFrame:0]]
[2021.10.22-06.37.22:425][  0]LogConfig: Setting CVar [[r.Streaming.Boost:1]]
[2021.10.22-06.37.22:425][  0]LogConfig: Setting CVar [[r.MaxAnisotropy:8]]
[2021.10.22-06.37.22:426][  0]LogConfig: Setting CVar [[r.VT.MaxAnisotropy:8]]
[2021.10.22-06.37.22:426][  0]LogConfig: Setting CVar [[r.Streaming.LimitPoolSizeToVRAM:0]]
[2021.10.22-06.37.22:426][  0]LogConfig: Setting CVar [[r.Streaming.PoolSize:1000]]
[2021.10.22-06.37.22:426][  0]LogConfig: Setting CVar [[r.Streaming.MaxEffectiveScreenSize:0]]
[2021.10.22-06.37.22:427][  0]LogConfig: Applying CVar settings from Section [EffectsQuality@3] File [D:/ue4Project/tencentClassProject/Netshoot/Saved/Config/Windows/Scalability.ini]
[2021.10.22-06.37.22:427][  0]LogConfig: Setting CVar [[r.TranslucencyLightingVolumeDim:64]]
[2021.10.22-06.37.22:427][  0]LogConfig: Setting CVar [[r.RefractionQuality:2]]
[2021.10.22-06.37.22:428][  0]LogConfig: Setting CVar [[r.SSR.Quality:3]]
[2021.10.22-06.37.22:428][  0]LogConfig: Setting CVar [[r.SSR.HalfResSceneColor:0]]
[2021.10.22-06.37.22:428][  0]LogConfig: Setting CVar [[r.SceneColorFormat:4]]
[2021.10.22-06.37.22:428][  0]LogConfig: Setting CVar [[r.DetailMode:2]]
[2021.10.22-06.37.22:429][  0]LogConfig: Setting CVar [[r.TranslucencyVolumeBlur:1]]
[2021.10.22-06.37.22:429][  0]LogConfig: Setting CVar [[r.MaterialQualityLevel:1 ; High quality]]
[2021.10.22-06.37.22:429][  0]LogConfig: Setting CVar [[r.AnisotropicMaterials:1]]
[2021.10.22-06.37.22:430][  0]LogConfig: Setting CVar [[r.SSS.Scale:1]]
[2021.10.22-06.37.22:430][  0]LogConfig: Setting CVar [[r.SSS.SampleSet:2]]
[2021.10.22-06.37.22:430][  0]LogConfig: Setting CVar [[r.SSS.Quality:1]]
[2021.10.22-06.37.22:430][  0]LogConfig: Setting CVar [[r.SSS.HalfRes:0]]
[2021.10.22-06.37.22:431][  0]LogConfig: Setting CVar [[r.SSGI.Quality:3]]
[2021.10.22-06.37.22:431][  0]LogConfig: Setting CVar [[r.EmitterSpawnRateScale:1.0]]
[2021.10.22-06.37.22:431][  0]LogConfig: Setting CVar [[r.ParticleLightQuality:2]]
[2021.10.22-06.37.22:431][  0]LogConfig: Setting CVar [[r.SkyAtmosphere.AerialPerspectiveLUT.FastApplyOnOpaque:1 ; Always have FastSkyLUT 1 in this case to avoid wrong sky]]
[2021.10.22-06.37.22:432][  0]LogConfig: Setting CVar [[r.SkyAtmosphere.AerialPerspectiveLUT.SampleCountMaxPerSlice:4]]
[2021.10.22-06.37.22:434][  0]LogConfig: Setting CVar [[r.SkyAtmosphere.AerialPerspectiveLUT.DepthResolution:16.0]]
[2021.10.22-06.37.22:434][  0]LogConfig: Setting CVar [[r.SkyAtmosphere.FastSkyLUT:1]]
[2021.10.22-06.37.22:434][  0]LogConfig: Setting CVar [[r.SkyAtmosphere.FastSkyLUT.SampleCountMin:4.0]]
[2021.10.22-06.37.22:435][  0]LogConfig: Setting CVar [[r.SkyAtmosphere.FastSkyLUT.SampleCountMax:128.0]]
[2021.10.22-06.37.22:435][  0]LogConfig: Setting CVar [[r.SkyAtmosphere.SampleCountMin:4.0]]
[2021.10.22-06.37.22:435][  0]LogConfig: Setting CVar [[r.SkyAtmosphere.SampleCountMax:128.0]]
[2021.10.22-06.37.22:435][  0]LogConfig: Setting CVar [[r.SkyAtmosphere.TransmittanceLUT.UseSmallFormat:0]]
[2021.10.22-06.37.22:436][  0]LogConfig: Setting CVar [[r.SkyAtmosphere.TransmittanceLUT.SampleCount:10.0]]
[2021.10.22-06.37.22:436][  0]LogConfig: Setting CVar [[r.SkyAtmosphere.MultiScatteringLUT.SampleCount:15.0]]
[2021.10.22-06.37.22:436][  0]LogConfig: Setting CVar [[r.SkyLight.RealTimeReflectionCapture:1]]
[2021.10.22-06.37.22:437][  0]LogConfig: Applying CVar settings from Section [FoliageQuality@3] File [D:/ue4Project/tencentClassProject/Netshoot/Saved/Config/Windows/Scalability.ini]
[2021.10.22-06.37.22:437][  0]LogConfig: Setting CVar [[foliage.DensityScale:1.0]]
[2021.10.22-06.37.22:437][  0]LogConfig: Setting CVar [[grass.DensityScale:1.0]]
[2021.10.22-06.37.22:437][  0]LogConfig: Applying CVar settings from Section [ShadingQuality@3] File [D:/ue4Project/tencentClassProject/Netshoot/Saved/Config/Windows/Scalability.ini]
[2021.10.22-06.37.22:438][  0]LogConfig: Setting CVar [[r.HairStrands.SkyLighting.IntegrationType:2]]
[2021.10.22-06.37.22:438][  0]LogConfig: Setting CVar [[r.HairStrands.SkyAO.SampleCount:4]]
[2021.10.22-06.37.22:438][  0]LogConfig: Setting CVar [[r.HairStrands.Visibility.MSAA.SamplePerPixel:4]]
[2021.10.22-06.37.22:438][  0]LogInit: Selected Device Profile: [Windows]
[2021.10.22-06.37.22:439][  0]LogInit: Applying CVar settings loaded from the selected device profile: [Windows]
[2021.10.22-06.37.22:439][  0]LogHAL: Display: Platform has ~ 16 GB [17110147072 / 17179869184 / 16], which maps to Larger [LargestMinGB=32, LargerMinGB=12, DefaultMinGB=8, SmallerMinGB=6, SmallestMinGB=0)
[2021.10.22-06.37.22:439][  0]LogInit: Going up to parent DeviceProfile []
[2021.10.22-06.37.22:440][  0]LogConfig: Applying CVar settings from Section [ViewDistanceQuality@3] File [D:/ue4Project/tencentClassProject/Netshoot/Saved/Config/Windows/Scalability.ini]
[2021.10.22-06.37.22:440][  0]LogConfig: Setting CVar [[r.SkeletalMeshLODBias:0]]
[2021.10.22-06.37.22:440][  0]LogConfig: Setting CVar [[r.ViewDistanceScale:1.0]]
[2021.10.22-06.37.22:440][  0]LogConfig: Applying CVar settings from Section [AntiAliasingQuality@3] File [D:/ue4Project/tencentClassProject/Netshoot/Saved/Config/Windows/Scalability.ini]
[2021.10.22-06.37.22:441][  0]LogConfig: Setting CVar [[r.PostProcessAAQuality:4]]
[2021.10.22-06.37.22:441][  0]LogConfig: Applying CVar settings from Section [ShadowQuality@3] File [D:/ue4Project/tencentClassProject/Netshoot/Saved/Config/Windows/Scalability.ini]
[2021.10.22-06.37.22:442][  0]LogConfig: Setting CVar [[r.LightFunctionQuality:1]]
[2021.10.22-06.37.22:442][  0]LogConfig: Setting CVar [[r.ShadowQuality:5]]
[2021.10.22-06.37.22:442][  0]LogConfig: Setting CVar [[r.Shadow.CSM.MaxCascades:10]]
[2021.10.22-06.37.22:443][  0]LogConfig: Setting CVar [[r.Shadow.MaxResolution:2048]]
[2021.10.22-06.37.22:443][  0]LogConfig: Setting CVar [[r.Shadow.MaxCSMResolution:2048]]
[2021.10.22-06.37.22:443][  0]LogConfig: Setting CVar [[r.Shadow.RadiusThreshold:0.01]]
[2021.10.22-06.37.22:443][  0]LogConfig: Setting CVar [[r.Shadow.DistanceScale:1.0]]
[2021.10.22-06.37.22:444][  0]LogConfig: Setting CVar [[r.Shadow.CSM.TransitionScale:1.0]]
[2021.10.22-06.37.22:444][  0]LogConfig: Setting CVar [[r.Shadow.PreShadowResolutionFactor:1.0]]
[2021.10.22-06.37.22:444][  0]LogConfig: Setting CVar [[r.DistanceFieldShadowing:1]]
[2021.10.22-06.37.22:445][  0]LogConfig: Setting CVar [[r.DistanceFieldAO:1]]
[2021.10.22-06.37.22:445][  0]LogConfig: Setting CVar [[r.AOQuality:2]]
[2021.10.22-06.37.22:445][  0]LogConfig: Setting CVar [[r.VolumetricFog:1]]
[2021.10.22-06.37.22:445][  0]LogConfig: Setting CVar [[r.VolumetricFog.GridPixelSize:8]]
[2021.10.22-06.37.22:446][  0]LogConfig: Setting CVar [[r.VolumetricFog.GridSizeZ:128]]
[2021.10.22-06.37.22:446][  0]LogConfig: Setting CVar [[r.VolumetricFog.HistoryMissSupersampleCount:4]]
[2021.10.22-06.37.22:446][  0]LogConfig: Setting CVar [[r.LightMaxDrawDistanceScale:1]]
[2021.10.22-06.37.22:446][  0]LogConfig: Setting CVar [[r.CapsuleShadows:1]]
[2021.10.22-06.37.22:447][  0]LogConfig: Applying CVar settings from Section [PostProcessQuality@3] File [D:/ue4Project/tencentClassProject/Netshoot/Saved/Config/Windows/Scalability.ini]
[2021.10.22-06.37.22:447][  0]LogConfig: Setting CVar [[r.MotionBlurQuality:4]]
[2021.10.22-06.37.22:447][  0]LogConfig: Setting CVar [[r.AmbientOcclusionMipLevelFactor:0.4]]
[2021.10.22-06.37.22:447][  0]LogConfig: Setting CVar [[r.AmbientOcclusionMaxQuality:100]]
[2021.10.22-06.37.22:448][  0]LogConfig: Setting CVar [[r.AmbientOcclusionLevels:-1]]
[2021.10.22-06.37.22:450][  0]LogConfig: Setting CVar [[r.AmbientOcclusionRadiusScale:1.0]]
[2021.10.22-06.37.22:450][  0]LogConfig: Setting CVar [[r.DepthOfFieldQuality:2]]
[2021.10.22-06.37.22:451][  0]LogConfig: Setting CVar [[r.RenderTargetPoolMin:400]]
[2021.10.22-06.37.22:451][  0]LogConfig: Setting CVar [[r.LensFlareQuality:2]]
[2021.10.22-06.37.22:451][  0]LogConfig: Setting CVar [[r.SceneColorFringeQuality:1]]
[2021.10.22-06.37.22:452][  0]LogConfig: Setting CVar [[r.EyeAdaptationQuality:2]]
[2021.10.22-06.37.22:452][  0]LogConfig: Setting CVar [[r.BloomQuality:5]]
[2021.10.22-06.37.22:453][  0]LogConfig: Setting CVar [[r.FastBlurThreshold:100]]
[2021.10.22-06.37.22:453][  0]LogConfig: Setting CVar [[r.Upscale.Quality:3]]
[2021.10.22-06.37.22:453][  0]LogConfig: Setting CVar [[r.Tonemapper.GrainQuantization:1]]
[2021.10.22-06.37.22:454][  0]LogConfig: Setting CVar [[r.LightShaftQuality:1]]
[2021.10.22-06.37.22:454][  0]LogConfig: Setting CVar [[r.Filter.SizeScale:1]]
[2021.10.22-06.37.22:454][  0]LogConfig: Setting CVar [[r.Tonemapper.Quality:5]]
[2021.10.22-06.37.22:455][  0]LogConfig: Setting CVar [[r.DOF.Gather.AccumulatorQuality:1        ; higher gathering accumulator quality]]
[2021.10.22-06.37.22:455][  0]LogConfig: Setting CVar [[r.DOF.Gather.PostfilterMethod:1          ; Median3x3 postfilering method]]
[2021.10.22-06.37.22:455][  0]LogConfig: Setting CVar [[r.DOF.Gather.EnableBokehSettings:0       ; no bokeh simulation when gathering]]
[2021.10.22-06.37.22:455][  0]LogConfig: Setting CVar [[r.DOF.Gather.RingCount:4                 ; medium number of samples when gathering]]
[2021.10.22-06.37.22:456][  0]LogConfig: Setting CVar [[r.DOF.Scatter.ForegroundCompositing:1    ; additive foreground scattering]]
[2021.10.22-06.37.22:456][  0]LogConfig: Setting CVar [[r.DOF.Scatter.BackgroundCompositing:2    ; additive background scattering]]
[2021.10.22-06.37.22:456][  0]LogConfig: Setting CVar [[r.DOF.Scatter.EnableBokehSettings:1      ; bokeh simulation when scattering]]
[2021.10.22-06.37.22:456][  0]LogConfig: Setting CVar [[r.DOF.Scatter.MaxSpriteRatio:0.1         ; only a maximum of 10% of scattered bokeh]]
[2021.10.22-06.37.22:457][  0]LogConfig: Setting CVar [[r.DOF.Recombine.Quality:1                ; cheap slight out of focus]]
[2021.10.22-06.37.22:457][  0]LogConfig: Setting CVar [[r.DOF.Recombine.EnableBokehSettings:0    ; no bokeh simulation on slight out of focus]]
[2021.10.22-06.37.22:457][  0]LogConfig: Setting CVar [[r.DOF.TemporalAAQuality:1                ; more stable temporal accumulation]]
[2021.10.22-06.37.22:458][  0]LogConfig: Setting CVar [[r.DOF.Kernel.MaxForegroundRadius:0.025]]
[2021.10.22-06.37.22:458][  0]LogConfig: Setting CVar [[r.DOF.Kernel.MaxBackgroundRadius:0.025]]
[2021.10.22-06.37.22:458][  0]LogConfig: Applying CVar settings from Section [TextureQuality@3] File [D:/ue4Project/tencentClassProject/Netshoot/Saved/Config/Windows/Scalability.ini]
[2021.10.22-06.37.22:458][  0]LogConfig: Setting CVar [[r.Streaming.MipBias:0]]
[2021.10.22-06.37.22:459][  0]LogConfig: Setting CVar [[r.Streaming.AmortizeCPUToGPUCopy:0]]
[2021.10.22-06.37.22:459][  0]LogConfig: Setting CVar [[r.Streaming.MaxNumTexturesToStreamPerFrame:0]]
[2021.10.22-06.37.22:459][  0]LogConfig: Setting CVar [[r.Streaming.Boost:1]]
[2021.10.22-06.37.22:459][  0]LogConfig: Setting CVar [[r.MaxAnisotropy:8]]
[2021.10.22-06.37.22:460][  0]LogConfig: Setting CVar [[r.VT.MaxAnisotropy:8]]
[2021.10.22-06.37.22:460][  0]LogConfig: Setting CVar [[r.Streaming.LimitPoolSizeToVRAM:0]]
[2021.10.22-06.37.22:460][  0]LogConfig: Setting CVar [[r.Streaming.PoolSize:1000]]
[2021.10.22-06.37.22:461][  0]LogConfig: Setting CVar [[r.Streaming.MaxEffectiveScreenSize:0]]
[2021.10.22-06.37.22:461][  0]LogConfig: Applying CVar settings from Section [EffectsQuality@3] File [D:/ue4Project/tencentClassProject/Netshoot/Saved/Config/Windows/Scalability.ini]
[2021.10.22-06.37.22:461][  0]LogConfig: Setting CVar [[r.TranslucencyLightingVolumeDim:64]]
[2021.10.22-06.37.22:461][  0]LogConfig: Setting CVar [[r.RefractionQuality:2]]
[2021.10.22-06.37.22:462][  0]LogConfig: Setting CVar [[r.SSR.Quality:3]]
[2021.10.22-06.37.22:462][  0]LogConfig: Setting CVar [[r.SSR.HalfResSceneColor:0]]
[2021.10.22-06.37.22:462][  0]LogConfig: Setting CVar [[r.SceneColorFormat:4]]
[2021.10.22-06.37.22:462][  0]LogConfig: Setting CVar [[r.DetailMode:2]]
[2021.10.22-06.37.22:463][  0]LogConfig: Setting CVar [[r.TranslucencyVolumeBlur:1]]
[2021.10.22-06.37.22:463][  0]LogConfig: Setting CVar [[r.MaterialQualityLevel:1 ; High quality]]
[2021.10.22-06.37.22:463][  0]LogConfig: Setting CVar [[r.AnisotropicMaterials:1]]
[2021.10.22-06.37.22:463][  0]LogConfig: Setting CVar [[r.SSS.Scale:1]]
[2021.10.22-06.37.22:464][  0]LogConfig: Setting CVar [[r.SSS.SampleSet:2]]
[2021.10.22-06.37.22:466][  0]LogConfig: Setting CVar [[r.SSS.Quality:1]]
[2021.10.22-06.37.22:466][  0]LogConfig: Setting CVar [[r.SSS.HalfRes:0]]
[2021.10.22-06.37.22:466][  0]LogConfig: Setting CVar [[r.SSGI.Quality:3]]
[2021.10.22-06.37.22:466][  0]LogConfig: Setting CVar [[r.EmitterSpawnRateScale:1.0]]
[2021.10.22-06.37.22:467][  0]LogConfig: Setting CVar [[r.ParticleLightQuality:2]]
[2021.10.22-06.37.22:467][  0]LogConfig: Setting CVar [[r.SkyAtmosphere.AerialPerspectiveLUT.FastApplyOnOpaque:1 ; Always have FastSkyLUT 1 in this case to avoid wrong sky]]
[2021.10.22-06.37.22:467][  0]LogConfig: Setting CVar [[r.SkyAtmosphere.AerialPerspectiveLUT.SampleCountMaxPerSlice:4]]
[2021.10.22-06.37.22:468][  0]LogConfig: Setting CVar [[r.SkyAtmosphere.AerialPerspectiveLUT.DepthResolution:16.0]]
[2021.10.22-06.37.22:468][  0]LogConfig: Setting CVar [[r.SkyAtmosphere.FastSkyLUT:1]]
[2021.10.22-06.37.22:468][  0]LogConfig: Setting CVar [[r.SkyAtmosphere.FastSkyLUT.SampleCountMin:4.0]]
[2021.10.22-06.37.22:468][  0]LogConfig: Setting CVar [[r.SkyAtmosphere.FastSkyLUT.SampleCountMax:128.0]]
[2021.10.22-06.37.22:469][  0]LogConfig: Setting CVar [[r.SkyAtmosphere.SampleCountMin:4.0]]
[2021.10.22-06.37.22:469][  0]LogConfig: Setting CVar [[r.SkyAtmosphere.SampleCountMax:128.0]]
[2021.10.22-06.37.22:469][  0]LogConfig: Setting CVar [[r.SkyAtmosphere.TransmittanceLUT.UseSmallFormat:0]]
[2021.10.22-06.37.22:469][  0]LogConfig: Setting CVar [[r.SkyAtmosphere.TransmittanceLUT.SampleCount:10.0]]
[2021.10.22-06.37.22:470][  0]LogConfig: Setting CVar [[r.SkyAtmosphere.MultiScatteringLUT.SampleCount:15.0]]
[2021.10.22-06.37.22:470][  0]LogConfig: Setting CVar [[r.SkyLight.RealTimeReflectionCapture:1]]
[2021.10.22-06.37.22:470][  0]LogConfig: Applying CVar settings from Section [FoliageQuality@3] File [D:/ue4Project/tencentClassProject/Netshoot/Saved/Config/Windows/Scalability.ini]
[2021.10.22-06.37.22:470][  0]LogConfig: Setting CVar [[foliage.DensityScale:1.0]]
[2021.10.22-06.37.22:471][  0]LogConfig: Setting CVar [[grass.DensityScale:1.0]]
[2021.10.22-06.37.22:471][  0]LogConfig: Applying CVar settings from Section [ShadingQuality@3] File [D:/ue4Project/tencentClassProject/Netshoot/Saved/Config/Windows/Scalability.ini]
[2021.10.22-06.37.22:471][  0]LogConfig: Setting CVar [[r.HairStrands.SkyLighting.IntegrationType:2]]
[2021.10.22-06.37.22:472][  0]LogConfig: Setting CVar [[r.HairStrands.SkyAO.SampleCount:4]]
[2021.10.22-06.37.22:472][  0]LogConfig: Setting CVar [[r.HairStrands.Visibility.MSAA.SamplePerPixel:4]]
[2021.10.22-06.37.22:472][  0]LogConfig: Applying CVar settings from Section [Startup] File [../../../Engine/Config/ConsoleVariables.ini]
[2021.10.22-06.37.22:473][  0]LogConfig: Setting CVar [[net.UseAdaptiveNetUpdateFrequency:0]]
[2021.10.22-06.37.22:473][  0]LogConfig: Setting CVar [[p.chaos.AllowCreatePhysxBodies:1]]
[2021.10.22-06.37.22:473][  0]LogConfig: Setting CVar [[fx.SkipVectorVMBackendOptimizations:1]]
[2021.10.22-06.37.22:473][  0]LogConfig: Applying CVar settings from Section [ConsoleVariables] File [D:/ue4Project/tencentClassProject/Netshoot/Saved/Config/Windows/Engine.ini]
[2021.10.22-06.37.22:473][  0]LogConfig: Applying CVar settings from Section [ConsoleVariables] File [D:/ue4Project/tencentClassProject/Netshoot/Saved/Config/Windows/Editor.ini]
[2021.10.22-06.37.22:474][  0]LogInit: Computer: DESKTOP-GH4GCSH
[2021.10.22-06.37.22:474][  0]LogInit: User: yanning
[2021.10.22-06.37.22:474][  0]LogInit: CPU Page size=4096, Cores=6
[2021.10.22-06.37.22:474][  0]LogInit: High frequency timer resolution =10.000000 MHz
[2021.10.22-06.37.22:475][  0]LogMemory: Memory total: Physical=15.9GB (16GB approx)
[2021.10.22-06.37.22:475][  0]LogMemory: Platform Memory Stats for Windows
[2021.10.22-06.37.22:475][  0]LogMemory: Process Physical Memory: 135.73 MB used, 135.74 MB peak
[2021.10.22-06.37.22:476][  0]LogMemory: Process Virtual Memory: 113.46 MB used, 113.46 MB peak
[2021.10.22-06.37.22:476][  0]LogMemory: Physical Memory: 4261.98 MB used,  12055.53 MB free, 16317.51 MB total
[2021.10.22-06.37.22:476][  0]LogMemory: Virtual Memory: 134200232.00 MB used,  17499.33 MB free, 134217728.00 MB total
[2021.10.22-06.37.22:482][  0]LogWindows: WindowsPlatformFeatures disabled or dedicated server build
[2021.10.22-06.37.22:513][  0]LogInit: Physics initialised using underlying interface: PhysX
[2021.10.22-06.37.22:513][  0]LogInit: Using OS detected language (zh-CN).
[2021.10.22-06.37.22:514][  0]LogInit: Using OS detected locale (zh-CN).
[2021.10.22-06.37.22:515][  0]LogTextLocalizationManager: No specific localization for 'zh-CN' exists, so the 'zh-Hans' localization will be used.
[2021.10.22-06.37.22:622][  0]LogTextLocalizationResource: LocRes '../../../Engine/Content/Localization/Editor/zh/Editor.locres' could not be opened for reading!
[2021.10.22-06.37.22:622][  0]LogTextLocalizationResource: LocRes '../../../Engine/Content/Localization/EditorTutorials/zh/EditorTutorials.locres' could not be opened for reading!
[2021.10.22-06.37.22:623][  0]LogTextLocalizationResource: LocRes '../../../Engine/Content/Localization/Keywords/zh/Keywords.locres' could not be opened for reading!
[2021.10.22-06.37.22:624][  0]LogTextLocalizationResource: LocRes '../../../Engine/Content/Localization/Category/zh/Category.locres' could not be opened for reading!
[2021.10.22-06.37.22:624][  0]LogTextLocalizationResource: LocRes '../../../Engine/Content/Localization/ToolTips/zh/ToolTips.locres' could not be opened for reading!
[2021.10.22-06.37.22:624][  0]LogTextLocalizationResource: LocRes '../../../Engine/Content/Localization/PropertyNames/zh/PropertyNames.locres' could not be opened for reading!
[2021.10.22-06.37.22:625][  0]LogTextLocalizationResource: LocRes '../../../Engine/Content/Localization/Engine/zh/Engine.locres' could not be opened for reading!
[2021.10.22-06.37.22:625][  0]LogTextLocalizationResource: LocRes '../../../Engine/Plugins/Online/OnlineSubsystem/Content/Localization/OnlineSubsystem/zh/OnlineSubsystem.locres' could not be opened for reading!
[2021.10.22-06.37.22:625][  0]LogTextLocalizationResource: LocRes '../../../Engine/Plugins/Online/OnlineSubsystemUtils/Content/Localization/OnlineSubsystemUtils/zh/OnlineSubsystemUtils.locres' could not be opened for reading!
[2021.10.22-06.37.22:625][  0]LogTextLocalizationResource: LocRes '../../../Engine/Plugins/Online/Android/OnlineSubsystemGooglePlay/Content/Localization/OnlineSubsystemGooglePlay/zh/OnlineSubsystemGooglePlay.locres' could not be opened for reading!
[2021.10.22-06.37.22:626][  0]LogTextLocalizationResource: LocRes '../../../Engine/Plugins/Online/IOS/OnlineSubsystemIOS/Content/Localization/OnlineSubsystemIOS/zh/OnlineSubsystemIOS.locres' could not be opened for reading!
[2021.10.22-06.37.22:865][  0]LogTargetPlatformManager: Display: Loaded TargetPlatform 'AllDesktop'
[2021.10.22-06.37.22:885][  0]LogTargetPlatformManager: Display: Loaded TargetPlatform 'Android'
[2021.10.22-06.37.22:885][  0]LogTargetPlatformManager: Display: Loaded TargetPlatform 'Android_ASTC'
[2021.10.22-06.37.22:885][  0]LogTargetPlatformManager: Display: Loaded TargetPlatform 'Android_DXT'
[2021.10.22-06.37.22:885][  0]LogTargetPlatformManager: Display: Loaded TargetPlatform 'Android_ETC2'
[2021.10.22-06.37.22:886][  0]LogTargetPlatformManager: Display: Loaded TargetPlatform 'AndroidClient'
[2021.10.22-06.37.22:886][  0]LogTargetPlatformManager: Display: Loaded TargetPlatform 'Android_ASTCClient'
[2021.10.22-06.37.22:886][  0]LogTargetPlatformManager: Display: Loaded TargetPlatform 'Android_DXTClient'
[2021.10.22-06.37.22:886][  0]LogTargetPlatformManager: Display: Loaded TargetPlatform 'Android_ETC2Client'
[2021.10.22-06.37.22:887][  0]LogTargetPlatformManager: Display: Loaded TargetPlatform 'Android_Multi'
[2021.10.22-06.37.22:887][  0]LogTargetPlatformManager: Display: Loaded TargetPlatform 'Android_MultiClient'
[2021.10.22-06.37.22:902][  0]LogTargetPlatformManager: Display: Loaded TargetPlatform 'IOSClient'
[2021.10.22-06.37.22:902][  0]LogTargetPlatformManager: Display: Loaded TargetPlatform 'IOS'
[2021.10.22-06.37.22:925][  0]LogTargetPlatformManager: Display: Loaded TargetPlatform 'Lumin'
[2021.10.22-06.37.22:925][  0]LogTargetPlatformManager: Display: Loaded TargetPlatform 'LuminClient'
[2021.10.22-06.37.22:933][  0]LogTargetPlatformManager: Display: Loaded TargetPlatform 'MacNoEditor'
[2021.10.22-06.37.22:937][  0]LogTargetPlatformManager: Display: Loaded TargetPlatform 'Mac'
[2021.10.22-06.37.22:941][  0]LogTargetPlatformManager: Display: Loaded TargetPlatform 'MacClient'
[2021.10.22-06.37.22:944][  0]LogTargetPlatformManager: Display: Loaded TargetPlatform 'MacServer'
[2021.10.22-06.37.22:954][  0]LogTargetPlatformManager: Display: Loaded TargetPlatform 'TVOSClient'
[2021.10.22-06.37.22:954][  0]LogTargetPlatformManager: Display: Loaded TargetPlatform 'TVOS'
[2021.10.22-06.37.22:964][  0]LogTargetPlatformManager: Display: Loaded TargetPlatform 'WindowsNoEditor'
[2021.10.22-06.37.22:969][  0]LogTargetPlatformManager: Display: Loaded TargetPlatform 'Windows'
[2021.10.22-06.37.22:973][  0]LogTargetPlatformManager: Display: Loaded TargetPlatform 'WindowsClient'
[2021.10.22-06.37.22:978][  0]LogTargetPlatformManager: Display: Loaded TargetPlatform 'WindowsServer'
[2021.10.22-06.37.22:978][  0]LogTargetPlatformManager: Display: Building Assets For Windows
[2021.10.22-06.37.22:984][  0]LogAudioDebug: Display: Lib vorbis DLL was dynamically loaded.
[2021.10.22-06.37.23:025][  0]LogTextureFormatOodle: Display: Oodle Texture 2.9.0 init RDO Off
[2021.10.22-06.37.23:054][  0]LogRendererCore: Ray tracing is disabled. Reason: r.RayTracing=0.
[2021.10.22-06.37.23:054][  0]LogShaderCompilers: Guid format shader working directory is -6 characters bigger than the processId version (../../../../../ue4Project/tencentClassProject/Netshoot/Intermediate/Shaders/WorkingDirectory/7188/).
[2021.10.22-06.37.23:055][  0]LogShaderCompilers: Cleaned the shader compiler working directory 'C:/Users/yanning/AppData/Local/Temp/UnrealShaderWorkingDir/FFA829CB4D62BC8B5B6A158C6E93AD8E/'.
[2021.10.22-06.37.23:056][  0]LogXGEController: Cannot use XGE Controller as Incredibuild is not installed on this machine.
[2021.10.22-06.37.23:056][  0]LogShaderCompilers: Cannot use XGE Shader Compiler as Incredibuild is not installed on this machine.
[2021.10.22-06.37.23:057][  0]LogShaderCompilers: Display: Using Local Shader Compiler.
[2021.10.22-06.37.23:589][  0]LogDerivedDataCache: Display: Max Cache Size: 512 MB
[2021.10.22-06.37.23:652][  0]LogDerivedDataCache: Loaded boot cache 0.06s 79MB ../../../../../ue4Project/tencentClassProject/Netshoot/DerivedDataCache/Boot.ddc.
[2021.10.22-06.37.23:653][  0]LogDerivedDataCache: Display: Loaded Boot cache: ../../../../../ue4Project/tencentClassProject/Netshoot/DerivedDataCache/Boot.ddc
[2021.10.22-06.37.23:654][  0]LogDerivedDataCache: FDerivedDataBackendGraph:  Pak pak cache file ../../../../../ue4Project/tencentClassProject/Netshoot/DerivedDataCache/DDC.ddp not found, will not use a pak cache.
[2021.10.22-06.37.23:656][  0]LogDerivedDataCache: Unable to find inner node Pak for hierarchical cache Hierarchy.
[2021.10.22-06.37.23:656][  0]LogDerivedDataCache: FDerivedDataBackendGraph:  EnginePak pak cache file ../../../Engine/DerivedDataCache/DDC.ddp not found, will not use a pak cache.
[2021.10.22-06.37.23:657][  0]LogDerivedDataCache: Unable to find inner node EnginePak for hierarchical cache Hierarchy.
[2021.10.22-06.37.23:662][  0]LogDerivedDataCache: Speed tests for ../../../Engine/DerivedDataCache took 0.00 seconds
[2021.10.22-06.37.23:662][  0]LogDerivedDataCache: Display: Performance to ../../../Engine/DerivedDataCache: Latency=0.01ms. RandomReadSpeed=1389.67MBs, RandomWriteSpeed=231.20MBs. Assigned SpeedClass 'Local'
[2021.10.22-06.37.23:665][  0]LogDerivedDataCache: Using Local data cache path ../../../Engine/DerivedDataCache: Writable
[2021.10.22-06.37.23:665][  0]LogDerivedDataCache: Shared data cache path not found in *engine.ini, will not use an Shared cache.
[2021.10.22-06.37.23:666][  0]LogDerivedDataCache: Unable to find inner node Shared for hierarchical cache Hierarchy.
[2021.10.22-06.37.23:669][  0]LogInit: Using OS detected language (zh-CN).
[2021.10.22-06.37.23:669][  0]LogInit: Using OS detected locale (zh-CN).
[2021.10.22-06.37.23:669][  0]LogTextLocalizationManager: No localization for 'zh-CN' exists, so 'en' will be used for the language.
[2021.10.22-06.37.23:670][  0]LogTextLocalizationManager: No localization for 'zh-CN' exists, so 'en' will be used for the locale.
[2021.10.22-06.37.23:673][  0]LogAssetRegistry: FAssetRegistry took 0.0021 seconds to start up
[2021.10.22-06.37.23:847][  0]LogTextLocalizationManager: Compacting localization data took   0.00ms
[2021.10.22-06.37.23:847][  0]LogPackageLocalizationCache: Processed 27 localized package path(s) for 1 prioritized culture(s) in 0.013800 seconds
[2021.10.22-06.37.23:917][  0]LogInit: Selected Device Profile: [Windows]
[2021.10.22-06.37.23:917][  0]LogInit: Active device profile: [0000019677C1BC00][0000019673DAC500 49] Windows
[2021.10.22-06.37.23:918][  0]LogInit: Profiles: [0000019677C1BC00][0000019673DAC500 49] Windows, [0000019677C43A00][0000019673DBA7C0 49] WindowsNoEditor, [0000019677C1AD00][0000019673DB0A40 49] WindowsServer, [0000019677C42D00][0000019673DBECC0 49] WindowsClient, [0000019677C1B700][0000019673DC6F80 49] IOS, [0000019677C40200][0000019673DCB240 49] iPadAir, [0000019677C1B400][000001967724F500 49] iPadAir2, [0000019677BD1400][0000019677269A40 49] IPadPro, [0000019677BD1500][0000019677253A80 49] iPadAir3, [0000019677C1B500][00000196772601C0 49] iPadAir4, [0000019677BD1900][000001967725C480 49] iPadMini2, [0000019677C1B200][0000019677264740 49] iPadMini3, [0000019677BD1B00][0000019677272A00 49] iPadMini4, [0000019677C19400][0000019673DC2C80 49] iPadMini5, [0000019677BD9000][000001967728B180 49] iPhone6, [0000019677BD9100][00000196772771C0 49] iPodTouch6, [0000019677BD3500][0000019677293700 49] iPhone7, [0000019677BD3800][0000019677283740 49] iPodTouch7, [0000019677BD9700][0000019677287A00 49] iPhone5S, [0000019677BD3200][000001967727E140 49] iPhone6Plus, [0000019677BD9800][000001967728E400 49] iPhone6S, [0000019677BD0C00][00000196772966C0 49] iPhone6SPlus, [0000019677BDB600][000001967729A980 49] iPhone7Plus, [0000019677BD1E00][000001967729EC40 49] iPhoneSE, [0000019677BD8300][000001967727AEC0 49] iPhone8, [0000019677BD2600][00000196772A3140 49] iPhone8Plus, [0000019677BD9500][00000196772AB400 49] iPhoneX, [0000019677BD0200][000001967847F6C0 49] iPhoneXS, [0000019677BDAD00][0000019678483980 49] iPhoneXSMax, [0000019677BD1100][00000196784860C0 49] iPhoneXR, [0000019677BDB200][000001967848A380 49] iPhone11, [0000019677BD3900][000001967848E640 49] iPhone11Pro, [0000019677BDAF00][0000019678492900 49] iPhone11ProMax, [0000019677BD0600][0000019678496BC0 49] iPhoneSE2, [0000019677BDB000][000001967849AE80 49] iPhone12Mini, [0000019677BD3600][00000196772A7100 49] iPhone12, [0000019677BD9600][000001967849F380 49] iPhone12Pro, [0000019677BD3D00][00000196784A7640 49] iPhone12ProMax, [0000019677BDA200][00000196784AB900 49] iPadPro105, [0000019677BD3A00][00000196784AFBC0 49] iPadPro129, [0000019677BD8200][00000196784B2300 49] iPadPro97, [0000019677BD0B00][00000196784B65C0 49] iPadPro2_129, [0000019677BD8600][00000196784BA880 49] iPad5, [0000019677BD3000][00000196784BEB40 49] iPad6, [0000019677BDA100][00000196784C2E00 49] iPad7, [0000019677BD3C00][00000196784C70C0 49] iPad8, [0000019677BDAB00][00000196784A3340 49] iPadPro11, [0000019677BD0700][00000196784CB5C0 49] iPadPro2_11, [0000019677BD8500][00000196784D3880 49] iPadPro3_129, [0000019677BD2A00][00000196784D7B40 49] iPadPro4_129, [0000019677BDB100][00000196784DA280 49] AppleTV, [0000019677BD0900][00000196784DE540 49] AppleTV4K, [0000019677C40100][00000196784E2800 49] TVOS, [0000019677C2F900][00000196784E6AC0 49] Mac, [0000019677BDA000][00000196784EAD80 49] MacClient, [0000019677C2FD00][00000196784EF040 49] MacNoEditor, [0000019677BD9F00][00000196784F3300 49] MacServer, [0000019677C42600][00000196784CF580 49] Linux, [0000019677BD0100][00000196784F7800 49] LinuxAArch64, [0000019677C43100][00000196784FFAC0 49] LinuxNoEditor, [0000019677BD2900][0000019678502200 49] LinuxAArch64NoEditor, [0000019677C42100][00000196785064C0 49] LinuxClient, [0000019677BD2C00][000001967850A780 49] LinuxAArch64Client, [0000019677C43200][000001967850EA40 49] LinuxServer, [0000019677BD0F00][0000019678512D00 49] LinuxAArch64Server, [0000019677C43B00][0000019678516FC0 49] Android, [0000019677BD2700][000001967851B280 49] Android_Low, [0000019677C40700][000001967851F540 49] Android_Mid, [0000019677BD3B00][00000196784FB7C0 49] Android_High, [0000019677C43800][0000019678523A40 49] Android_Default, [0000019677BD0E00][000001967852A180 49] Android_Adreno4xx, [0000019677C42B00][000001967852E440 49] Android_Adreno5xx_Low, [0000019677BD1600][0000019678532700 49] Android_Adreno5xx, [0000019677C42000][00000196785369C0 49] Android_Adreno6xx, [0000019677BD2000][000001967853AC80 49] Android_Adreno6xx_Vulkan, [0000019677BD8B00][000001967853EF40 49] Android_Mali_T6xx, [0000019677C2EB00][0000019678543200 49] Android_Mali_T7xx, [0000019677BD8800][00000196785474C0 49] Android_Mali_T8xx, [0000019677C2E400][000001967854B780 49] Android_Mali_G71, [0000019677BDB300][0000019678527A00 49] Android_Mali_G72, [0000019677C2F100][0000019678552140 49] Android_Mali_G72_Vulkan, [0000019677BDBF00][0000019678556400 49] Android_Mali_G76, [0000019677C2DF00][000001967855A6C0 49] Android_Mali_G76_Vulkan, [0000019677BD9E00][000001967855E980 49] Android_Mali_G77, [0000019677BD3100][0000019678562C40 49] Android_Mali_G77_Vulkan, [0000019677BD8A00][0000019678566F00 49] Android_Mali_G78, [0000019677BD3300][000001967856B1C0 49] Android_Mali_G78_Vulkan, [0000019677BD8900][000001967856F480 49] Android_Mali_G710, [0000019677BD3700][0000019678573740 49] Android_Mali_G710_Vulkan, [0000019677BDA500][000001967854F9C0 49] Android_Vulkan_SM5, [0000019677C2F500][00000196785760C0 49] Android_PowerVR_G6xxx, [0000019677BDA600][000001967857E380 49] Android_PowerVR_GT7xxx, [0000019677C2D000][0000019678582640 49] Android_PowerVR_GE8xxx, [0000019677BD9200][0000019678586900 49] Android_PowerVR_GM9xxx, [0000019677C2DE00][000001967858ABC0 49] Android_PowerVR_GM9xxx_Vulkan, [0000019677BDA400][000001967858EE80 49] Android_TegraK1, [0000019677C2C100][0000019678593140 49] Android_Unknown_Vulkan, [0000019677BD9300][0000019678597400 49] Lumin, [0000019677C2F700][000001967859B6C0 49] Lumin_Desktop, [0000019677C42400][000001967859F980 49] HoloLens, 
[2021.10.22-06.37.23:951][  0]LogMeshReduction: Using QuadricMeshReduction for automatic static mesh reduction
[2021.10.22-06.37.23:952][  0]LogMeshReduction: Using SimplygonMeshReduction for automatic skeletal mesh reduction
[2021.10.22-06.37.23:957][  0]LogMeshReduction: Using ProxyLODMeshReduction for automatic mesh merging
[2021.10.22-06.37.23:961][  0]LogMeshReduction: No distributed automatic mesh merging module available
[2021.10.22-06.37.23:966][  0]LogMeshMerging: No distributed automatic mesh merging module available
[2021.10.22-06.37.23:982][  0]LogNetVersion: Netshoot 1.0.0, NetCL: 0, EngineNetVer: 17, GameNetVer: 0 (Checksum: 2292170303)
[2021.10.22-06.37.24:076][  0]LogTexture: Default maximum texture size for cubemaps generated from long-lat sources has been changed from 512 to unlimited. In order to preserve old behaiour for '/Engine/MapTemplates/Sky/DaylightAmbientCubemap.DaylightAmbientCubemap', its maximum texture size has been explicitly set to 512.
[2021.10.22-06.37.24:091][  0]LogHMD: PokeAHoleMaterial loaded successfully
[2021.10.22-06.37.24:150][  0]LogPython: Using Python 3.7.7
[2021.10.22-06.37.24:596][  0]LogNiagaraDebuggerClient: Niagara Debugger Client Initialized | Session: D0D8FBE641488D03F1FCD795B2911B74 | Instance: 755BB0CA4F52E6DAF4190382FE768B3C (DESKTOP-GH4GCSH-7188).
[2021.10.22-06.37.24:609][  0]LogCollectionManager: Loaded 0 collections in 0.000852 seconds
[2021.10.22-06.37.24:613][  0]LogFileCache: Scanning file cache for directory 'D:/ue4Project/tencentClassProject/Netshoot/Saved/Collections/' took 0.00s
[2021.10.22-06.37.24:613][  0]LogFileCache: Scanning file cache for directory 'D:/ue4Project/tencentClassProject/Netshoot/Content/Developers/yanning/Collections/' took 0.00s
[2021.10.22-06.37.24:613][  0]LogFileCache: Scanning file cache for directory 'D:/ue4Project/tencentClassProject/Netshoot/Content/Collections/' took 0.00s
[2021.10.22-06.37.24:614][  0]LogCollectionManager: Fixed up redirectors for 0 collections in 0.000003 seconds (updated 0 objects)
[2021.10.22-06.37.24:734][  0]SourceControl: Source control is disabled
[2021.10.22-06.37.24:735][  0]SourceControl: Source control is disabled
[2021.10.22-06.37.24:737][  0]SourceControl: Source control is disabled
[2021.10.22-06.37.24:740][  0]LogUProjectInfo: Found projects:
[2021.10.22-06.37.24:780][  0]LogOpenImageDenoise: OIDN starting up
[2021.10.22-06.37.24:796][  0]LogAndroidPermission: UAndroidPermissionCallbackProxy::GetInstance
[2021.10.22-06.37.24:805][  0]LogAudioCaptureCore: Display: No Audio Capture implementations found. Audio input will be silent.
[2021.10.22-06.37.24:805][  0]LogAudioCaptureCore: Display: No Audio Capture implementations found. Audio input will be silent.
[2021.10.22-06.37.24:853][  0]LogOcInput: OculusInput pre-init called
[2021.10.22-06.37.24:862][  0]LogUObjectArray: 21903 objects as part of root set at end of initial load.
[2021.10.22-06.37.24:862][  0]LogUObjectAllocator: 5897856 out of 0 bytes used by permanent object pool.
[2021.10.22-06.37.24:863][  0]LogUObjectArray: CloseDisregardForGC: 0/0 objects in disregard for GC pool
[2021.10.22-06.37.24:897][  0]LogEngine: Initializing Engine...
[2021.10.22-06.37.24:898][  0]LogStats: UGameplayTagsManager::InitializeManager -  0.000 s
[2021.10.22-06.37.24:912][  0]LogInit: Initializing FReadOnlyCVARCache
[2021.10.22-06.37.24:912][  0]LogNetVersion: Set ProjectVersion to 1.0.0.0. Version Checksum will be recalculated on next use.
[2021.10.22-06.37.25:062][  0]LogDerivedDataCache: Saved boot cache 0.15s 79MB ../../../../../ue4Project/tencentClassProject/Netshoot/DerivedDataCache/Boot.ddc.
[2021.10.22-06.37.25:063][  0]LogInit: Texture streaming: Disabled
[2021.10.22-06.37.25:206][  0]LogInit: Display: Game Engine Initialized.
[2021.10.22-06.37.25:206][  0]LogNiagaraEditor: GEditor isn't valid! Particle reset commands will not work for Niagara components!
[2021.10.22-06.37.25:238][  0]LogInit: Display: Starting Game.
[2021.10.22-06.37.25:297][  0]LogPackageName: SearchForPackageOnDisk took   0.058s to resolve Level_01.umap.
[2021.10.22-06.37.25:297][  0]LogNet: Browse: /Game/Maps/Level_01?Name=Player
[2021.10.22-06.37.25:298][  0]LogLoad: LoadMap: /Game/Maps/Level_01?Name=Player
[2021.10.22-06.37.25:298][  0]LogWorld: BeginTearingDown for /Temp/Untitled_0
[2021.10.22-06.37.25:302][  0]LogWorld: UWorld::CleanupWorld for Untitled, bSessionEnded=true, bCleanupResources=true
[2021.10.22-06.37.25:314][  0]LogUObjectHash: Compacting FUObjectHashTables data took   0.80ms
[2021.10.22-06.37.25:569][  0]LogAIModule: Creating AISystem for world Level_01
[2021.10.22-06.37.25:570][  0]LogLoad: Game class is 'MyGameMode_C'
[2021.10.22-06.37.25:571][  0]LogNet: ReplicationDriverClass is null! Not using ReplicationDriver.
[2021.10.22-06.37.25:571][  0]LogNetCore: DDoS detection status: detection enabled: 0 analytics enabled: 0
[2021.10.22-06.37.25:572][  0]LogInit: WinSock: Socket queue. Rx: 131072 (config 131072) Tx: 131072 (config 131072)
[2021.10.22-06.37.25:572][  0]LogNet: Created socket for bind address: 0.0.0.0 on port 7777
[2021.10.22-06.37.25:572][  0]PacketHandlerLog: Loaded PacketHandler component: Engine.EngineHandlerComponentFactory (StatelessConnectHandlerComponent)
[2021.10.22-06.37.25:573][  0]LogNet: GameNetDriver IpNetDriver_0 IpNetDriver listening on port 7777
[2021.10.22-06.37.25:576][  0]LogPhysics: Warning: PopulatePhysXGeometryAndTransform(Convex): ConvexElem has invalid transform
[2021.10.22-06.37.25:577][  0]LogPhysics: Warning: ForeachShape(Convex): ScaledElem[0] invalid
[2021.10.22-06.37.25:579][  0]LogWorld: Bringing World /Game/Maps/Level_01.Level_01 up for play (max tick rate 30) at 2021.10.22-14.37.25
[2021.10.22-06.37.25:580][  0]LogWorld: Bringing up level for play took: 0.006072
[2021.10.22-06.37.25:581][  0]LogGameMode: Display: Match State Changed from EnteringMap to WaitingToStart
[2021.10.22-06.37.25:581][  0]LogGameState: Match State Changed from EnteringMap to WaitingToStart
[2021.10.22-06.37.25:582][  0]LogLoad: Took 0.283905 seconds to LoadMap(/Game/Maps/Level_01)
[2021.10.22-06.37.25:587][  0]LogInit: Display: Engine is initialized. Leaving FEngineLoop::Init()
[2021.10.22-06.37.25:587][  0]LogLoad: (Engine Initialization) Total time: 4.36 seconds
[2021.10.22-06.37.25:587][  0]LogLoad: (Engine Initialization) Total Blueprint compile time: 0.00 seconds
[2021.10.22-06.37.25:918][  9]LogNet: NotifyAcceptingConnection accepted from: 127.0.0.1:60149
[2021.10.22-06.37.25:918][  9]LogHandshake: SendConnectChallenge. Timestamp: 0.329902, Cookie: 196250157083209221041159251105229206107113087160156168037119
[2021.10.22-06.37.25:951][ 10]LogNet: NotifyAcceptingConnection accepted from: 127.0.0.1:60149
[2021.10.22-06.37.25:951][ 10]LogHandshake: SendChallengeAck. InCookie: 196250157083209221041159251105229206107113087160156168037119
[2021.10.22-06.37.25:952][ 10]LogNet: Server accepting post-challenge connection from: 127.0.0.1:60149
[2021.10.22-06.37.25:952][ 10]PacketHandlerLog: Loaded PacketHandler component: Engine.EngineHandlerComponentFactory (StatelessConnectHandlerComponent)
[2021.10.22-06.37.25:953][ 10]LogNet: NotifyAcceptedConnection: Name: Level_01, TimeStamp: 10/22/21 14:37:25, [UNetConnection] RemoteAddr: 127.0.0.1:60149, Name: IpConnection_0, Driver: GameNetDriver IpNetDriver_0, IsServer: YES, PC: NULL, Owner: NULL, UniqueId: INVALID
[2021.10.22-06.37.25:953][ 10]LogNet: AddClientConnection: Added client connection: [UNetConnection] RemoteAddr: 127.0.0.1:60149, Name: IpConnection_0, Driver: GameNetDriver IpNetDriver_0, IsServer: YES, PC: NULL, Owner: NULL, UniqueId: INVALID
[2021.10.22-06.37.25:954][ 10]LogNet: NotifyAcceptingChannel Control 0 server World /Game/Maps/Level_01.Level_01: Accepted
[2021.10.22-06.37.25:954][ 10]LogNet: Remote platform little endian=1
[2021.10.22-06.37.25:954][ 10]LogNet: This platform little endian=1
[2021.10.22-06.37.25:955][ 10]LogNetVersion: Netshoot 1.0.0.0, NetCL: 0, EngineNetVer: 17, GameNetVer: 0 (Checksum: 3847081628)
[2021.10.22-06.37.25:985][ 11]LogNet: Login request: ?Name=DESKTOP-GH4GCSH-E0BD4A784E69D9354C6DE8A98AC45E9B userId: NULL:DESKTOP-GH4GCSH-E0BD4A784E69D9354C6DE8A98AC45E9B platform: NULL
[2021.10.22-06.37.26:249][ 19]LogNet: Client netspeed is 100000
[2021.10.22-06.37.26:249][ 19]LogNet: Join request: /Engine/Maps/Entry?Name=DESKTOP-GH4GCSH-E0BD4A784E69D9354C6DE8A98AC45E9B?SplitscreenCount=1
[2021.10.22-06.37.26:251][ 19]LogOnlineSession: Warning: OSS: No game present to join for session (GameSession)
[2021.10.22-06.37.26:252][ 19]LogGameMode: Display: Match State Changed from WaitingToStart to InProgress
[2021.10.22-06.37.26:254][ 19]LogGameState: Match State Changed from WaitingToStart to InProgress
[2021.10.22-06.37.26:254][ 19]LogNet: Join succeeded: DESKTOP-GH4GCSH-E0BD
[2021.10.22-06.38.32:270][998]LogNet: NotifyAcceptingConnection accepted from: 127.0.0.1:61762
[2021.10.22-06.38.32:270][998]LogHandshake: SendConnectChallenge. Timestamp: 66.681584, Cookie: 212043092109159161018115015101022051203115252074174113027009
[2021.10.22-06.38.32:304][999]LogNet: NotifyAcceptingConnection accepted from: 127.0.0.1:61762
[2021.10.22-06.38.32:304][999]LogHandshake: SendChallengeAck. InCookie: 212043092109159161018115015101022051203115252074174113027009
[2021.10.22-06.38.32:305][999]LogNet: Server accepting post-challenge connection from: 127.0.0.1:61762
[2021.10.22-06.38.32:306][999]PacketHandlerLog: Loaded PacketHandler component: Engine.EngineHandlerComponentFactory (StatelessConnectHandlerComponent)
[2021.10.22-06.38.32:307][999]LogNet: NotifyAcceptedConnection: Name: Level_01, TimeStamp: 10/22/21 14:38:32, [UNetConnection] RemoteAddr: 127.0.0.1:61762, Name: IpConnection_1, Driver: GameNetDriver IpNetDriver_0, IsServer: YES, PC: NULL, Owner: NULL, UniqueId: INVALID
[2021.10.22-06.38.32:307][999]LogNet: AddClientConnection: Added client connection: [UNetConnection] RemoteAddr: 127.0.0.1:61762, Name: IpConnection_1, Driver: GameNetDriver IpNetDriver_0, IsServer: YES, PC: NULL, Owner: NULL, UniqueId: INVALID
[2021.10.22-06.38.32:308][999]LogNet: NotifyAcceptingChannel Control 0 server World /Game/Maps/Level_01.Level_01: Accepted
[2021.10.22-06.38.32:308][999]LogNet: Remote platform little endian=1
[2021.10.22-06.38.32:309][999]LogNet: This platform little endian=1
[2021.10.22-06.38.32:337][  0]LogNet: Login request: ?Name=DESKTOP-GH4GCSH-6E157F434969D11C3A4DA49DB1082945 userId: NULL:DESKTOP-GH4GCSH-6E157F434969D11C3A4DA49DB1082945 platform: NULL
[2021.10.22-06.38.32:638][  9]LogNet: Client netspeed is 100000
[2021.10.22-06.38.32:638][  9]LogNet: Join request: /Engine/Maps/Entry?Name=DESKTOP-GH4GCSH-6E157F434969D11C3A4DA49DB1082945?SplitscreenCount=1
[2021.10.22-06.38.32:640][  9]LogOnlineSession: Warning: OSS: No game present to join for session (GameSession)
[2021.10.22-06.38.32:642][  9]LogNet: Join succeeded: DESKTOP-GH4GCSH-6E15
[2021.10.22-06.38.53:886][643]LogNet: UChannel::ReceivedSequencedBunch: Bunch.bClose == true. ChIndex == 0. Calling ConditionalCleanUp.
[2021.10.22-06.38.53:886][643]LogNet: UChannel::CleanUp: ChIndex == 0. Closing connection. [UChannel] ChIndex: 0, Closing: 0 [UNetConnection] RemoteAddr: 127.0.0.1:61762, Name: IpConnection_1, Driver: GameNetDriver IpNetDriver_0, IsServer: YES, PC: MyPlayerController_C_1, Owner: MyPlayerController_C_1, UniqueId: NULL:DESKTOP-GH4GCSH-6E157F434969D11C3A4DA49DB1082945
[2021.10.22-06.38.53:887][643]LogNet: UNetConnection::Close: [UNetConnection] RemoteAddr: 127.0.0.1:61762, Name: IpConnection_1, Driver: GameNetDriver IpNetDriver_0, IsServer: YES, PC: MyPlayerController_C_1, Owner: MyPlayerController_C_1, UniqueId: NULL:DESKTOP-GH4GCSH-6E157F434969D11C3A4DA49DB1082945, Channels: 13, Time: 2021.10.22-06.38.53
[2021.10.22-06.38.53:887][643]LogNet: UChannel::Close: Sending CloseBunch. ChIndex == 0. Name: [UChannel] ChIndex: 0, Closing: 0 [UNetConnection] RemoteAddr: 127.0.0.1:61762, Name: IpConnection_1, Driver: GameNetDriver IpNetDriver_0, IsServer: YES, PC: MyPlayerController_C_1, Owner: MyPlayerController_C_1, UniqueId: NULL:DESKTOP-GH4GCSH-6E157F434969D11C3A4DA49DB1082945
[2021.10.22-06.38.53:888][643]LogOnlineSession: Warning: OSS: No game present to leave for session (GameSession)
[2021.10.22-06.38.57:800][760]LogNet: UChannel::ReceivedSequencedBunch: Bunch.bClose == true. ChIndex == 0. Calling ConditionalCleanUp.
[2021.10.22-06.38.57:800][760]LogNet: UChannel::CleanUp: ChIndex == 0. Closing connection. [UChannel] ChIndex: 0, Closing: 0 [UNetConnection] RemoteAddr: 127.0.0.1:60149, Name: IpConnection_0, Driver: GameNetDriver IpNetDriver_0, IsServer: YES, PC: MyPlayerController_C_0, Owner: MyPlayerController_C_0, UniqueId: NULL:DESKTOP-GH4GCSH-E0BD4A784E69D9354C6DE8A98AC45E9B
[2021.10.22-06.38.57:803][760]LogNet: UNetConnection::Close: [UNetConnection] RemoteAddr: 127.0.0.1:60149, Name: IpConnection_0, Driver: GameNetDriver IpNetDriver_0, IsServer: YES, PC: MyPlayerController_C_0, Owner: MyPlayerController_C_0, UniqueId: NULL:DESKTOP-GH4GCSH-E0BD4A784E69D9354C6DE8A98AC45E9B, Channels: 11, Time: 2021.10.22-06.38.57
[2021.10.22-06.38.57:805][760]LogNet: UChannel::Close: Sending CloseBunch. ChIndex == 0. Name: [UChannel] ChIndex: 0, Closing: 0 [UNetConnection] RemoteAddr: 127.0.0.1:60149, Name: IpConnection_0, Driver: GameNetDriver IpNetDriver_0, IsServer: YES, PC: MyPlayerController_C_0, Owner: MyPlayerController_C_0, UniqueId: NULL:DESKTOP-GH4GCSH-E0BD4A784E69D9354C6DE8A98AC45E9B
[2021.10.22-06.38.57:814][760]LogOnlineSession: Warning: OSS: No game present to leave for session (GameSession)
